# JRE version: OpenJDK Runtime Environment Microsoft-11369865 (17.0.15+6) (build 17.0.15+6-LTS)
# Java VM: OpenJDK 64-Bit Server VM Microsoft-11369865 (17.0.15+6-LTS, mixed mode, sharing, tiered, compressed oops, compressed class ptrs, g1 gc, windows-amd64)
GC Precious Log:
 CPUs: 12 total, 12 available
 Memory: 7835M
 Large Page Support: Disabled
 NUMA Support: Disabled
 Compressed Oops: Enabled (32-bit)
 Heap Region Size: 1M
 Heap Min Capacity: 256M
 Heap Initial Capacity: 256M
 Heap Max Capacity: 512M
 Pre-touch: Disabled
 Parallel Workers: 10
 Concurrent Workers: 3
 Concurrent Refinement Workers: 10
 Periodic GC: Disabled
Heap:
 garbage-first heap   total 262144K, used 210354K [0x00000000e0000000, 0x0000000100000000)
  region size 1024K, 152 young (155648K), 12 survivors (12288K)
 Metaspace       used 58562K, committed 59328K, reserved 393216K
  class space    used 8038K, committed 8384K, reserved 327680K
GC Heap History (16 events):
Event: 0.747 GC heap before
{Heap before GC invocations=0 (full 0):
 garbage-first heap   total 262144K, used 26624K [0x00000000e0000000, 0x0000000100000000)
  region size 1024K, 23 young (23552K), 0 survivors (0K)
 Metaspace       used 1141K, committed 1280K, reserved 393216K
  class space    used 83K, committed 128K, reserved 327680K
}
Event: 0.751 GC heap after
{Heap after GC invocations=1 (full 0):
 garbage-first heap   total 262144K, used 10196K [0x00000000e0000000, 0x0000000100000000)
  region size 1024K, 3 young (3072K), 3 survivors (3072K)
 Metaspace       used 1141K, committed 1280K, reserved 393216K
  class space    used 83K, committed 128K, reserved 327680K
}
Event: 1.759 GC heap before
{Heap before GC invocations=1 (full 0):
 garbage-first heap   total 262144K, used 39892K [0x00000000e0000000, 0x0000000100000000)
  region size 1024K, 32 young (32768K), 3 survivors (3072K)
 Metaspace       used 4269K, committed 4480K, reserved 393216K
  class space    used 535K, committed 640K, reserved 327680K
}
Event: 1.763 GC heap after
{Heap after GC invocations=2 (full 0):
 garbage-first heap   total 262144K, used 11892K [0x00000000e0000000, 0x0000000100000000)
  region size 1024K, 2 young (2048K), 2 survivors (2048K)
 Metaspace       used 4269K, committed 4480K, reserved 393216K
  class space    used 535K, committed 640K, reserved 327680K
}
Event: 6.259 GC heap before
{Heap before GC invocations=2 (full 0):
 garbage-first heap   total 262144K, used 158324K [0x00000000e0000000, 0x0000000100000000)
  region size 1024K, 144 young (147456K), 2 survivors (2048K)
 Metaspace       used 21153K, committed 21504K, reserved 393216K
  class space    used 3095K, committed 3264K, reserved 327680K
}
Event: 6.273 GC heap after
{Heap after GC invocations=3 (full 0):
 garbage-first heap   total 262144K, used 24142K [0x00000000e0000000, 0x0000000100000000)
  region size 1024K, 13 young (13312K), 13 survivors (13312K)
 Metaspace       used 21153K, committed 21504K, reserved 393216K
  class space    used 3095K, committed 3264K, reserved 327680K
}
Event: 9.316 GC heap before
{Heap before GC invocations=4 (full 0):
 garbage-first heap   total 262144K, used 126542K [0x00000000e0000000, 0x0000000100000000)
  region size 1024K, 115 young (117760K), 13 survivors (13312K)
 Metaspace       used 35528K, committed 35968K, reserved 393216K
  class space    used 5042K, committed 5248K, reserved 327680K
}
Event: 9.331 GC heap after
{Heap after GC invocations=5 (full 0):
 garbage-first heap   total 262144K, used 32662K [0x00000000e0000000, 0x0000000100000000)
  region size 1024K, 9 young (9216K), 9 survivors (9216K)
 Metaspace       used 35528K, committed 35968K, reserved 393216K
  class space    used 5042K, committed 5248K, reserved 327680K
}
Event: 9.374 GC heap before
{Heap before GC invocations=5 (full 0):
 garbage-first heap   total 262144K, used 35734K [0x00000000e0000000, 0x0000000100000000)
  region size 1024K, 12 young (12288K), 9 survivors (9216K)
 Metaspace       used 35705K, committed 36160K, reserved 393216K
  class space    used 5056K, committed 5248K, reserved 327680K
}
Event: 9.382 GC heap after
{Heap after GC invocations=6 (full 0):
 garbage-first heap   total 262144K, used 33226K [0x00000000e0000000, 0x0000000100000000)
  region size 1024K, 2 young (2048K), 2 survivors (2048K)
 Metaspace       used 35705K, committed 36160K, reserved 393216K
  class space    used 5056K, committed 5248K, reserved 327680K
}
Event: 9.514 GC heap before
{Heap before GC invocations=6 (full 0):
 garbage-first heap   total 262144K, used 48586K [0x00000000e0000000, 0x0000000100000000)
  region size 1024K, 18 young (18432K), 2 survivors (2048K)
 Metaspace       used 35875K, committed 36288K, reserved 393216K
  class space    used 5070K, committed 5248K, reserved 327680K
}
Event: 9.516 GC heap after
{Heap after GC invocations=7 (full 0):
 garbage-first heap   total 262144K, used 33504K [0x00000000e0000000, 0x0000000100000000)
  region size 1024K, 2 young (2048K), 2 survivors (2048K)
 Metaspace       used 35875K, committed 36288K, reserved 393216K
  class space    used 5070K, committed 5248K, reserved 327680K
}
Event: 13.595 GC heap before
{Heap before GC invocations=8 (full 0):
 garbage-first heap   total 262144K, used 194272K [0x00000000e0000000, 0x0000000100000000)
  region size 1024K, 153 young (156672K), 2 survivors (2048K)
 Metaspace       used 48767K, committed 49344K, reserved 393216K
  class space    used 6874K, committed 7168K, reserved 327680K
}
Event: 13.612 GC heap after
{Heap after GC invocations=9 (full 0):
 garbage-first heap   total 262144K, used 44629K [0x00000000e0000000, 0x0000000100000000)
  region size 1024K, 13 young (13312K), 13 survivors (13312K)
 Metaspace       used 48767K, committed 49344K, reserved 393216K
  class space    used 6874K, committed 7168K, reserved 327680K
}
Event: 17.884 GC heap before
{Heap before GC invocations=9 (full 0):
 garbage-first heap   total 262144K, used 192085K [0x00000000e0000000, 0x0000000100000000)
  region size 1024K, 153 young (156672K), 13 survivors (13312K)
 Metaspace       used 51126K, committed 51776K, reserved 393216K
  class space    used 7094K, committed 7424K, reserved 327680K
}
Event: 17.904 GC heap after
{Heap after GC invocations=10 (full 0):
 garbage-first heap   total 262144K, used 59826K [0x00000000e0000000, 0x0000000100000000)
  region size 1024K, 12 young (12288K), 12 survivors (12288K)
 Metaspace       used 51126K, committed 51776K, reserved 393216K
  class space    used 7094K, committed 7424K, reserved 327680K
}

