# JRE version: OpenJDK Runtime Environment Microsoft-11369865 (17.0.15+6) (build 17.0.15+6-LTS)
# Java VM: OpenJDK 64-Bit Server VM Microsoft-11369865 (17.0.15+6-LTS, mixed mode, sharing, tiered, compressed oops, compressed class ptrs, g1 gc, windows-amd64)
GC Precious Log:
 CPUs: 12 total, 12 available
 Memory: 7835M
 Large Page Support: Disabled
 NUMA Support: Disabled
 Compressed Oops: Enabled (32-bit)
 Heap Region Size: 1M
 Heap Min Capacity: 256M
 Heap Initial Capacity: 256M
 Heap Max Capacity: 512M
 Pre-touch: Disabled
 Parallel Workers: 10
 Concurrent Workers: 3
 Concurrent Refinement Workers: 10
 Periodic GC: Disabled
Heap:
 garbage-first heap   total 262144K, used 194829K [0x00000000e0000000, 0x0000000100000000)
  region size 1024K, 76 young (77824K), 6 survivors (6144K)
 Metaspace       used 93233K, committed 94208K, reserved 458752K
  class space    used 12609K, committed 13056K, reserved 327680K
GC Heap History (20 events):
Event: 20.551 GC heap before
{Heap before GC invocations=10 (full 0):
 garbage-first heap   total 262144K, used 204467K [0x00000000e0000000, 0x0000000100000000)
  region size 1024K, 139 young (142336K), 14 survivors (14336K)
 Metaspace       used 59153K, committed 59840K, reserved 393216K
  class space    used 8062K, committed 8384K, reserved 327680K
}
Event: 20.573 GC heap after
{Heap after GC invocations=11 (full 0):
 garbage-first heap   total 262144K, used 86764K [0x00000000e0000000, 0x0000000100000000)
  region size 1024K, 11 young (11264K), 11 survivors (11264K)
 Metaspace       used 59153K, committed 59840K, reserved 393216K
  class space    used 8062K, committed 8384K, reserved 327680K
}
Event: 20.719 GC heap before
{Heap before GC invocations=11 (full 0):
 garbage-first heap   total 262144K, used 92908K [0x00000000e0000000, 0x0000000100000000)
  region size 1024K, 16 young (16384K), 11 survivors (11264K)
 Metaspace       used 59358K, committed 60096K, reserved 393216K
  class space    used 8090K, committed 8448K, reserved 327680K
}
Event: 20.729 GC heap after
{Heap after GC invocations=12 (full 0):
 garbage-first heap   total 262144K, used 91752K [0x00000000e0000000, 0x0000000100000000)
  region size 1024K, 3 young (3072K), 3 survivors (3072K)
 Metaspace       used 59358K, committed 60096K, reserved 393216K
  class space    used 8090K, committed 8448K, reserved 327680K
}
Event: 22.577 GC heap before
{Heap before GC invocations=13 (full 0):
 garbage-first heap   total 262144K, used 182888K [0x00000000e0000000, 0x0000000100000000)
  region size 1024K, 91 young (93184K), 3 survivors (3072K)
 Metaspace       used 66930K, committed 67712K, reserved 393216K
  class space    used 9090K, committed 9472K, reserved 327680K
}
Event: 22.582 GC heap after
{Heap after GC invocations=14 (full 0):
 garbage-first heap   total 262144K, used 96994K [0x00000000e0000000, 0x0000000100000000)
  region size 1024K, 7 young (7168K), 7 survivors (7168K)
 Metaspace       used 66930K, committed 67712K, reserved 393216K
  class space    used 9090K, committed 9472K, reserved 327680K
}
Event: 22.699 GC heap before
{Heap before GC invocations=14 (full 0):
 garbage-first heap   total 262144K, used 102114K [0x00000000e0000000, 0x0000000100000000)
  region size 1024K, 12 young (12288K), 7 survivors (7168K)
 Metaspace       used 67245K, committed 68032K, reserved 393216K
  class space    used 9116K, committed 9536K, reserved 327680K
}
Event: 22.707 GC heap after
{Heap after GC invocations=15 (full 0):
 garbage-first heap   total 262144K, used 97632K [0x00000000e0000000, 0x0000000100000000)
  region size 1024K, 2 young (2048K), 2 survivors (2048K)
 Metaspace       used 67245K, committed 68032K, reserved 393216K
  class space    used 9116K, committed 9536K, reserved 327680K
}
Event: 24.532 GC heap before
{Heap before GC invocations=15 (full 0):
 garbage-first heap   total 262144K, used 193888K [0x00000000e0000000, 0x0000000100000000)
  region size 1024K, 92 young (94208K), 2 survivors (2048K)
 Metaspace       used 72099K, committed 72896K, reserved 393216K
  class space    used 9858K, committed 10240K, reserved 327680K
}
Event: 24.540 GC heap after
{Heap after GC invocations=16 (full 0):
 garbage-first heap   total 262144K, used 106632K [0x00000000e0000000, 0x0000000100000000)
  region size 1024K, 7 young (7168K), 7 survivors (7168K)
 Metaspace       used 72099K, committed 72896K, reserved 393216K
  class space    used 9858K, committed 10240K, reserved 327680K
}
Event: 26.715 GC heap before
{Heap before GC invocations=16 (full 0):
 garbage-first heap   total 262144K, used 196744K [0x00000000e0000000, 0x0000000100000000)
  region size 1024K, 95 young (97280K), 7 survivors (7168K)
 Metaspace       used 78750K, committed 79552K, reserved 458752K
  class space    used 10933K, committed 11328K, reserved 327680K
}
Event: 26.723 GC heap after
{Heap after GC invocations=17 (full 0):
 garbage-first heap   total 262144K, used 111553K [0x00000000e0000000, 0x0000000100000000)
  region size 1024K, 11 young (11264K), 11 survivors (11264K)
 Metaspace       used 78750K, committed 79552K, reserved 458752K
  class space    used 10933K, committed 11328K, reserved 327680K
}
Event: 28.888 GC heap before
{Heap before GC invocations=17 (full 0):
 garbage-first heap   total 262144K, used 201665K [0x00000000e0000000, 0x0000000100000000)
  region size 1024K, 99 young (101376K), 11 survivors (11264K)
 Metaspace       used 81510K, committed 82368K, reserved 458752K
  class space    used 11285K, committed 11712K, reserved 327680K
}
Event: 28.904 GC heap after
{Heap after GC invocations=18 (full 0):
 garbage-first heap   total 262144K, used 114853K [0x00000000e0000000, 0x0000000100000000)
  region size 1024K, 8 young (8192K), 8 survivors (8192K)
 Metaspace       used 81510K, committed 82368K, reserved 458752K
  class space    used 11285K, committed 11712K, reserved 327680K
}
Event: 30.297 GC heap before
{Heap before GC invocations=18 (full 0):
 garbage-first heap   total 262144K, used 205989K [0x00000000e0000000, 0x0000000100000000)
  region size 1024K, 98 young (100352K), 8 survivors (8192K)
 Metaspace       used 83682K, committed 84544K, reserved 458752K
  class space    used 11538K, committed 11968K, reserved 327680K
}
Event: 30.306 GC heap after
{Heap after GC invocations=19 (full 0):
 garbage-first heap   total 262144K, used 122508K [0x00000000e0000000, 0x0000000100000000)
  region size 1024K, 11 young (11264K), 11 survivors (11264K)
 Metaspace       used 83682K, committed 84544K, reserved 458752K
  class space    used 11538K, committed 11968K, reserved 327680K
}
Event: 31.901 GC heap before
{Heap before GC invocations=19 (full 0):
 garbage-first heap   total 262144K, used 208524K [0x00000000e0000000, 0x0000000100000000)
  region size 1024K, 96 young (98304K), 11 survivors (11264K)
 Metaspace       used 86683K, committed 87616K, reserved 458752K
  class space    used 11867K, committed 12288K, reserved 327680K
}
Event: 31.916 GC heap after
{Heap after GC invocations=20 (full 0):
 garbage-first heap   total 262144K, used 124069K [0x00000000e0000000, 0x0000000100000000)
  region size 1024K, 4 young (4096K), 4 survivors (4096K)
 Metaspace       used 86683K, committed 87616K, reserved 458752K
  class space    used 11867K, committed 12288K, reserved 327680K
}
Event: 33.352 GC heap before
{Heap before GC invocations=20 (full 0):
 garbage-first heap   total 262144K, used 211109K [0x00000000e0000000, 0x0000000100000000)
  region size 1024K, 90 young (92160K), 4 survivors (4096K)
 Metaspace       used 88015K, committed 88896K, reserved 458752K
  class space    used 11991K, committed 12416K, reserved 327680K
}
Event: 33.358 GC heap after
{Heap after GC invocations=21 (full 0):
 garbage-first heap   total 262144K, used 125197K [0x00000000e0000000, 0x0000000100000000)
  region size 1024K, 6 young (6144K), 6 survivors (6144K)
 Metaspace       used 88015K, committed 88896K, reserved 458752K
  class space    used 11991K, committed 12416K, reserved 327680K
}

