# JRE version: OpenJDK Runtime Environment Microsoft-11369865 (17.0.15+6) (build 17.0.15+6-LTS)
# Java VM: OpenJDK 64-Bit Server VM Microsoft-11369865 (17.0.15+6-LTS, mixed mode, sharing, tiered, compressed oops, compressed class ptrs, g1 gc, windows-amd64)
GC Precious Log:
 CPUs: 12 total, 12 available
 Memory: 7835M
 Large Page Support: Disabled
 NUMA Support: Disabled
 Compressed Oops: Enabled (32-bit)
 Heap Region Size: 1M
 Heap Min Capacity: 256M
 Heap Initial Capacity: 256M
 Heap Max Capacity: 512M
 Pre-touch: Disabled
 Parallel Workers: 10
 Concurrent Workers: 3
 Concurrent Refinement Workers: 10
 Periodic GC: Disabled
Heap:
 garbage-first heap   total 271360K, used 218198K [0x00000000e0000000, 0x0000000100000000)
  region size 1024K, 72 young (73728K), 10 survivors (10240K)
 Metaspace       used 78911K, committed 79616K, reserved 458752K
  class space    used 10806K, committed 11136K, reserved 327680K
GC Heap History (20 events):
Event: 22.564 GC heap before
{Heap before GC invocations=40 (full 0):
 garbage-first heap   total 271360K, used 142974K [0x00000000e0000000, 0x0000000100000000)
  region size 1024K, 13 young (13312K), 5 survivors (5120K)
 Metaspace       used 52842K, committed 53440K, reserved 393216K
  class space    used 7284K, committed 7552K, reserved 327680K
}
Event: 22.570 GC heap after
{Heap after GC invocations=41 (full 0):
 garbage-first heap   total 271360K, used 125197K [0x00000000e0000000, 0x0000000100000000)
  region size 1024K, 1 young (1024K), 1 survivors (1024K)
 Metaspace       used 52842K, committed 53440K, reserved 393216K
  class space    used 7284K, committed 7552K, reserved 327680K
}
Event: 22.933 GC heap before
{Heap before GC invocations=41 (full 0):
 garbage-first heap   total 271360K, used 182541K [0x00000000e0000000, 0x0000000100000000)
  region size 1024K, 58 young (59392K), 1 survivors (1024K)
 Metaspace       used 52860K, committed 53440K, reserved 393216K
  class space    used 7285K, committed 7552K, reserved 327680K
}
Event: 22.934 GC heap after
{Heap after GC invocations=42 (full 0):
 garbage-first heap   total 271360K, used 124605K [0x00000000e0000000, 0x0000000100000000)
  region size 1024K, 1 young (1024K), 1 survivors (1024K)
 Metaspace       used 52860K, committed 53440K, reserved 393216K
  class space    used 7285K, committed 7552K, reserved 327680K
}
Event: 23.539 GC heap before
{Heap before GC invocations=43 (full 0):
 garbage-first heap   total 271360K, used 233149K [0x00000000e0000000, 0x0000000100000000)
  region size 1024K, 106 young (108544K), 1 survivors (1024K)
 Metaspace       used 52860K, committed 53440K, reserved 393216K
  class space    used 7285K, committed 7552K, reserved 327680K
}
Event: 23.542 GC heap after
{Heap after GC invocations=44 (full 0):
 garbage-first heap   total 271360K, used 124049K [0x00000000e0000000, 0x0000000100000000)
  region size 1024K, 1 young (1024K), 1 survivors (1024K)
 Metaspace       used 52860K, committed 53440K, reserved 393216K
  class space    used 7285K, committed 7552K, reserved 327680K
}
Event: 23.609 GC heap before
{Heap before GC invocations=44 (full 0):
 garbage-first heap   total 271360K, used 135313K [0x00000000e0000000, 0x0000000100000000)
  region size 1024K, 13 young (13312K), 1 survivors (1024K)
 Metaspace       used 52860K, committed 53440K, reserved 393216K
  class space    used 7285K, committed 7552K, reserved 327680K
}
Event: 23.612 GC heap after
{Heap after GC invocations=45 (full 0):
 garbage-first heap   total 271360K, used 118288K [0x00000000e0000000, 0x0000000100000000)
  region size 1024K, 1 young (1024K), 1 survivors (1024K)
 Metaspace       used 52860K, committed 53440K, reserved 393216K
  class space    used 7285K, committed 7552K, reserved 327680K
}
Event: 24.241 GC heap before
{Heap before GC invocations=45 (full 0):
 garbage-first heap   total 271360K, used 234000K [0x00000000e0000000, 0x0000000100000000)
  region size 1024K, 113 young (115712K), 1 survivors (1024K)
 Metaspace       used 52860K, committed 53440K, reserved 393216K
  class space    used 7285K, committed 7552K, reserved 327680K
}
Event: 24.243 GC heap after
{Heap after GC invocations=46 (full 0):
 garbage-first heap   total 271360K, used 119396K [0x00000000e0000000, 0x0000000100000000)
  region size 1024K, 2 young (2048K), 2 survivors (2048K)
 Metaspace       used 52860K, committed 53440K, reserved 393216K
  class space    used 7285K, committed 7552K, reserved 327680K
}
Event: 24.851 GC heap before
{Heap before GC invocations=46 (full 0):
 garbage-first heap   total 271360K, used 234084K [0x00000000e0000000, 0x0000000100000000)
  region size 1024K, 114 young (116736K), 2 survivors (2048K)
 Metaspace       used 52860K, committed 53440K, reserved 393216K
  class space    used 7285K, committed 7552K, reserved 327680K
}
Event: 24.853 GC heap after
{Heap after GC invocations=47 (full 0):
 garbage-first heap   total 271360K, used 119206K [0x00000000e0000000, 0x0000000100000000)
  region size 1024K, 2 young (2048K), 2 survivors (2048K)
 Metaspace       used 52860K, committed 53440K, reserved 393216K
  class space    used 7285K, committed 7552K, reserved 327680K
}
Event: 25.197 GC heap before
{Heap before GC invocations=47 (full 0):
 garbage-first heap   total 271360K, used 134566K [0x00000000e0000000, 0x0000000100000000)
  region size 1024K, 13 young (13312K), 2 survivors (2048K)
 Metaspace       used 53142K, committed 53760K, reserved 393216K
  class space    used 7321K, committed 7616K, reserved 327680K
}
Event: 25.199 GC heap after
{Heap after GC invocations=48 (full 0):
 garbage-first heap   total 271360K, used 127020K [0x00000000e0000000, 0x0000000100000000)
  region size 1024K, 4 young (4096K), 4 survivors (4096K)
 Metaspace       used 53142K, committed 53760K, reserved 393216K
  class space    used 7321K, committed 7616K, reserved 327680K
}
Event: 27.239 GC heap before
{Heap before GC invocations=48 (full 0):
 garbage-first heap   total 271360K, used 239660K [0x00000000e0000000, 0x0000000100000000)
  region size 1024K, 108 young (110592K), 4 survivors (4096K)
 Metaspace       used 58930K, committed 59584K, reserved 393216K
  class space    used 8122K, committed 8448K, reserved 327680K
}
Event: 27.245 GC heap after
{Heap after GC invocations=49 (full 0):
 garbage-first heap   total 271360K, used 138929K [0x00000000e0000000, 0x0000000100000000)
  region size 1024K, 11 young (11264K), 11 survivors (11264K)
 Metaspace       used 58930K, committed 59584K, reserved 393216K
  class space    used 8122K, committed 8448K, reserved 327680K
}
Event: 29.332 GC heap before
{Heap before GC invocations=49 (full 0):
 garbage-first heap   total 271360K, used 236209K [0x00000000e0000000, 0x0000000100000000)
  region size 1024K, 101 young (103424K), 11 survivors (11264K)
 Metaspace       used 66254K, committed 66944K, reserved 393216K
  class space    used 9085K, committed 9408K, reserved 327680K
}
Event: 29.340 GC heap after
{Heap after GC invocations=50 (full 0):
 garbage-first heap   total 271360K, used 146840K [0x00000000e0000000, 0x0000000100000000)
  region size 1024K, 13 young (13312K), 13 survivors (13312K)
 Metaspace       used 66254K, committed 66944K, reserved 393216K
  class space    used 9085K, committed 9408K, reserved 327680K
}
Event: 31.529 GC heap before
{Heap before GC invocations=50 (full 0):
 garbage-first heap   total 271360K, used 231832K [0x00000000e0000000, 0x0000000100000000)
  region size 1024K, 94 young (96256K), 13 survivors (13312K)
 Metaspace       used 73557K, committed 74176K, reserved 393216K
  class space    used 10069K, committed 10368K, reserved 327680K
}
Event: 31.536 GC heap after
{Heap after GC invocations=51 (full 0):
 garbage-first heap   total 271360K, used 152662K [0x00000000e0000000, 0x0000000100000000)
  region size 1024K, 10 young (10240K), 10 survivors (10240K)
 Metaspace       used 73557K, committed 74176K, reserved 393216K
  class space    used 10069K, committed 10368K, reserved 327680K
}

