# JRE version: OpenJDK Runtime Environment Microsoft-11369865 (17.0.15+6) (build 17.0.15+6-LTS)
# Java VM: OpenJDK 64-Bit Server VM Microsoft-11369865 (17.0.15+6-LTS, mixed mode, sharing, tiered, compressed oops, compressed class ptrs, g1 gc, windows-amd64)
GC Precious Log:
 CPUs: 12 total, 12 available
 Memory: 7835M
 Large Page Support: Disabled
 NUMA Support: Disabled
 Compressed Oops: Enabled (32-bit)
 Heap Region Size: 1M
 Heap Min Capacity: 256M
 Heap Initial Capacity: 256M
 Heap Max Capacity: 512M
 Pre-touch: Disabled
 Parallel Workers: 10
 Concurrent Workers: 3
 Concurrent Refinement Workers: 10
 Periodic GC: Disabled
Heap:
 garbage-first heap   total 262144K, used 168789K [0x00000000e0000000, 0x0000000100000000)
  region size 1024K, 108 young (110592K), 17 survivors (17408K)
 Metaspace       used 73940K, committed 74624K, reserved 393216K
  class space    used 10391K, committed 10688K, reserved 327680K
GC Heap History (20 events):
Event: 0.990 GC heap before
{Heap before GC invocations=1 (full 0):
 garbage-first heap   total 262144K, used 40160K [0x00000000e0000000, 0x0000000100000000)
  region size 1024K, 32 young (32768K), 3 survivors (3072K)
 Metaspace       used 4252K, committed 4416K, reserved 393216K
  class space    used 535K, committed 640K, reserved 327680K
}
Event: 0.994 GC heap after
{Heap after GC invocations=2 (full 0):
 garbage-first heap   total 262144K, used 12053K [0x00000000e0000000, 0x0000000100000000)
  region size 1024K, 2 young (2048K), 2 survivors (2048K)
 Metaspace       used 4252K, committed 4416K, reserved 393216K
  class space    used 535K, committed 640K, reserved 327680K
}
Event: 2.739 GC heap before
{Heap before GC invocations=2 (full 0):
 garbage-first heap   total 262144K, used 116501K [0x00000000e0000000, 0x0000000100000000)
  region size 1024K, 102 young (104448K), 2 survivors (2048K)
 Metaspace       used 16300K, committed 16576K, reserved 393216K
  class space    used 2286K, committed 2368K, reserved 327680K
}
Event: 2.746 GC heap after
{Heap after GC invocations=3 (full 0):
 garbage-first heap   total 262144K, used 22025K [0x00000000e0000000, 0x0000000100000000)
  region size 1024K, 11 young (11264K), 11 survivors (11264K)
 Metaspace       used 16300K, committed 16576K, reserved 393216K
  class space    used 2286K, committed 2368K, reserved 327680K
}
Event: 3.564 GC heap before
{Heap before GC invocations=3 (full 0):
 garbage-first heap   total 262144K, used 65033K [0x00000000e0000000, 0x0000000100000000)
  region size 1024K, 54 young (55296K), 11 survivors (11264K)
 Metaspace       used 21203K, committed 21504K, reserved 393216K
  class space    used 3103K, committed 3264K, reserved 327680K
}
Event: 3.571 GC heap after
{Heap after GC invocations=4 (full 0):
 garbage-first heap   total 262144K, used 24957K [0x00000000e0000000, 0x0000000100000000)
  region size 1024K, 12 young (12288K), 12 survivors (12288K)
 Metaspace       used 21203K, committed 21504K, reserved 393216K
  class space    used 3103K, committed 3264K, reserved 327680K
}
Event: 5.813 GC heap before
{Heap before GC invocations=5 (full 0):
 garbage-first heap   total 262144K, used 129405K [0x00000000e0000000, 0x0000000100000000)
  region size 1024K, 116 young (118784K), 12 survivors (12288K)
 Metaspace       used 35507K, committed 35968K, reserved 393216K
  class space    used 5040K, committed 5248K, reserved 327680K
}
Event: 5.826 GC heap after
{Heap after GC invocations=6 (full 0):
 garbage-first heap   total 262144K, used 32709K [0x00000000e0000000, 0x0000000100000000)
  region size 1024K, 11 young (11264K), 11 survivors (11264K)
 Metaspace       used 35507K, committed 35968K, reserved 393216K
  class space    used 5040K, committed 5248K, reserved 327680K
}
Event: 5.844 GC heap before
{Heap before GC invocations=6 (full 0):
 garbage-first heap   total 262144K, used 33733K [0x00000000e0000000, 0x0000000100000000)
  region size 1024K, 12 young (12288K), 11 survivors (11264K)
 Metaspace       used 35668K, committed 36160K, reserved 393216K
  class space    used 5053K, committed 5248K, reserved 327680K
}
Event: 5.853 GC heap after
{Heap after GC invocations=7 (full 0):
 garbage-first heap   total 262144K, used 33706K [0x00000000e0000000, 0x0000000100000000)
  region size 1024K, 2 young (2048K), 2 survivors (2048K)
 Metaspace       used 35668K, committed 36160K, reserved 393216K
  class space    used 5053K, committed 5248K, reserved 327680K
}
Event: 5.970 GC heap before
{Heap before GC invocations=7 (full 0):
 garbage-first heap   total 262144K, used 52138K [0x00000000e0000000, 0x0000000100000000)
  region size 1024K, 21 young (21504K), 2 survivors (2048K)
 Metaspace       used 35869K, committed 36288K, reserved 393216K
  class space    used 5068K, committed 5248K, reserved 327680K
}
Event: 5.972 GC heap after
{Heap after GC invocations=8 (full 0):
 garbage-first heap   total 262144K, used 33784K [0x00000000e0000000, 0x0000000100000000)
  region size 1024K, 2 young (2048K), 2 survivors (2048K)
 Metaspace       used 35869K, committed 36288K, reserved 393216K
  class space    used 5068K, committed 5248K, reserved 327680K
}
Event: 9.170 GC heap before
{Heap before GC invocations=9 (full 0):
 garbage-first heap   total 262144K, used 194552K [0x00000000e0000000, 0x0000000100000000)
  region size 1024K, 153 young (156672K), 2 survivors (2048K)
 Metaspace       used 48157K, committed 48768K, reserved 393216K
  class space    used 6736K, committed 7040K, reserved 327680K
}
Event: 9.184 GC heap after
{Heap after GC invocations=10 (full 0):
 garbage-first heap   total 262144K, used 46234K [0x00000000e0000000, 0x0000000100000000)
  region size 1024K, 14 young (14336K), 14 survivors (14336K)
 Metaspace       used 48157K, committed 48768K, reserved 393216K
  class space    used 6736K, committed 7040K, reserved 327680K
}
Event: 10.921 GC heap before
{Heap before GC invocations=10 (full 0):
 garbage-first heap   total 262144K, used 191642K [0x00000000e0000000, 0x0000000100000000)
  region size 1024K, 153 young (156672K), 14 survivors (14336K)
 Metaspace       used 50304K, committed 50880K, reserved 393216K
  class space    used 6943K, committed 7232K, reserved 327680K
}
Event: 10.934 GC heap after
{Heap after GC invocations=11 (full 0):
 garbage-first heap   total 262144K, used 58133K [0x00000000e0000000, 0x0000000100000000)
  region size 1024K, 11 young (11264K), 11 survivors (11264K)
 Metaspace       used 50304K, committed 50880K, reserved 393216K
  class space    used 6943K, committed 7232K, reserved 327680K
}
Event: 13.514 GC heap before
{Heap before GC invocations=11 (full 0):
 garbage-first heap   total 262144K, used 176917K [0x00000000e0000000, 0x0000000100000000)
  region size 1024K, 126 young (129024K), 11 survivors (11264K)
 Metaspace       used 60189K, committed 60736K, reserved 393216K
  class space    used 8246K, committed 8512K, reserved 327680K
}
Event: 13.523 GC heap after
{Heap after GC invocations=12 (full 0):
 garbage-first heap   total 262144K, used 68680K [0x00000000e0000000, 0x0000000100000000)
  region size 1024K, 18 young (18432K), 18 survivors (18432K)
 Metaspace       used 60189K, committed 60736K, reserved 393216K
  class space    used 8246K, committed 8512K, reserved 327680K
}
Event: 15.800 GC heap before
{Heap before GC invocations=13 (full 0):
 garbage-first heap   total 262144K, used 203848K [0x00000000e0000000, 0x0000000100000000)
  region size 1024K, 149 young (152576K), 18 survivors (18432K)
 Metaspace       used 68086K, committed 68736K, reserved 393216K
  class space    used 9487K, committed 9792K, reserved 327680K
}
Event: 15.815 GC heap after
{Heap after GC invocations=14 (full 0):
 garbage-first heap   total 262144K, used 76629K [0x00000000e0000000, 0x0000000100000000)
  region size 1024K, 17 young (17408K), 17 survivors (17408K)
 Metaspace       used 68086K, committed 68736K, reserved 393216K
  class space    used 9487K, committed 9792K, reserved 327680K
}

