# JRE version: OpenJDK Runtime Environment Microsoft-11369865 (17.0.15+6) (build 17.0.15+6-LTS)
# Java VM: OpenJDK 64-Bit Server VM Microsoft-11369865 (17.0.15+6-LTS, mixed mode, sharing, tiered, compressed oops, compressed class ptrs, g1 gc, windows-amd64)
GC Precious Log:
 CPUs: 12 total, 12 available
 Memory: 7835M
 Large Page Support: Disabled
 NUMA Support: Disabled
 Compressed Oops: Enabled (32-bit)
 Heap Region Size: 1M
 Heap Min Capacity: 256M
 Heap Initial Capacity: 256M
 Heap Max Capacity: 512M
 Pre-touch: Disabled
 Parallel Workers: 10
 Concurrent Workers: 3
 Concurrent Refinement Workers: 10
 Periodic GC: Disabled
Heap:
 garbage-first heap   total 262144K, used 119733K [0x00000000e0000000, 0x0000000100000000)
  region size 1024K, 47 young (48128K), 2 survivors (2048K)
 Metaspace       used 62564K, committed 63296K, reserved 393216K
  class space    used 8367K, committed 8704K, reserved 327680K
GC Heap History (20 events):
Event: 7.254 GC heap before
{Heap before GC invocations=5 (full 0):
 garbage-first heap   total 262144K, used 143797K [0x00000000e0000000, 0x0000000100000000)
  region size 1024K, 132 young (135168K), 14 survivors (14336K)
 Metaspace       used 35727K, committed 36096K, reserved 393216K
  class space    used 5055K, committed 5248K, reserved 327680K
}
Event: 7.273 GC heap after
{Heap after GC invocations=6 (full 0):
 garbage-first heap   total 262144K, used 34464K [0x00000000e0000000, 0x0000000100000000)
  region size 1024K, 13 young (13312K), 13 survivors (13312K)
 Metaspace       used 35727K, committed 36096K, reserved 393216K
  class space    used 5055K, committed 5248K, reserved 327680K
}
Event: 7.287 GC heap before
{Heap before GC invocations=6 (full 0):
 garbage-first heap   total 262144K, used 35488K [0x00000000e0000000, 0x0000000100000000)
  region size 1024K, 14 young (14336K), 13 survivors (13312K)
 Metaspace       used 35747K, committed 36160K, reserved 393216K
  class space    used 5055K, committed 5248K, reserved 327680K
}
Event: 7.296 GC heap after
{Heap after GC invocations=7 (full 0):
 garbage-first heap   total 262144K, used 34720K [0x00000000e0000000, 0x0000000100000000)
  region size 1024K, 2 young (2048K), 2 survivors (2048K)
 Metaspace       used 35747K, committed 36160K, reserved 393216K
  class space    used 5055K, committed 5248K, reserved 327680K
}
Event: 7.401 GC heap before
{Heap before GC invocations=7 (full 0):
 garbage-first heap   total 262144K, used 38816K [0x00000000e0000000, 0x0000000100000000)
  region size 1024K, 7 young (7168K), 2 survivors (2048K)
 Metaspace       used 35997K, committed 36416K, reserved 393216K
  class space    used 5087K, committed 5312K, reserved 327680K
}
Event: 7.403 GC heap after
{Heap after GC invocations=8 (full 0):
 garbage-first heap   total 262144K, used 33683K [0x00000000e0000000, 0x0000000100000000)
  region size 1024K, 1 young (1024K), 1 survivors (1024K)
 Metaspace       used 35997K, committed 36416K, reserved 393216K
  class space    used 5087K, committed 5312K, reserved 327680K
}
Event: 11.757 GC heap before
{Heap before GC invocations=9 (full 0):
 garbage-first heap   total 262144K, used 196499K [0x00000000e0000000, 0x0000000100000000)
  region size 1024K, 153 young (156672K), 1 survivors (1024K)
 Metaspace       used 48193K, committed 48768K, reserved 393216K
  class space    used 6744K, committed 7040K, reserved 327680K
}
Event: 11.771 GC heap after
{Heap after GC invocations=10 (full 0):
 garbage-first heap   total 262144K, used 45155K [0x00000000e0000000, 0x0000000100000000)
  region size 1024K, 12 young (12288K), 12 survivors (12288K)
 Metaspace       used 48193K, committed 48768K, reserved 393216K
  class space    used 6744K, committed 7040K, reserved 327680K
}
Event: 11.791 GC heap before
{Heap before GC invocations=10 (full 0):
 garbage-first heap   total 262144K, used 46179K [0x00000000e0000000, 0x0000000100000000)
  region size 1024K, 13 young (13312K), 12 survivors (12288K)
 Metaspace       used 48203K, committed 48768K, reserved 393216K
  class space    used 6746K, committed 7040K, reserved 327680K
}
Event: 11.804 GC heap after
{Heap after GC invocations=11 (full 0):
 garbage-first heap   total 262144K, used 46532K [0x00000000e0000000, 0x0000000100000000)
  region size 1024K, 2 young (2048K), 2 survivors (2048K)
 Metaspace       used 48203K, committed 48768K, reserved 393216K
  class space    used 6746K, committed 7040K, reserved 327680K
}
Event: 21.388 GC heap before
{Heap before GC invocations=11 (full 0):
 garbage-first heap   total 262144K, used 192964K [0x00000000e0000000, 0x0000000100000000)
  region size 1024K, 144 young (147456K), 2 survivors (2048K)
 Metaspace       used 55134K, committed 55808K, reserved 393216K
  class space    used 7583K, committed 7872K, reserved 327680K
}
Event: 21.398 GC heap after
{Heap after GC invocations=12 (full 0):
 garbage-first heap   total 262144K, used 57928K [0x00000000e0000000, 0x0000000100000000)
  region size 1024K, 11 young (11264K), 11 survivors (11264K)
 Metaspace       used 55134K, committed 55808K, reserved 393216K
  class space    used 7583K, committed 7872K, reserved 327680K
}
Event: 28.179 GC heap before
{Heap before GC invocations=12 (full 0):
 garbage-first heap   total 262144K, used 202312K [0x00000000e0000000, 0x0000000100000000)
  region size 1024K, 147 young (150528K), 11 survivors (11264K)
 Metaspace       used 59132K, committed 59840K, reserved 393216K
  class space    used 8008K, committed 8320K, reserved 327680K
}
Event: 28.191 GC heap after
{Heap after GC invocations=13 (full 0):
 garbage-first heap   total 262144K, used 67671K [0x00000000e0000000, 0x0000000100000000)
  region size 1024K, 6 young (6144K), 6 survivors (6144K)
 Metaspace       used 59132K, committed 59840K, reserved 393216K
  class space    used 8008K, committed 8320K, reserved 327680K
}
Event: 28.895 GC heap before
{Heap before GC invocations=13 (full 0):
 garbage-first heap   total 262144K, used 102487K [0x00000000e0000000, 0x0000000100000000)
  region size 1024K, 41 young (41984K), 6 survivors (6144K)
 Metaspace       used 60566K, committed 61248K, reserved 393216K
  class space    used 8161K, committed 8512K, reserved 327680K
}
Event: 28.901 GC heap after
{Heap after GC invocations=14 (full 0):
 garbage-first heap   total 262144K, used 69913K [0x00000000e0000000, 0x0000000100000000)
  region size 1024K, 8 young (8192K), 8 survivors (8192K)
 Metaspace       used 60566K, committed 61248K, reserved 393216K
  class space    used 8161K, committed 8512K, reserved 327680K
}
Event: 31.687 GC heap before
{Heap before GC invocations=15 (full 0):
 garbage-first heap   total 262144K, used 195865K [0x00000000e0000000, 0x0000000100000000)
  region size 1024K, 132 young (135168K), 8 survivors (8192K)
 Metaspace       used 62560K, committed 63232K, reserved 393216K
  class space    used 8367K, committed 8704K, reserved 327680K
}
Event: 31.709 GC heap after
{Heap after GC invocations=16 (full 0):
 garbage-first heap   total 262144K, used 75264K [0x00000000e0000000, 0x0000000100000000)
  region size 1024K, 13 young (13312K), 13 survivors (13312K)
 Metaspace       used 62560K, committed 63232K, reserved 393216K
  class space    used 8367K, committed 8704K, reserved 327680K
}
Event: 31.755 GC heap before
{Heap before GC invocations=16 (full 0):
 garbage-first heap   total 262144K, used 76288K [0x00000000e0000000, 0x0000000100000000)
  region size 1024K, 14 young (14336K), 13 survivors (13312K)
 Metaspace       used 62561K, committed 63296K, reserved 393216K
  class space    used 8367K, committed 8704K, reserved 327680K
}
Event: 31.767 GC heap after
{Heap after GC invocations=17 (full 0):
 garbage-first heap   total 262144K, used 75701K [0x00000000e0000000, 0x0000000100000000)
  region size 1024K, 2 young (2048K), 2 survivors (2048K)
 Metaspace       used 62561K, committed 63296K, reserved 393216K
  class space    used 8367K, committed 8704K, reserved 327680K
}

