# JRE version: OpenJDK Runtime Environment Microsoft-11369865 (17.0.15+6) (build 17.0.15+6-LTS)
# Java VM: OpenJDK 64-Bit Server VM Microsoft-11369865 (17.0.15+6-LTS, mixed mode, sharing, tiered, compressed oops, compressed class ptrs, g1 gc, windows-amd64)
GC Precious Log:
 CPUs: 12 total, 12 available
 Memory: 7835M
 Large Page Support: Disabled
 NUMA Support: Disabled
 Compressed Oops: Enabled (32-bit)
 Heap Region Size: 1M
 Heap Min Capacity: 256M
 Heap Initial Capacity: 256M
 Heap Max Capacity: 512M
 Pre-touch: Disabled
 Parallel Workers: 10
 Concurrent Workers: 3
 Concurrent Refinement Workers: 10
 Periodic GC: Disabled
Heap:
 garbage-first heap   total 262144K, used 168920K [0x00000000e0000000, 0x0000000100000000)
  region size 1024K, 23 young (23552K), 8 survivors (8192K)
 Metaspace       used 142479K, committed 143872K, reserved 458752K
  class space    used 19781K, committed 20480K, reserved 327680K
GC Heap History (20 events):
Event: 39.718 GC heap before
{Heap before GC invocations=29 (full 0):
 garbage-first heap   total 262144K, used 141016K [0x00000000e0000000, 0x0000000100000000)
  region size 1024K, 13 young (13312K), 12 survivors (12288K)
 Metaspace       used 119459K, committed 120704K, reserved 458752K
  class space    used 16626K, committed 17216K, reserved 327680K
}
Event: 39.730 GC heap after
{Heap after GC invocations=30 (full 0):
 garbage-first heap   total 262144K, used 137497K [0x00000000e0000000, 0x0000000100000000)
  region size 1024K, 2 young (2048K), 2 survivors (2048K)
 Metaspace       used 119459K, committed 120704K, reserved 458752K
  class space    used 16626K, committed 17216K, reserved 327680K
}
Event: 40.706 GC heap before
{Heap before GC invocations=30 (full 0):
 garbage-first heap   total 262144K, used 213273K [0x00000000e0000000, 0x0000000100000000)
  region size 1024K, 77 young (78848K), 2 survivors (2048K)
 Metaspace       used 119531K, committed 120704K, reserved 458752K
  class space    used 16630K, committed 17216K, reserved 327680K
}
Event: 40.710 GC heap after
{Heap after GC invocations=31 (full 0):
 garbage-first heap   total 262144K, used 140254K [0x00000000e0000000, 0x0000000100000000)
  region size 1024K, 4 young (4096K), 4 survivors (4096K)
 Metaspace       used 119531K, committed 120704K, reserved 458752K
  class space    used 16630K, committed 17216K, reserved 327680K
}
Event: 41.836 GC heap before
{Heap before GC invocations=32 (full 0):
 garbage-first heap   total 262144K, used 215006K [0x00000000e0000000, 0x0000000100000000)
  region size 1024K, 78 young (79872K), 4 survivors (4096K)
 Metaspace       used 125222K, committed 126464K, reserved 458752K
  class space    used 17316K, committed 17920K, reserved 327680K
}
Event: 41.841 GC heap after
{Heap after GC invocations=33 (full 0):
 garbage-first heap   total 262144K, used 141320K [0x00000000e0000000, 0x0000000100000000)
  region size 1024K, 5 young (5120K), 5 survivors (5120K)
 Metaspace       used 125222K, committed 126464K, reserved 458752K
  class space    used 17316K, committed 17920K, reserved 327680K
}
Event: 41.908 GC heap before
{Heap before GC invocations=33 (full 0):
 garbage-first heap   total 262144K, used 147464K [0x00000000e0000000, 0x0000000100000000)
  region size 1024K, 12 young (12288K), 5 survivors (5120K)
 Metaspace       used 125448K, committed 126720K, reserved 458752K
  class space    used 17344K, committed 17984K, reserved 327680K
}
Event: 41.920 GC heap after
{Heap after GC invocations=34 (full 0):
 garbage-first heap   total 262144K, used 138765K [0x00000000e0000000, 0x0000000100000000)
  region size 1024K, 2 young (2048K), 2 survivors (2048K)
 Metaspace       used 125448K, committed 126720K, reserved 458752K
  class space    used 17344K, committed 17984K, reserved 327680K
}
Event: 42.791 GC heap before
{Heap before GC invocations=34 (full 0):
 garbage-first heap   total 262144K, used 218637K [0x00000000e0000000, 0x0000000100000000)
  region size 1024K, 79 young (80896K), 2 survivors (2048K)
 Metaspace       used 129571K, committed 130816K, reserved 458752K
  class space    used 17887K, committed 18496K, reserved 327680K
}
Event: 42.795 GC heap after
{Heap after GC invocations=35 (full 0):
 garbage-first heap   total 262144K, used 143962K [0x00000000e0000000, 0x0000000100000000)
  region size 1024K, 8 young (8192K), 8 survivors (8192K)
 Metaspace       used 129571K, committed 130816K, reserved 458752K
  class space    used 17887K, committed 18496K, reserved 327680K
}
Event: 43.927 GC heap before
{Heap before GC invocations=35 (full 0):
 garbage-first heap   total 262144K, used 216666K [0x00000000e0000000, 0x0000000100000000)
  region size 1024K, 79 young (80896K), 8 survivors (8192K)
 Metaspace       used 135893K, committed 137152K, reserved 458752K
  class space    used 18951K, committed 19584K, reserved 327680K
}
Event: 43.933 GC heap after
{Heap after GC invocations=36 (full 0):
 garbage-first heap   total 262144K, used 146890K [0x00000000e0000000, 0x0000000100000000)
  region size 1024K, 3 young (3072K), 3 survivors (3072K)
 Metaspace       used 135893K, committed 137152K, reserved 458752K
  class space    used 18951K, committed 19584K, reserved 327680K
}
Event: 45.085 GC heap before
{Heap before GC invocations=36 (full 0):
 garbage-first heap   total 262144K, used 219594K [0x00000000e0000000, 0x0000000100000000)
  region size 1024K, 74 young (75776K), 3 survivors (3072K)
 Metaspace       used 137381K, committed 138688K, reserved 458752K
  class space    used 19150K, committed 19776K, reserved 327680K
}
Event: 45.091 GC heap after
{Heap after GC invocations=37 (full 0):
 garbage-first heap   total 262144K, used 151161K [0x00000000e0000000, 0x0000000100000000)
  region size 1024K, 8 young (8192K), 8 survivors (8192K)
 Metaspace       used 137381K, committed 138688K, reserved 458752K
  class space    used 19150K, committed 19776K, reserved 327680K
}
Event: 46.202 GC heap before
{Heap before GC invocations=37 (full 0):
 garbage-first heap   total 262144K, used 219769K [0x00000000e0000000, 0x0000000100000000)
  region size 1024K, 75 young (76800K), 8 survivors (8192K)
 Metaspace       used 139434K, committed 140736K, reserved 458752K
  class space    used 19427K, committed 20096K, reserved 327680K
}
Event: 46.206 GC heap after
{Heap after GC invocations=38 (full 0):
 garbage-first heap   total 262144K, used 151478K [0x00000000e0000000, 0x0000000100000000)
  region size 1024K, 5 young (5120K), 5 survivors (5120K)
 Metaspace       used 139434K, committed 140736K, reserved 458752K
  class space    used 19427K, committed 20096K, reserved 327680K
}
Event: 46.906 GC heap before
{Heap before GC invocations=38 (full 0):
 garbage-first heap   total 262144K, used 221110K [0x00000000e0000000, 0x0000000100000000)
  region size 1024K, 74 young (75776K), 5 survivors (5120K)
 Metaspace       used 142370K, committed 143680K, reserved 458752K
  class space    used 19769K, committed 20416K, reserved 327680K
}
Event: 46.911 GC heap after
{Heap after GC invocations=39 (full 0):
 garbage-first heap   total 262144K, used 152671K [0x00000000e0000000, 0x0000000100000000)
  region size 1024K, 7 young (7168K), 7 survivors (7168K)
 Metaspace       used 142370K, committed 143680K, reserved 458752K
  class space    used 19769K, committed 20416K, reserved 327680K
}
Event: 48.022 GC heap before
{Heap before GC invocations=39 (full 0):
 garbage-first heap   total 262144K, used 221279K [0x00000000e0000000, 0x0000000100000000)
  region size 1024K, 75 young (76800K), 7 survivors (7168K)
 Metaspace       used 142439K, committed 143808K, reserved 458752K
  class space    used 19777K, committed 20480K, reserved 327680K
}
Event: 48.028 GC heap after
{Heap after GC invocations=40 (full 0):
 garbage-first heap   total 262144K, used 155608K [0x00000000e0000000, 0x0000000100000000)
  region size 1024K, 8 young (8192K), 8 survivors (8192K)
 Metaspace       used 142439K, committed 143808K, reserved 458752K
  class space    used 19777K, committed 20480K, reserved 327680K
}

