# JRE version: OpenJDK Runtime Environment Microsoft-11369865 (17.0.15+6) (build 17.0.15+6-LTS)
# Java VM: OpenJDK 64-Bit Server VM Microsoft-11369865 (17.0.15+6-LTS, mixed mode, sharing, tiered, compressed oops, compressed class ptrs, g1 gc, windows-amd64)
GC Precious Log:
 CPUs: 12 total, 12 available
 Memory: 7835M
 Large Page Support: Disabled
 NUMA Support: Disabled
 Compressed Oops: Enabled (32-bit)
 Heap Region Size: 1M
 Heap Min Capacity: 256M
 Heap Initial Capacity: 256M
 Heap Max Capacity: 512M
 Pre-touch: Disabled
 Parallel Workers: 10
 Concurrent Workers: 3
 Concurrent Refinement Workers: 10
 Periodic GC: Disabled
Heap:
 garbage-first heap   total 262144K, used 148300K [0x00000000e0000000, 0x0000000100000000)
  region size 1024K, 12 young (12288K), 2 survivors (2048K)
 Metaspace       used 94014K, committed 94912K, reserved 458752K
  class space    used 12435K, committed 12864K, reserved 327680K
GC Heap History (20 events):
Event: 16.638 GC heap before
{Heap before GC invocations=13 (full 0):
 garbage-first heap   total 262144K, used 98533K [0x00000000e0000000, 0x0000000100000000)
  region size 1024K, 12 young (12288K), 9 survivors (9216K)
 Metaspace       used 68257K, committed 69056K, reserved 393216K
  class space    used 9294K, committed 9664K, reserved 327680K
}
Event: 16.646 GC heap after
{Heap after GC invocations=14 (full 0):
 garbage-first heap   total 262144K, used 96385K [0x00000000e0000000, 0x0000000100000000)
  region size 1024K, 1 young (1024K), 1 survivors (1024K)
 Metaspace       used 68257K, committed 69056K, reserved 393216K
  class space    used 9294K, committed 9664K, reserved 327680K
}
Event: 18.506 GC heap before
{Heap before GC invocations=14 (full 0):
 garbage-first heap   total 262144K, used 205953K [0x00000000e0000000, 0x0000000100000000)
  region size 1024K, 105 young (107520K), 1 survivors (1024K)
 Metaspace       used 75854K, committed 76672K, reserved 458752K
  class space    used 10336K, committed 10752K, reserved 327680K
}
Event: 18.514 GC heap after
{Heap after GC invocations=15 (full 0):
 garbage-first heap   total 262144K, used 102301K [0x00000000e0000000, 0x0000000100000000)
  region size 1024K, 4 young (4096K), 4 survivors (4096K)
 Metaspace       used 75854K, committed 76672K, reserved 458752K
  class space    used 10336K, committed 10752K, reserved 327680K
}
Event: 19.636 GC heap before
{Heap before GC invocations=16 (full 0):
 garbage-first heap   total 262144K, used 206749K [0x00000000e0000000, 0x0000000100000000)
  region size 1024K, 107 young (109568K), 4 survivors (4096K)
 Metaspace       used 77976K, committed 78848K, reserved 458752K
  class space    used 10585K, committed 11008K, reserved 327680K
}
Event: 19.650 GC heap after
{Heap after GC invocations=17 (full 0):
 garbage-first heap   total 262144K, used 110524K [0x00000000e0000000, 0x0000000100000000)
  region size 1024K, 12 young (12288K), 12 survivors (12288K)
 Metaspace       used 77976K, committed 78848K, reserved 458752K
  class space    used 10585K, committed 11008K, reserved 327680K
}
Event: 19.672 GC heap before
{Heap before GC invocations=17 (full 0):
 garbage-first heap   total 262144K, used 111548K [0x00000000e0000000, 0x0000000100000000)
  region size 1024K, 13 young (13312K), 12 survivors (12288K)
 Metaspace       used 78092K, committed 78912K, reserved 458752K
  class space    used 10606K, committed 11008K, reserved 327680K
}
Event: 19.685 GC heap after
{Heap after GC invocations=18 (full 0):
 garbage-first heap   total 262144K, used 110885K [0x00000000e0000000, 0x0000000100000000)
  region size 1024K, 2 young (2048K), 2 survivors (2048K)
 Metaspace       used 78092K, committed 78912K, reserved 458752K
  class space    used 10606K, committed 11008K, reserved 327680K
}
Event: 20.850 GC heap before
{Heap before GC invocations=18 (full 0):
 garbage-first heap   total 262144K, used 208165K [0x00000000e0000000, 0x0000000100000000)
  region size 1024K, 98 young (100352K), 2 survivors (2048K)
 Metaspace       used 82143K, committed 83008K, reserved 458752K
  class space    used 11035K, committed 11456K, reserved 327680K
}
Event: 20.855 GC heap after
{Heap after GC invocations=19 (full 0):
 garbage-first heap   total 262144K, used 112978K [0x00000000e0000000, 0x0000000100000000)
  region size 1024K, 4 young (4096K), 4 survivors (4096K)
 Metaspace       used 82143K, committed 83008K, reserved 458752K
  class space    used 11035K, committed 11456K, reserved 327680K
}
Event: 43.312 GC heap before
{Heap before GC invocations=19 (full 0):
 garbage-first heap   total 262144K, used 211282K [0x00000000e0000000, 0x0000000100000000)
  region size 1024K, 101 young (103424K), 4 survivors (4096K)
 Metaspace       used 85497K, committed 86400K, reserved 458752K
  class space    used 11395K, committed 11840K, reserved 327680K
}
Event: 43.321 GC heap after
{Heap after GC invocations=20 (full 0):
 garbage-first heap   total 262144K, used 116537K [0x00000000e0000000, 0x0000000100000000)
  region size 1024K, 7 young (7168K), 7 survivors (7168K)
 Metaspace       used 85497K, committed 86400K, reserved 458752K
  class space    used 11395K, committed 11840K, reserved 327680K
}
Event: 44.041 GC heap before
{Heap before GC invocations=20 (full 0):
 garbage-first heap   total 262144K, used 212793K [0x00000000e0000000, 0x0000000100000000)
  region size 1024K, 102 young (104448K), 7 survivors (7168K)
 Metaspace       used 85536K, committed 86464K, reserved 458752K
  class space    used 11396K, committed 11840K, reserved 327680K
}
Event: 44.050 GC heap after
{Heap after GC invocations=21 (full 0):
 garbage-first heap   total 262144K, used 121077K [0x00000000e0000000, 0x0000000100000000)
  region size 1024K, 10 young (10240K), 10 survivors (10240K)
 Metaspace       used 85536K, committed 86464K, reserved 458752K
  class space    used 11396K, committed 11840K, reserved 327680K
}
Event: 44.616 GC heap before
{Heap before GC invocations=21 (full 0):
 garbage-first heap   total 262144K, used 174325K [0x00000000e0000000, 0x0000000100000000)
  region size 1024K, 60 young (61440K), 10 survivors (10240K)
 Metaspace       used 86199K, committed 87104K, reserved 458752K
  class space    used 11476K, committed 11904K, reserved 327680K
}
Event: 44.626 GC heap after
{Heap after GC invocations=22 (full 0):
 garbage-first heap   total 262144K, used 129586K [0x00000000e0000000, 0x0000000100000000)
  region size 1024K, 10 young (10240K), 10 survivors (10240K)
 Metaspace       used 86199K, committed 87104K, reserved 458752K
  class space    used 11476K, committed 11904K, reserved 327680K
}
Event: 47.427 GC heap before
{Heap before GC invocations=23 (full 0):
 garbage-first heap   total 262144K, used 219698K [0x00000000e0000000, 0x0000000100000000)
  region size 1024K, 93 young (95232K), 10 survivors (10240K)
 Metaspace       used 93222K, committed 94080K, reserved 458752K
  class space    used 12343K, committed 12736K, reserved 327680K
}
Event: 47.442 GC heap after
{Heap after GC invocations=24 (full 0):
 garbage-first heap   total 262144K, used 143291K [0x00000000e0000000, 0x0000000100000000)
  region size 1024K, 12 young (12288K), 12 survivors (12288K)
 Metaspace       used 93222K, committed 94080K, reserved 458752K
  class space    used 12343K, committed 12736K, reserved 327680K
}
Event: 47.472 GC heap before
{Heap before GC invocations=24 (full 0):
 garbage-first heap   total 262144K, used 144315K [0x00000000e0000000, 0x0000000100000000)
  region size 1024K, 13 young (13312K), 12 survivors (12288K)
 Metaspace       used 93312K, committed 94272K, reserved 458752K
  class space    used 12356K, committed 12800K, reserved 327680K
}
Event: 47.479 GC heap after
{Heap after GC invocations=25 (full 0):
 garbage-first heap   total 262144K, used 139084K [0x00000000e0000000, 0x0000000100000000)
  region size 1024K, 2 young (2048K), 2 survivors (2048K)
 Metaspace       used 93312K, committed 94272K, reserved 458752K
  class space    used 12356K, committed 12800K, reserved 327680K
}

