# JRE version: OpenJDK Runtime Environment Microsoft-11369865 (17.0.15+6) (build 17.0.15+6-LTS)
# Java VM: OpenJDK 64-Bit Server VM Microsoft-11369865 (17.0.15+6-LTS, mixed mode, sharing, tiered, compressed oops, compressed class ptrs, g1 gc, windows-amd64)
GC Precious Log:
 CPUs: 12 total, 12 available
 Memory: 7835M
 Large Page Support: Disabled
 NUMA Support: Disabled
 Compressed Oops: Enabled (32-bit)
 Heap Region Size: 1M
 Heap Min Capacity: 8M
 Heap Initial Capacity: 124M
 Heap Max Capacity: 1960M
 Pre-touch: Disabled
 Parallel Workers: 10
 Concurrent Workers: 3
 Concurrent Refinement Workers: 10
 Periodic GC: Disabled
Heap:
 garbage-first heap   total 128000K, used 38769K [0x0000000085800000, 0x0000000100000000)
  region size 1024K, 4 young (4096K), 4 survivors (4096K)
 Metaspace       used 44791K, committed 45120K, reserved 1114112K
  class space    used 5300K, committed 5440K, reserved 1048576K
GC Heap History (20 events):
Event: 4.200 GC heap after
{Heap after GC invocations=2 (full 0):
 garbage-first heap   total 126976K, used 9035K [0x0000000085800000, 0x0000000100000000)
  region size 1024K, 3 young (3072K), 3 survivors (3072K)
 Metaspace       used 15430K, committed 15680K, reserved 1114112K
  class space    used 1675K, committed 1792K, reserved 1048576K
}
Event: 4.516 GC heap before
{Heap before GC invocations=2 (full 0):
 garbage-first heap   total 126976K, used 27467K [0x0000000085800000, 0x0000000100000000)
  region size 1024K, 22 young (22528K), 3 survivors (3072K)
 Metaspace       used 21288K, committed 21504K, reserved 1114112K
  class space    used 2715K, committed 2816K, reserved 1048576K
}
Event: 4.520 GC heap after
{Heap after GC invocations=3 (full 0):
 garbage-first heap   total 126976K, used 9680K [0x0000000085800000, 0x0000000100000000)
  region size 1024K, 4 young (4096K), 4 survivors (4096K)
 Metaspace       used 21288K, committed 21504K, reserved 1114112K
  class space    used 2715K, committed 2816K, reserved 1048576K
}
Event: 4.832 GC heap before
{Heap before GC invocations=4 (full 0):
 garbage-first heap   total 37888K, used 31184K [0x0000000085800000, 0x0000000100000000)
  region size 1024K, 25 young (25600K), 4 survivors (4096K)
 Metaspace       used 24972K, committed 25216K, reserved 1114112K
  class space    used 3229K, committed 3328K, reserved 1048576K
}
Event: 4.840 GC heap after
{Heap after GC invocations=5 (full 0):
 garbage-first heap   total 38912K, used 11984K [0x0000000085800000, 0x0000000100000000)
  region size 1024K, 4 young (4096K), 4 survivors (4096K)
 Metaspace       used 24972K, committed 25216K, reserved 1114112K
  class space    used 3229K, committed 3328K, reserved 1048576K
}
Event: 4.849 GC heap before
{Heap before GC invocations=5 (full 0):
 garbage-first heap   total 38912K, used 11984K [0x0000000085800000, 0x0000000100000000)
  region size 1024K, 5 young (5120K), 4 survivors (4096K)
 Metaspace       used 25168K, committed 25472K, reserved 1114112K
  class space    used 3246K, committed 3392K, reserved 1048576K
}
Event: 4.855 GC heap after
{Heap after GC invocations=6 (full 0):
 garbage-first heap   total 38912K, used 12450K [0x0000000085800000, 0x0000000100000000)
  region size 1024K, 1 young (1024K), 1 survivors (1024K)
 Metaspace       used 25168K, committed 25472K, reserved 1114112K
  class space    used 3246K, committed 3392K, reserved 1048576K
}
Event: 5.154 GC heap before
{Heap before GC invocations=6 (full 0):
 garbage-first heap   total 38912K, used 27810K [0x0000000085800000, 0x0000000100000000)
  region size 1024K, 17 young (17408K), 1 survivors (1024K)
 Metaspace       used 29187K, committed 29376K, reserved 1114112K
  class space    used 3629K, committed 3712K, reserved 1048576K
}
Event: 5.159 GC heap after
{Heap after GC invocations=7 (full 0):
 garbage-first heap   total 38912K, used 12646K [0x0000000085800000, 0x0000000100000000)
  region size 1024K, 1 young (1024K), 1 survivors (1024K)
 Metaspace       used 29187K, committed 29376K, reserved 1114112K
  class space    used 3629K, committed 3712K, reserved 1048576K
}
Event: 5.709 GC heap before
{Heap before GC invocations=7 (full 0):
 garbage-first heap   total 38912K, used 28006K [0x0000000085800000, 0x0000000100000000)
  region size 1024K, 17 young (17408K), 1 survivors (1024K)
 Metaspace       used 32867K, committed 33152K, reserved 1114112K
  class space    used 4036K, committed 4160K, reserved 1048576K
}
Event: 5.713 GC heap after
{Heap after GC invocations=8 (full 0):
 garbage-first heap   total 77824K, used 13707K [0x0000000085800000, 0x0000000100000000)
  region size 1024K, 2 young (2048K), 2 survivors (2048K)
 Metaspace       used 32867K, committed 33152K, reserved 1114112K
  class space    used 4036K, committed 4160K, reserved 1048576K
}
Event: 6.360 GC heap before
{Heap before GC invocations=8 (full 0):
 garbage-first heap   total 77824K, used 47499K [0x0000000085800000, 0x0000000100000000)
  region size 1024K, 36 young (36864K), 2 survivors (2048K)
 Metaspace       used 35838K, committed 36096K, reserved 1114112K
  class space    used 4340K, committed 4416K, reserved 1048576K
}
Event: 6.380 GC heap after
{Heap after GC invocations=9 (full 0):
 garbage-first heap   total 77824K, used 23140K [0x0000000085800000, 0x0000000100000000)
  region size 1024K, 6 young (6144K), 6 survivors (6144K)
 Metaspace       used 35838K, committed 36096K, reserved 1114112K
  class space    used 4340K, committed 4416K, reserved 1048576K
}
Event: 7.110 GC heap before
{Heap before GC invocations=10 (full 0):
 garbage-first heap   total 77824K, used 55908K [0x0000000085800000, 0x0000000100000000)
  region size 1024K, 38 young (38912K), 6 survivors (6144K)
 Metaspace       used 40301K, committed 40576K, reserved 1114112K
  class space    used 4826K, committed 4928K, reserved 1048576K
}
Event: 7.128 GC heap after
{Heap after GC invocations=11 (full 0):
 garbage-first heap   total 77824K, used 28645K [0x0000000085800000, 0x0000000100000000)
  region size 1024K, 5 young (5120K), 5 survivors (5120K)
 Metaspace       used 40301K, committed 40576K, reserved 1114112K
  class space    used 4826K, committed 4928K, reserved 1048576K
}
Event: 7.163 GC heap before
{Heap before GC invocations=11 (full 0):
 garbage-first heap   total 77824K, used 28645K [0x0000000085800000, 0x0000000100000000)
  region size 1024K, 6 young (6144K), 5 survivors (5120K)
 Metaspace       used 40482K, committed 40704K, reserved 1114112K
  class space    used 4850K, committed 4928K, reserved 1048576K
}
Event: 7.176 GC heap after
{Heap after GC invocations=12 (full 0):
 garbage-first heap   total 77824K, used 29598K [0x0000000085800000, 0x0000000100000000)
  region size 1024K, 1 young (1024K), 1 survivors (1024K)
 Metaspace       used 40482K, committed 40704K, reserved 1114112K
  class space    used 4850K, committed 4928K, reserved 1048576K
}
Event: 7.754 GC heap before
{Heap before GC invocations=12 (full 0):
 garbage-first heap   total 77824K, used 56222K [0x0000000085800000, 0x0000000100000000)
  region size 1024K, 27 young (27648K), 1 survivors (1024K)
 Metaspace       used 42139K, committed 42432K, reserved 1114112K
  class space    used 5040K, committed 5184K, reserved 1048576K
}
Event: 7.768 GC heap after
{Heap after GC invocations=13 (full 0):
 garbage-first heap   total 77824K, used 34789K [0x0000000085800000, 0x0000000100000000)
  region size 1024K, 4 young (4096K), 4 survivors (4096K)
 Metaspace       used 42139K, committed 42432K, reserved 1114112K
  class space    used 5040K, committed 5184K, reserved 1048576K
}
Event: 8.401 GC heap before
{Heap before GC invocations=13 (full 0):
 garbage-first heap   total 77824K, used 55269K [0x0000000085800000, 0x0000000100000000)
  region size 1024K, 25 young (25600K), 4 survivors (4096K)
 Metaspace       used 44791K, committed 45120K, reserved 1114112K
  class space    used 5300K, committed 5440K, reserved 1048576K
}

