# JRE version: OpenJDK Runtime Environment Microsoft-11369865 (17.0.15+6) (build 17.0.15+6-LTS)
# Java VM: OpenJDK 64-Bit Server VM Microsoft-11369865 (17.0.15+6-LTS, mixed mode, sharing, tiered, compressed oops, compressed class ptrs, g1 gc, windows-amd64)
GC Precious Log:
 CPUs: 12 total, 12 available
 Memory: 7835M
 Large Page Support: Disabled
 NUMA Support: Disabled
 Compressed Oops: Enabled (Zero based)
 Heap Region Size: 2M
 Heap Min Capacity: 8M
 Heap Initial Capacity: 124M
 Heap Max Capacity: 3G
 Pre-touch: Disabled
 Parallel Workers: 10
 Concurrent Workers: 3
 Concurrent Refinement Workers: 10
 Periodic GC: Disabled
Heap:
 garbage-first heap   total 96256K, used 64113K [0x0000000740000000, 0x0000000800000000)
  region size 2048K, 18 young (36864K), 3 survivors (6144K)
 Metaspace       used 37090K, committed 37568K, reserved 704512K
  class space    used 5157K, committed 5376K, reserved 638976K
GC Heap History (16 events):
Event: 0.724 GC heap before
{Heap before GC invocations=0 (full 0):
 garbage-first heap   total 126976K, used 24576K [0x0000000740000000, 0x0000000800000000)
  region size 2048K, 11 young (22528K), 0 survivors (0K)
 Metaspace       used 1099K, committed 1216K, reserved 704512K
  class space    used 72K, committed 128K, reserved 638976K
}
Event: 0.729 GC heap after
{Heap after GC invocations=1 (full 0):
 garbage-first heap   total 126976K, used 9212K [0x0000000740000000, 0x0000000800000000)
  region size 2048K, 2 young (4096K), 2 survivors (4096K)
 Metaspace       used 1099K, committed 1216K, reserved 704512K
  class space    used 72K, committed 128K, reserved 638976K
}
Event: 1.880 GC heap before
{Heap before GC invocations=1 (full 0):
 garbage-first heap   total 126976K, used 39932K [0x0000000740000000, 0x0000000800000000)
  region size 2048K, 17 young (34816K), 2 survivors (4096K)
 Metaspace       used 4290K, committed 4480K, reserved 704512K
  class space    used 535K, committed 640K, reserved 638976K
}
Event: 1.889 GC heap after
{Heap after GC invocations=2 (full 0):
 garbage-first heap   total 126976K, used 12314K [0x0000000740000000, 0x0000000800000000)
  region size 2048K, 2 young (4096K), 2 survivors (4096K)
 Metaspace       used 4290K, committed 4480K, reserved 704512K
  class space    used 535K, committed 640K, reserved 638976K
}
Event: 2.573 GC heap before
{Heap before GC invocations=2 (full 0):
 garbage-first heap   total 126976K, used 53274K [0x0000000740000000, 0x0000000800000000)
  region size 2048K, 23 young (47104K), 2 survivors (4096K)
 Metaspace       used 4927K, committed 5120K, reserved 704512K
  class space    used 641K, committed 704K, reserved 638976K
}
Event: 2.581 GC heap after
{Heap after GC invocations=3 (full 0):
 garbage-first heap   total 126976K, used 17541K [0x0000000740000000, 0x0000000800000000)
  region size 2048K, 3 young (6144K), 3 survivors (6144K)
 Metaspace       used 4927K, committed 5120K, reserved 704512K
  class space    used 641K, committed 704K, reserved 638976K
}
Event: 5.307 GC heap before
{Heap before GC invocations=3 (full 0):
 garbage-first heap   total 126976K, used 87173K [0x0000000740000000, 0x0000000800000000)
  region size 2048K, 37 young (75776K), 3 survivors (6144K)
 Metaspace       used 17160K, committed 17536K, reserved 704512K
  class space    used 2431K, committed 2624K, reserved 638976K
}
Event: 5.315 GC heap after
{Heap after GC invocations=4 (full 0):
 garbage-first heap   total 126976K, used 22690K [0x0000000740000000, 0x0000000800000000)
  region size 2048K, 5 young (10240K), 5 survivors (10240K)
 Metaspace       used 17160K, committed 17536K, reserved 704512K
  class space    used 2431K, committed 2624K, reserved 638976K
}
Event: 6.184 GC heap before
{Heap before GC invocations=4 (full 0):
 garbage-first heap   total 126976K, used 55458K [0x0000000740000000, 0x0000000800000000)
  region size 2048K, 23 young (47104K), 5 survivors (10240K)
 Metaspace       used 21174K, committed 21504K, reserved 704512K
  class space    used 3094K, committed 3264K, reserved 638976K
}
Event: 6.191 GC heap after
{Heap after GC invocations=5 (full 0):
 garbage-first heap   total 126976K, used 25348K [0x0000000740000000, 0x0000000800000000)
  region size 2048K, 4 young (8192K), 4 survivors (8192K)
 Metaspace       used 21174K, committed 21504K, reserved 704512K
  class space    used 3094K, committed 3264K, reserved 638976K
}
Event: 7.580 GC heap before
{Heap before GC invocations=6 (full 0):
 garbage-first heap   total 96256K, used 72452K [0x0000000740000000, 0x0000000800000000)
  region size 2048K, 28 young (57344K), 4 survivors (8192K)
 Metaspace       used 27130K, committed 27584K, reserved 704512K
  class space    used 3969K, committed 4160K, reserved 638976K
}
Event: 7.592 GC heap after
{Heap after GC invocations=7 (full 0):
 garbage-first heap   total 96256K, used 29063K [0x0000000740000000, 0x0000000800000000)
  region size 2048K, 4 young (8192K), 4 survivors (8192K)
 Metaspace       used 27130K, committed 27584K, reserved 704512K
  class space    used 3969K, committed 4160K, reserved 638976K
}
Event: 9.018 GC heap before
{Heap before GC invocations=7 (full 0):
 garbage-first heap   total 96256K, used 70023K [0x0000000740000000, 0x0000000800000000)
  region size 2048K, 24 young (49152K), 4 survivors (8192K)
 Metaspace       used 33588K, committed 34048K, reserved 704512K
  class space    used 4831K, committed 5056K, reserved 638976K
}
Event: 9.026 GC heap after
{Heap after GC invocations=8 (full 0):
 garbage-first heap   total 96256K, used 32159K [0x0000000740000000, 0x0000000800000000)
  region size 2048K, 2 young (4096K), 2 survivors (4096K)
 Metaspace       used 33588K, committed 34048K, reserved 704512K
  class space    used 4831K, committed 5056K, reserved 638976K
}
Event: 9.392 GC heap before
{Heap before GC invocations=8 (full 0):
 garbage-first heap   total 96256K, used 40351K [0x0000000740000000, 0x0000000800000000)
  region size 2048K, 8 young (16384K), 2 survivors (4096K)
 Metaspace       used 35557K, committed 35968K, reserved 704512K
  class space    used 5043K, committed 5248K, reserved 638976K
}
Event: 9.396 GC heap after
{Heap after GC invocations=9 (full 0):
 garbage-first heap   total 96256K, used 33393K [0x0000000740000000, 0x0000000800000000)
  region size 2048K, 3 young (6144K), 3 survivors (6144K)
 Metaspace       used 35557K, committed 35968K, reserved 704512K
  class space    used 5043K, committed 5248K, reserved 638976K
}

