# JRE version: OpenJDK Runtime Environment Microsoft-11369865 (17.0.15+6) (build 17.0.15+6-LTS)
# Java VM: OpenJDK 64-Bit Server VM Microsoft-11369865 (17.0.15+6-LTS, mixed mode, sharing, tiered, compressed oops, compressed class ptrs, g1 gc, windows-amd64)
GC Precious Log:
 CPUs: 12 total, 12 available
 Memory: 7835M
 Large Page Support: Disabled
 NUMA Support: Disabled
 Compressed Oops: Enabled (32-bit)
 Heap Region Size: 1M
 Heap Min Capacity: 256M
 Heap Initial Capacity: 256M
 Heap Max Capacity: 512M
 Pre-touch: Disabled
 Parallel Workers: 10
 Concurrent Workers: 3
 Concurrent Refinement Workers: 10
 Periodic GC: Disabled
Heap:
 garbage-first heap   total 262144K, used 159026K [0x00000000e0000000, 0x0000000100000000)
  region size 1024K, 84 young (86016K), 4 survivors (4096K)
 Metaspace       used 71958K, committed 72768K, reserved 393216K
  class space    used 9416K, committed 9792K, reserved 327680K
GC Heap History (20 events):
Event: 20.136 GC heap before
{Heap before GC invocations=5 (full 0):
 garbage-first heap   total 262144K, used 128415K [0x00000000e0000000, 0x0000000100000000)
  region size 1024K, 115 young (117760K), 12 survivors (12288K)
 Metaspace       used 35582K, committed 35968K, reserved 393216K
  class space    used 5040K, committed 5248K, reserved 327680K
}
Event: 20.152 GC heap after
{Heap after GC invocations=6 (full 0):
 garbage-first heap   total 262144K, used 32875K [0x00000000e0000000, 0x0000000100000000)
  region size 1024K, 11 young (11264K), 11 survivors (11264K)
 Metaspace       used 35582K, committed 35968K, reserved 393216K
  class space    used 5040K, committed 5248K, reserved 327680K
}
Event: 20.183 GC heap before
{Heap before GC invocations=6 (full 0):
 garbage-first heap   total 262144K, used 33899K [0x00000000e0000000, 0x0000000100000000)
  region size 1024K, 12 young (12288K), 11 survivors (11264K)
 Metaspace       used 35760K, committed 36160K, reserved 393216K
  class space    used 5054K, committed 5248K, reserved 327680K
}
Event: 20.196 GC heap after
{Heap after GC invocations=7 (full 0):
 garbage-first heap   total 262144K, used 33036K [0x00000000e0000000, 0x0000000100000000)
  region size 1024K, 2 young (2048K), 2 survivors (2048K)
 Metaspace       used 35760K, committed 36160K, reserved 393216K
  class space    used 5054K, committed 5248K, reserved 327680K
}
Event: 20.374 GC heap before
{Heap before GC invocations=7 (full 0):
 garbage-first heap   total 262144K, used 51468K [0x00000000e0000000, 0x0000000100000000)
  region size 1024K, 21 young (21504K), 2 survivors (2048K)
 Metaspace       used 35895K, committed 36288K, reserved 393216K
  class space    used 5059K, committed 5248K, reserved 327680K
}
Event: 20.376 GC heap after
{Heap after GC invocations=8 (full 0):
 garbage-first heap   total 262144K, used 33434K [0x00000000e0000000, 0x0000000100000000)
  region size 1024K, 2 young (2048K), 2 survivors (2048K)
 Metaspace       used 35895K, committed 36288K, reserved 393216K
  class space    used 5059K, committed 5248K, reserved 327680K
}
Event: 24.948 GC heap before
{Heap before GC invocations=9 (full 0):
 garbage-first heap   total 262144K, used 194202K [0x00000000e0000000, 0x0000000100000000)
  region size 1024K, 153 young (156672K), 2 survivors (2048K)
 Metaspace       used 48115K, committed 48704K, reserved 393216K
  class space    used 6731K, committed 7040K, reserved 327680K
}
Event: 24.958 GC heap after
{Heap after GC invocations=10 (full 0):
 garbage-first heap   total 262144K, used 45242K [0x00000000e0000000, 0x0000000100000000)
  region size 1024K, 14 young (14336K), 14 survivors (14336K)
 Metaspace       used 48115K, committed 48704K, reserved 393216K
  class space    used 6731K, committed 7040K, reserved 327680K
}
Event: 28.954 GC heap before
{Heap before GC invocations=10 (full 0):
 garbage-first heap   total 262144K, used 188602K [0x00000000e0000000, 0x0000000100000000)
  region size 1024K, 153 young (156672K), 14 survivors (14336K)
 Metaspace       used 54418K, committed 55040K, reserved 393216K
  class space    used 7493K, committed 7808K, reserved 327680K
}
Event: 28.974 GC heap after
{Heap after GC invocations=11 (full 0):
 garbage-first heap   total 262144K, used 58496K [0x00000000e0000000, 0x0000000100000000)
  region size 1024K, 13 young (13312K), 13 survivors (13312K)
 Metaspace       used 54418K, committed 55040K, reserved 393216K
  class space    used 7493K, committed 7808K, reserved 327680K
}
Event: 33.027 GC heap before
{Heap before GC invocations=11 (full 0):
 garbage-first heap   total 262144K, used 201856K [0x00000000e0000000, 0x0000000100000000)
  region size 1024K, 149 young (152576K), 13 survivors (13312K)
 Metaspace       used 56135K, committed 56832K, reserved 393216K
  class space    used 7671K, committed 8000K, reserved 327680K
}
Event: 33.046 GC heap after
{Heap after GC invocations=12 (full 0):
 garbage-first heap   total 262144K, used 70376K [0x00000000e0000000, 0x0000000100000000)
  region size 1024K, 10 young (10240K), 10 survivors (10240K)
 Metaspace       used 56135K, committed 56832K, reserved 393216K
  class space    used 7671K, committed 8000K, reserved 327680K
}
Event: 35.052 GC heap before
{Heap before GC invocations=12 (full 0):
 garbage-first heap   total 262144K, used 173800K [0x00000000e0000000, 0x0000000100000000)
  region size 1024K, 113 young (115712K), 10 survivors (10240K)
 Metaspace       used 60038K, committed 60736K, reserved 393216K
  class space    used 8086K, committed 8448K, reserved 327680K
}
Event: 35.060 GC heap after
{Heap after GC invocations=13 (full 0):
 garbage-first heap   total 262144K, used 73588K [0x00000000e0000000, 0x0000000100000000)
  region size 1024K, 13 young (13312K), 13 survivors (13312K)
 Metaspace       used 60038K, committed 60736K, reserved 393216K
  class space    used 8086K, committed 8448K, reserved 327680K
}
Event: 38.693 GC heap before
{Heap before GC invocations=14 (full 0):
 garbage-first heap   total 262144K, used 201588K [0x00000000e0000000, 0x0000000100000000)
  region size 1024K, 139 young (142336K), 13 survivors (13312K)
 Metaspace       used 65614K, committed 66432K, reserved 393216K
  class space    used 8711K, committed 9088K, reserved 327680K
}
Event: 38.703 GC heap after
{Heap after GC invocations=15 (full 0):
 garbage-first heap   total 262144K, used 75177K [0x00000000e0000000, 0x0000000100000000)
  region size 1024K, 8 young (8192K), 8 survivors (8192K)
 Metaspace       used 65614K, committed 66432K, reserved 393216K
  class space    used 8711K, committed 9088K, reserved 327680K
}
Event: 38.735 GC heap before
{Heap before GC invocations=15 (full 0):
 garbage-first heap   total 262144K, used 79273K [0x00000000e0000000, 0x0000000100000000)
  region size 1024K, 12 young (12288K), 8 survivors (8192K)
 Metaspace       used 65616K, committed 66432K, reserved 393216K
  class space    used 8711K, committed 9088K, reserved 327680K
}
Event: 38.742 GC heap after
{Heap after GC invocations=16 (full 0):
 garbage-first heap   total 262144K, used 75288K [0x00000000e0000000, 0x0000000100000000)
  region size 1024K, 2 young (2048K), 2 survivors (2048K)
 Metaspace       used 65616K, committed 66432K, reserved 393216K
  class space    used 8711K, committed 9088K, reserved 327680K
}
Event: 41.835 GC heap before
{Heap before GC invocations=16 (full 0):
 garbage-first heap   total 262144K, used 205336K [0x00000000e0000000, 0x0000000100000000)
  region size 1024K, 130 young (133120K), 2 survivors (2048K)
 Metaspace       used 69047K, committed 69824K, reserved 393216K
  class space    used 9078K, committed 9472K, reserved 327680K
}
Event: 41.839 GC heap after
{Heap after GC invocations=17 (full 0):
 garbage-first heap   total 262144K, used 78130K [0x00000000e0000000, 0x0000000100000000)
  region size 1024K, 4 young (4096K), 4 survivors (4096K)
 Metaspace       used 69047K, committed 69824K, reserved 393216K
  class space    used 9078K, committed 9472K, reserved 327680K
}

