# JRE version: OpenJDK Runtime Environment Microsoft-11369865 (17.0.15+6) (build 17.0.15+6-LTS)
# Java VM: OpenJDK 64-Bit Server VM Microsoft-11369865 (17.0.15+6-LTS, mixed mode, sharing, tiered, compressed oops, compressed class ptrs, g1 gc, windows-amd64)
GC Precious Log:
 CPUs: 12 total, 12 available
 Memory: 7835M
 Large Page Support: Disabled
 NUMA Support: Disabled
 Compressed Oops: Enabled (32-bit)
 Heap Region Size: 1M
 Heap Min Capacity: 256M
 Heap Initial Capacity: 256M
 Heap Max Capacity: 512M
 Pre-touch: Disabled
 Parallel Workers: 10
 Concurrent Workers: 3
 Concurrent Refinement Workers: 10
 Periodic GC: Disabled
Heap:
 garbage-first heap   total 262144K, used 202191K [0x00000000e0000000, 0x0000000100000000)
  region size 1024K, 40 young (40960K), 3 survivors (3072K)
 Metaspace       used 122649K, committed 123840K, reserved 458752K
  class space    used 16233K, committed 16832K, reserved 327680K
GC Heap History (20 events):
Event: 31.222 GC heap before
{Heap before GC invocations=27 (full 0):
 garbage-first heap   total 262144K, used 148526K [0x00000000e0000000, 0x0000000100000000)
  region size 1024K, 12 young (12288K), 6 survivors (6144K)
 Metaspace       used 92795K, committed 93760K, reserved 458752K
  class space    used 12399K, committed 12928K, reserved 327680K
}
Event: 31.226 GC heap after
{Heap after GC invocations=28 (full 0):
 garbage-first heap   total 262144K, used 139161K [0x00000000e0000000, 0x0000000100000000)
  region size 1024K, 1 young (1024K), 1 survivors (1024K)
 Metaspace       used 92795K, committed 93760K, reserved 458752K
  class space    used 12399K, committed 12928K, reserved 327680K
}
Event: 33.347 GC heap before
{Heap before GC invocations=28 (full 0):
 garbage-first heap   total 262144K, used 216985K [0x00000000e0000000, 0x0000000100000000)
  region size 1024K, 78 young (79872K), 1 survivors (1024K)
 Metaspace       used 96679K, committed 97664K, reserved 458752K
  class space    used 12819K, committed 13312K, reserved 327680K
}
Event: 33.353 GC heap after
{Heap after GC invocations=29 (full 0):
 garbage-first heap   total 262144K, used 139832K [0x00000000e0000000, 0x0000000100000000)
  region size 1024K, 2 young (2048K), 2 survivors (2048K)
 Metaspace       used 96679K, committed 97664K, reserved 458752K
  class space    used 12819K, committed 13312K, reserved 327680K
}
Event: 34.781 GC heap before
{Heap before GC invocations=29 (full 0):
 garbage-first heap   total 262144K, used 224824K [0x00000000e0000000, 0x0000000100000000)
  region size 1024K, 80 young (81920K), 2 survivors (2048K)
 Metaspace       used 102184K, committed 103168K, reserved 458752K
  class space    used 13581K, committed 14080K, reserved 327680K
}
Event: 34.785 GC heap after
{Heap after GC invocations=30 (full 0):
 garbage-first heap   total 262144K, used 145763K [0x00000000e0000000, 0x0000000100000000)
  region size 1024K, 8 young (8192K), 8 survivors (8192K)
 Metaspace       used 102184K, committed 103168K, reserved 458752K
  class space    used 13581K, committed 14080K, reserved 327680K
}
Event: 40.025 GC heap before
{Heap before GC invocations=30 (full 0):
 garbage-first heap   total 262144K, used 219491K [0x00000000e0000000, 0x0000000100000000)
  region size 1024K, 80 young (81920K), 8 survivors (8192K)
 Metaspace       used 105516K, committed 106624K, reserved 458752K
  class space    used 14035K, committed 14592K, reserved 327680K
}
Event: 40.036 GC heap after
{Heap after GC invocations=31 (full 0):
 garbage-first heap   total 262144K, used 150777K [0x00000000e0000000, 0x0000000100000000)
  region size 1024K, 6 young (6144K), 6 survivors (6144K)
 Metaspace       used 105516K, committed 106624K, reserved 458752K
  class space    used 14035K, committed 14592K, reserved 327680K
}
Event: 40.733 GC heap before
{Heap before GC invocations=31 (full 0):
 garbage-first heap   total 262144K, used 219385K [0x00000000e0000000, 0x0000000100000000)
  region size 1024K, 72 young (73728K), 6 survivors (6144K)
 Metaspace       used 105809K, committed 106816K, reserved 458752K
  class space    used 14065K, committed 14592K, reserved 327680K
}
Event: 40.738 GC heap after
{Heap after GC invocations=32 (full 0):
 garbage-first heap   total 262144K, used 154104K [0x00000000e0000000, 0x0000000100000000)
  region size 1024K, 6 young (6144K), 6 survivors (6144K)
 Metaspace       used 105809K, committed 106816K, reserved 458752K
  class space    used 14065K, committed 14592K, reserved 327680K
}
Event: 41.275 GC heap before
{Heap before GC invocations=32 (full 0):
 garbage-first heap   total 262144K, used 219640K [0x00000000e0000000, 0x0000000100000000)
  region size 1024K, 70 young (71680K), 6 survivors (6144K)
 Metaspace       used 109921K, committed 110976K, reserved 458752K
  class space    used 14513K, committed 15040K, reserved 327680K
}
Event: 41.286 GC heap after
{Heap after GC invocations=33 (full 0):
 garbage-first heap   total 262144K, used 156304K [0x00000000e0000000, 0x0000000100000000)
  region size 1024K, 3 young (3072K), 3 survivors (3072K)
 Metaspace       used 109921K, committed 110976K, reserved 458752K
  class space    used 14513K, committed 15040K, reserved 327680K
}
Event: 41.930 GC heap before
{Heap before GC invocations=33 (full 0):
 garbage-first heap   total 262144K, used 225936K [0x00000000e0000000, 0x0000000100000000)
  region size 1024K, 66 young (67584K), 3 survivors (3072K)
 Metaspace       used 114049K, committed 115136K, reserved 458752K
  class space    used 15068K, committed 15616K, reserved 327680K
}
Event: 41.934 GC heap after
{Heap after GC invocations=34 (full 0):
 garbage-first heap   total 262144K, used 161323K [0x00000000e0000000, 0x0000000100000000)
  region size 1024K, 8 young (8192K), 8 survivors (8192K)
 Metaspace       used 114049K, committed 115136K, reserved 458752K
  class space    used 15068K, committed 15616K, reserved 327680K
}
Event: 42.657 GC heap before
{Heap before GC invocations=34 (full 0):
 garbage-first heap   total 262144K, used 221739K [0x00000000e0000000, 0x0000000100000000)
  region size 1024K, 67 young (68608K), 8 survivors (8192K)
 Metaspace       used 118305K, committed 119424K, reserved 458752K
  class space    used 15685K, committed 16256K, reserved 327680K
}
Event: 42.664 GC heap after
{Heap after GC invocations=35 (full 0):
 garbage-first heap   total 262144K, used 163659K [0x00000000e0000000, 0x0000000100000000)
  region size 1024K, 3 young (3072K), 3 survivors (3072K)
 Metaspace       used 118305K, committed 119424K, reserved 458752K
  class space    used 15685K, committed 16256K, reserved 327680K
}
Event: 43.311 GC heap before
{Heap before GC invocations=35 (full 0):
 garbage-first heap   total 262144K, used 222027K [0x00000000e0000000, 0x0000000100000000)
  region size 1024K, 61 young (62464K), 3 survivors (3072K)
 Metaspace       used 118389K, committed 119488K, reserved 458752K
  class space    used 15690K, committed 16256K, reserved 327680K
}
Event: 43.314 GC heap after
{Heap after GC invocations=36 (full 0):
 garbage-first heap   total 262144K, used 165880K [0x00000000e0000000, 0x0000000100000000)
  region size 1024K, 5 young (5120K), 5 survivors (5120K)
 Metaspace       used 118389K, committed 119488K, reserved 458752K
  class space    used 15690K, committed 16256K, reserved 327680K
}
Event: 45.423 GC heap before
{Heap before GC invocations=36 (full 0):
 garbage-first heap   total 262144K, used 223224K [0x00000000e0000000, 0x0000000100000000)
  region size 1024K, 61 young (62464K), 5 survivors (5120K)
 Metaspace       used 121696K, committed 122880K, reserved 458752K
  class space    used 16088K, committed 16704K, reserved 327680K
}
Event: 45.427 GC heap after
{Heap after GC invocations=37 (full 0):
 garbage-first heap   total 262144K, used 165327K [0x00000000e0000000, 0x0000000100000000)
  region size 1024K, 3 young (3072K), 3 survivors (3072K)
 Metaspace       used 121696K, committed 122880K, reserved 458752K
  class space    used 16088K, committed 16704K, reserved 327680K
}

