# JRE version: OpenJDK Runtime Environment Microsoft-11369865 (17.0.15+6) (build 17.0.15+6-LTS)
# Java VM: OpenJDK 64-Bit Server VM Microsoft-11369865 (17.0.15+6-LTS, mixed mode, sharing, tiered, compressed oops, compressed class ptrs, g1 gc, windows-amd64)
GC Precious Log:
 CPUs: 12 total, 12 available
 Memory: 7835M
 Large Page Support: Disabled
 NUMA Support: Disabled
 Compressed Oops: Enabled (32-bit)
 Heap Region Size: 1M
 Heap Min Capacity: 256M
 Heap Initial Capacity: 256M
 Heap Max Capacity: 512M
 Pre-touch: Disabled
 Parallel Workers: 10
 Concurrent Workers: 3
 Concurrent Refinement Workers: 10
 Periodic GC: Disabled
Heap:
 garbage-first heap   total 273408K, used 151367K [0x00000000e0000000, 0x0000000100000000)
  region size 1024K, 57 young (58368K), 7 survivors (7168K)
 Metaspace       used 79364K, committed 80192K, reserved 458752K
  class space    used 11022K, committed 11456K, reserved 327680K
GC Heap History (20 events):
Event: 5.452 GC heap before
{Heap before GC invocations=5 (full 0):
 garbage-first heap   total 262144K, used 36073K [0x00000000e0000000, 0x0000000100000000)
  region size 1024K, 12 young (12288K), 9 survivors (9216K)
 Metaspace       used 35661K, committed 36160K, reserved 393216K
  class space    used 5054K, committed 5312K, reserved 327680K
}
Event: 5.459 GC heap after
{Heap after GC invocations=6 (full 0):
 garbage-first heap   total 262144K, used 33191K [0x00000000e0000000, 0x0000000100000000)
  region size 1024K, 2 young (2048K), 2 survivors (2048K)
 Metaspace       used 35661K, committed 36160K, reserved 393216K
  class space    used 5054K, committed 5312K, reserved 327680K
}
Event: 5.578 GC heap before
{Heap before GC invocations=6 (full 0):
 garbage-first heap   total 262144K, used 49575K [0x00000000e0000000, 0x0000000100000000)
  region size 1024K, 19 young (19456K), 2 survivors (2048K)
 Metaspace       used 35829K, committed 36288K, reserved 393216K
  class space    used 5064K, committed 5312K, reserved 327680K
}
Event: 5.580 GC heap after
{Heap after GC invocations=7 (full 0):
 garbage-first heap   total 262144K, used 33550K [0x00000000e0000000, 0x0000000100000000)
  region size 1024K, 2 young (2048K), 2 survivors (2048K)
 Metaspace       used 35829K, committed 36288K, reserved 393216K
  class space    used 5064K, committed 5312K, reserved 327680K
}
Event: 8.764 GC heap before
{Heap before GC invocations=8 (full 0):
 garbage-first heap   total 262144K, used 194318K [0x00000000e0000000, 0x0000000100000000)
  region size 1024K, 153 young (156672K), 2 survivors (2048K)
 Metaspace       used 48143K, committed 48640K, reserved 393216K
  class space    used 6755K, committed 6976K, reserved 327680K
}
Event: 8.775 GC heap after
{Heap after GC invocations=9 (full 0):
 garbage-first heap   total 262144K, used 45506K [0x00000000e0000000, 0x0000000100000000)
  region size 1024K, 14 young (14336K), 14 survivors (14336K)
 Metaspace       used 48143K, committed 48640K, reserved 393216K
  class space    used 6755K, committed 6976K, reserved 327680K
}
Event: 8.792 GC heap before
{Heap before GC invocations=9 (full 0):
 garbage-first heap   total 262144K, used 46530K [0x00000000e0000000, 0x0000000100000000)
  region size 1024K, 15 young (15360K), 14 survivors (14336K)
 Metaspace       used 48164K, committed 48640K, reserved 393216K
  class space    used 6760K, committed 6976K, reserved 327680K
}
Event: 8.799 GC heap after
{Heap after GC invocations=10 (full 0):
 garbage-first heap   total 262144K, used 46963K [0x00000000e0000000, 0x0000000100000000)
  region size 1024K, 2 young (2048K), 2 survivors (2048K)
 Metaspace       used 48164K, committed 48640K, reserved 393216K
  class space    used 6760K, committed 6976K, reserved 327680K
}
Event: 12.106 GC heap before
{Heap before GC invocations=10 (full 0):
 garbage-first heap   total 262144K, used 199539K [0x00000000e0000000, 0x0000000100000000)
  region size 1024K, 150 young (153600K), 2 survivors (2048K)
 Metaspace       used 55291K, committed 56000K, reserved 393216K
  class space    used 7627K, committed 7936K, reserved 327680K
}
Event: 12.115 GC heap after
{Heap after GC invocations=11 (full 0):
 garbage-first heap   total 262144K, used 60542K [0x00000000e0000000, 0x0000000100000000)
  region size 1024K, 14 young (14336K), 14 survivors (14336K)
 Metaspace       used 55291K, committed 56000K, reserved 393216K
  class space    used 7627K, committed 7936K, reserved 327680K
}
Event: 13.687 GC heap before
{Heap before GC invocations=11 (full 0):
 garbage-first heap   total 262144K, used 199806K [0x00000000e0000000, 0x0000000100000000)
  region size 1024K, 150 young (153600K), 14 survivors (14336K)
 Metaspace       used 55731K, committed 56448K, reserved 393216K
  class space    used 7643K, committed 8000K, reserved 327680K
}
Event: 13.699 GC heap after
{Heap after GC invocations=12 (full 0):
 garbage-first heap   total 262144K, used 65674K [0x00000000e0000000, 0x0000000100000000)
  region size 1024K, 8 young (8192K), 8 survivors (8192K)
 Metaspace       used 55731K, committed 56448K, reserved 393216K
  class space    used 7643K, committed 8000K, reserved 327680K
}
Event: 15.073 GC heap before
{Heap before GC invocations=12 (full 0):
 garbage-first heap   total 262144K, used 136330K [0x00000000e0000000, 0x0000000100000000)
  region size 1024K, 70 young (71680K), 8 survivors (8192K)
 Metaspace       used 59940K, committed 60608K, reserved 393216K
  class space    used 8200K, committed 8512K, reserved 327680K
}
Event: 15.083 GC heap after
{Heap after GC invocations=13 (full 0):
 garbage-first heap   total 262144K, used 82739K [0x00000000e0000000, 0x0000000100000000)
  region size 1024K, 15 young (15360K), 15 survivors (15360K)
 Metaspace       used 59940K, committed 60608K, reserved 393216K
  class space    used 8200K, committed 8512K, reserved 327680K
}
Event: 17.616 GC heap before
{Heap before GC invocations=14 (full 0):
 garbage-first heap   total 262144K, used 206643K [0x00000000e0000000, 0x0000000100000000)
  region size 1024K, 131 young (134144K), 15 survivors (15360K)
 Metaspace       used 68920K, committed 69632K, reserved 393216K
  class space    used 9378K, committed 9728K, reserved 327680K
}
Event: 17.631 GC heap after
{Heap after GC invocations=15 (full 0):
 garbage-first heap   total 262144K, used 94562K [0x00000000e0000000, 0x0000000100000000)
  region size 1024K, 16 young (16384K), 16 survivors (16384K)
 Metaspace       used 68920K, committed 69632K, reserved 393216K
  class space    used 9378K, committed 9728K, reserved 327680K
}
Event: 17.639 GC heap before
{Heap before GC invocations=15 (full 0):
 garbage-first heap   total 262144K, used 95586K [0x00000000e0000000, 0x0000000100000000)
  region size 1024K, 17 young (17408K), 16 survivors (16384K)
 Metaspace       used 68954K, committed 69696K, reserved 393216K
  class space    used 9379K, committed 9728K, reserved 327680K
}
Event: 17.649 GC heap after
{Heap after GC invocations=16 (full 0):
 garbage-first heap   total 262144K, used 95841K [0x00000000e0000000, 0x0000000100000000)
  region size 1024K, 2 young (2048K), 2 survivors (2048K)
 Metaspace       used 68954K, committed 69696K, reserved 393216K
  class space    used 9379K, committed 9728K, reserved 327680K
}
Event: 19.609 GC heap before
{Heap before GC invocations=16 (full 0):
 garbage-first heap   total 262144K, used 205409K [0x00000000e0000000, 0x0000000100000000)
  region size 1024K, 110 young (112640K), 2 survivors (2048K)
 Metaspace       used 75273K, committed 76096K, reserved 458752K
  class space    used 10375K, committed 10752K, reserved 327680K
}
Event: 19.615 GC heap after
{Heap after GC invocations=17 (full 0):
 garbage-first heap   total 273408K, used 101191K [0x00000000e0000000, 0x0000000100000000)
  region size 1024K, 7 young (7168K), 7 survivors (7168K)
 Metaspace       used 75273K, committed 76096K, reserved 458752K
  class space    used 10375K, committed 10752K, reserved 327680K
}

