# JRE version: OpenJDK Runtime Environment Microsoft-11369865 (17.0.15+6) (build 17.0.15+6-LTS)
# Java VM: OpenJDK 64-Bit Server VM Microsoft-11369865 (17.0.15+6-LTS, mixed mode, tiered, compressed oops, compressed class ptrs, g1 gc, windows-amd64)
GC Precious Log:
 CPUs: 12 total, 12 available
 Memory: 7835M
 Large Page Support: Disabled
 NUMA Support: Disabled
 Compressed Oops: Enabled (32-bit)
 Heap Region Size: 1M
 Heap Min Capacity: 256M
 Heap Initial Capacity: 256M
 Heap Max Capacity: 512M
 Pre-touch: Disabled
 Parallel Workers: 10
 Concurrent Workers: 3
 Concurrent Refinement Workers: 10
 Periodic GC: Disabled
Heap:
 garbage-first heap   total 262144K, used 23695K [0x00000000e0000000, 0x0000000100000000)
  region size 1024K, 3 young (3072K), 2 survivors (2048K)
 Metaspace       used 35738K, committed 36160K, reserved 278528K
  class space    used 4722K, committed 4928K, reserved 212992K
GC Heap History (10 events):
Event: 6.800 GC heap before
{Heap before GC invocations=0 (full 0):
 garbage-first heap   total 262144K, used 28672K [0x00000000e0000000, 0x0000000100000000)
  region size 1024K, 23 young (23552K), 0 survivors (0K)
 Metaspace       used 9928K, committed 10112K, reserved 278528K
  class space    used 994K, committed 1088K, reserved 212992K
}
Event: 6.804 GC heap after
{Heap after GC invocations=1 (full 0):
 garbage-first heap   total 262144K, used 9796K [0x00000000e0000000, 0x0000000100000000)
  region size 1024K, 3 young (3072K), 3 survivors (3072K)
 Metaspace       used 9928K, committed 10112K, reserved 278528K
  class space    used 994K, committed 1088K, reserved 212992K
}
Event: 8.191 GC heap before
{Heap before GC invocations=1 (full 0):
 garbage-first heap   total 262144K, used 38468K [0x00000000e0000000, 0x0000000100000000)
  region size 1024K, 31 young (31744K), 3 survivors (3072K)
 Metaspace       used 10847K, committed 11072K, reserved 278528K
  class space    used 1091K, committed 1216K, reserved 212992K
}
Event: 8.194 GC heap after
{Heap after GC invocations=2 (full 0):
 garbage-first heap   total 262144K, used 13587K [0x00000000e0000000, 0x0000000100000000)
  region size 1024K, 4 young (4096K), 4 survivors (4096K)
 Metaspace       used 10847K, committed 11072K, reserved 278528K
  class space    used 1091K, committed 1216K, reserved 212992K
}
Event: 9.173 GC heap before
{Heap before GC invocations=2 (full 0):
 garbage-first heap   total 262144K, used 54547K [0x00000000e0000000, 0x0000000100000000)
  region size 1024K, 45 young (46080K), 4 survivors (4096K)
 Metaspace       used 21295K, committed 21504K, reserved 278528K
  class space    used 2505K, committed 2624K, reserved 212992K
}
Event: 9.179 GC heap after
{Heap after GC invocations=3 (full 0):
 garbage-first heap   total 262144K, used 18186K [0x00000000e0000000, 0x0000000100000000)
  region size 1024K, 9 young (9216K), 9 survivors (9216K)
 Metaspace       used 21295K, committed 21504K, reserved 278528K
  class space    used 2505K, committed 2624K, reserved 212992K
}
Event: 10.324 GC heap before
{Heap before GC invocations=4 (full 0):
 garbage-first heap   total 262144K, used 83722K [0x00000000e0000000, 0x0000000100000000)
  region size 1024K, 74 young (75776K), 9 survivors (9216K)
 Metaspace       used 31273K, committed 31616K, reserved 278528K
  class space    used 4078K, committed 4224K, reserved 212992K
}
Event: 10.332 GC heap after
{Heap after GC invocations=5 (full 0):
 garbage-first heap   total 262144K, used 23181K [0x00000000e0000000, 0x0000000100000000)
  region size 1024K, 10 young (10240K), 10 survivors (10240K)
 Metaspace       used 31273K, committed 31616K, reserved 278528K
  class space    used 4078K, committed 4224K, reserved 212992K
}
Event: 10.364 GC heap before
{Heap before GC invocations=5 (full 0):
 garbage-first heap   total 262144K, used 25229K [0x00000000e0000000, 0x0000000100000000)
  region size 1024K, 12 young (12288K), 10 survivors (10240K)
 Metaspace       used 31544K, committed 31936K, reserved 278528K
  class space    used 4123K, committed 4288K, reserved 212992K
}
Event: 10.370 GC heap after
{Heap after GC invocations=6 (full 0):
 garbage-first heap   total 262144K, used 23877K [0x00000000e0000000, 0x0000000100000000)
  region size 1024K, 2 young (2048K), 2 survivors (2048K)
 Metaspace       used 31544K, committed 31936K, reserved 278528K
  class space    used 4123K, committed 4288K, reserved 212992K
}

