# JRE version: OpenJDK Runtime Environment Microsoft-11369865 (17.0.15+6) (build 17.0.15+6-LTS)
# Java VM: OpenJDK 64-Bit Server VM Microsoft-11369865 (17.0.15+6-LTS, mixed mode, sharing, tiered, compressed oops, compressed class ptrs, g1 gc, windows-amd64)
GC Precious Log:
 CPUs: 12 total, 12 available
 Memory: 7835M
 Large Page Support: Disabled
 NUMA Support: Disabled
 Compressed Oops: Enabled (32-bit)
 Heap Region Size: 1M
 Heap Min Capacity: 256M
 Heap Initial Capacity: 256M
 Heap Max Capacity: 512M
 Pre-touch: Disabled
 Parallel Workers: 10
 Concurrent Workers: 3
 Concurrent Refinement Workers: 10
 Periodic GC: Disabled
Heap:
 garbage-first heap   total 307200K, used 247390K [0x00000000e0000000, 0x0000000100000000)
  region size 1024K, 62 young (63488K), 4 survivors (4096K)
 Metaspace       used 156477K, committed 158144K, reserved 524288K
  class space    used 21307K, committed 22080K, reserved 327680K
GC Heap History (20 events):
Event: 49.393 GC heap before
{Heap before GC invocations=46 (full 0):
 garbage-first heap   total 307200K, used 264805K [0x00000000e0000000, 0x0000000100000000)
  region size 1024K, 94 young (96256K), 9 survivors (9216K)
 Metaspace       used 145008K, committed 146560K, reserved 458752K
  class space    used 19969K, committed 20736K, reserved 327680K
}
Event: 49.401 GC heap after
{Heap after GC invocations=47 (full 0):
 garbage-first heap   total 307200K, used 181882K [0x00000000e0000000, 0x0000000100000000)
  region size 1024K, 9 young (9216K), 9 survivors (9216K)
 Metaspace       used 145008K, committed 146560K, reserved 458752K
  class space    used 19969K, committed 20736K, reserved 327680K
}
Event: 50.368 GC heap before
{Heap before GC invocations=47 (full 0):
 garbage-first heap   total 307200K, used 257658K [0x00000000e0000000, 0x0000000100000000)
  region size 1024K, 84 young (86016K), 9 survivors (9216K)
 Metaspace       used 147955K, committed 149504K, reserved 458752K
  class space    used 20313K, committed 21056K, reserved 327680K
}
Event: 50.374 GC heap after
{Heap after GC invocations=48 (full 0):
 garbage-first heap   total 307200K, used 184388K [0x00000000e0000000, 0x0000000100000000)
  region size 1024K, 4 young (4096K), 4 survivors (4096K)
 Metaspace       used 147955K, committed 149504K, reserved 458752K
  class space    used 20313K, committed 21056K, reserved 327680K
}
Event: 51.738 GC heap before
{Heap before GC invocations=48 (full 0):
 garbage-first heap   total 307200K, used 259140K [0x00000000e0000000, 0x0000000100000000)
  region size 1024K, 78 young (79872K), 4 survivors (4096K)
 Metaspace       used 148019K, committed 149632K, reserved 458752K
  class space    used 20315K, committed 21056K, reserved 327680K
}
Event: 51.744 GC heap after
{Heap after GC invocations=49 (full 0):
 garbage-first heap   total 307200K, used 188221K [0x00000000e0000000, 0x0000000100000000)
  region size 1024K, 7 young (7168K), 7 survivors (7168K)
 Metaspace       used 148019K, committed 149632K, reserved 458752K
  class space    used 20315K, committed 21056K, reserved 327680K
}
Event: 52.453 GC heap before
{Heap before GC invocations=49 (full 0):
 garbage-first heap   total 307200K, used 260925K [0x00000000e0000000, 0x0000000100000000)
  region size 1024K, 78 young (79872K), 7 survivors (7168K)
 Metaspace       used 148222K, committed 149888K, reserved 458752K
  class space    used 20344K, committed 21120K, reserved 327680K
}
Event: 52.461 GC heap after
{Heap after GC invocations=50 (full 0):
 garbage-first heap   total 307200K, used 189818K [0x00000000e0000000, 0x0000000100000000)
  region size 1024K, 6 young (6144K), 6 survivors (6144K)
 Metaspace       used 148222K, committed 149888K, reserved 458752K
  class space    used 20344K, committed 21120K, reserved 327680K
}
Event: 53.692 GC heap before
{Heap before GC invocations=50 (full 0):
 garbage-first heap   total 307200K, used 262522K [0x00000000e0000000, 0x0000000100000000)
  region size 1024K, 78 young (79872K), 6 survivors (6144K)
 Metaspace       used 148253K, committed 149888K, reserved 458752K
  class space    used 20344K, committed 21120K, reserved 327680K
}
Event: 53.697 GC heap after
{Heap after GC invocations=51 (full 0):
 garbage-first heap   total 307200K, used 189308K [0x00000000e0000000, 0x0000000100000000)
  region size 1024K, 4 young (4096K), 4 survivors (4096K)
 Metaspace       used 148253K, committed 149888K, reserved 458752K
  class space    used 20344K, committed 21120K, reserved 327680K
}
Event: 56.196 GC heap before
{Heap before GC invocations=51 (full 0):
 garbage-first heap   total 307200K, used 263036K [0x00000000e0000000, 0x0000000100000000)
  region size 1024K, 77 young (78848K), 4 survivors (4096K)
 Metaspace       used 151226K, committed 152832K, reserved 524288K
  class space    used 20687K, committed 21440K, reserved 327680K
}
Event: 56.200 GC heap after
{Heap after GC invocations=52 (full 0):
 garbage-first heap   total 307200K, used 187418K [0x00000000e0000000, 0x0000000100000000)
  region size 1024K, 3 young (3072K), 3 survivors (3072K)
 Metaspace       used 151226K, committed 152832K, reserved 524288K
  class space    used 20687K, committed 21440K, reserved 327680K
}
Event: 57.431 GC heap before
{Heap before GC invocations=52 (full 0):
 garbage-first heap   total 307200K, used 263194K [0x00000000e0000000, 0x0000000100000000)
  region size 1024K, 78 young (79872K), 3 survivors (3072K)
 Metaspace       used 151257K, committed 152832K, reserved 524288K
  class space    used 20687K, committed 21440K, reserved 327680K
}
Event: 57.437 GC heap after
{Heap after GC invocations=53 (full 0):
 garbage-first heap   total 307200K, used 191686K [0x00000000e0000000, 0x0000000100000000)
  region size 1024K, 7 young (7168K), 7 survivors (7168K)
 Metaspace       used 151257K, committed 152832K, reserved 524288K
  class space    used 20687K, committed 21440K, reserved 327680K
}
Event: 62.805 GC heap before
{Heap before GC invocations=53 (full 0):
 garbage-first heap   total 307200K, used 265414K [0x00000000e0000000, 0x0000000100000000)
  region size 1024K, 78 young (79872K), 7 survivors (7168K)
 Metaspace       used 151489K, committed 153152K, reserved 524288K
  class space    used 20716K, committed 21504K, reserved 327680K
}
Event: 62.817 GC heap after
{Heap after GC invocations=54 (full 0):
 garbage-first heap   total 307200K, used 191833K [0x00000000e0000000, 0x0000000100000000)
  region size 1024K, 5 young (5120K), 5 survivors (5120K)
 Metaspace       used 151489K, committed 153152K, reserved 524288K
  class space    used 20716K, committed 21504K, reserved 327680K
}
Event: 63.738 GC heap before
{Heap before GC invocations=54 (full 0):
 garbage-first heap   total 307200K, used 264537K [0x00000000e0000000, 0x0000000100000000)
  region size 1024K, 75 young (76800K), 5 survivors (5120K)
 Metaspace       used 151734K, committed 153408K, reserved 524288K
  class space    used 20746K, committed 21568K, reserved 327680K
}
Event: 63.742 GC heap after
{Heap after GC invocations=55 (full 0):
 garbage-first heap   total 307200K, used 191667K [0x00000000e0000000, 0x0000000100000000)
  region size 1024K, 5 young (5120K), 5 survivors (5120K)
 Metaspace       used 151734K, committed 153408K, reserved 524288K
  class space    used 20746K, committed 21568K, reserved 327680K
}
Event: 65.820 GC heap before
{Heap before GC invocations=55 (full 0):
 garbage-first heap   total 307200K, used 262323K [0x00000000e0000000, 0x0000000100000000)
  region size 1024K, 75 young (76800K), 5 survivors (5120K)
 Metaspace       used 154668K, committed 156352K, reserved 524288K
  class space    used 21088K, committed 21888K, reserved 327680K
}
Event: 65.824 GC heap after
{Heap after GC invocations=56 (full 0):
 garbage-first heap   total 307200K, used 190046K [0x00000000e0000000, 0x0000000100000000)
  region size 1024K, 4 young (4096K), 4 survivors (4096K)
 Metaspace       used 154668K, committed 156352K, reserved 524288K
  class space    used 21088K, committed 21888K, reserved 327680K
}

