# JRE version: OpenJDK Runtime Environment Microsoft-11369865 (17.0.15+6) (build 17.0.15+6-LTS)
# Java VM: OpenJDK 64-Bit Server VM Microsoft-11369865 (17.0.15+6-LTS, mixed mode, sharing, tiered, compressed oops, compressed class ptrs, g1 gc, windows-amd64)
GC Precious Log:
 CPUs: 12 total, 12 available
 Memory: 7835M
 Large Page Support: Disabled
 NUMA Support: Disabled
 Compressed Oops: Enabled (32-bit)
 Heap Region Size: 1M
 Heap Min Capacity: 256M
 Heap Initial Capacity: 256M
 Heap Max Capacity: 512M
 Pre-touch: Disabled
 Parallel Workers: 10
 Concurrent Workers: 3
 Concurrent Refinement Workers: 10
 Periodic GC: Disabled
Heap:
 garbage-first heap   total 262144K, used 162324K [0x00000000e0000000, 0x0000000100000000)
  region size 1024K, 55 young (56320K), 5 survivors (5120K)
 Metaspace       used 80488K, committed 81344K, reserved 458752K
  class space    used 10797K, committed 11200K, reserved 327680K
GC Heap History (20 events):
Event: 17.982 GC heap before
{Heap before GC invocations=7 (full 0):
 garbage-first heap   total 262144K, used 184053K [0x00000000e0000000, 0x0000000100000000)
  region size 1024K, 153 young (156672K), 11 survivors (11264K)
 Metaspace       used 47243K, committed 47744K, reserved 393216K
  class space    used 6612K, committed 6848K, reserved 327680K
}
Event: 17.994 GC heap after
{Heap after GC invocations=8 (full 0):
 garbage-first heap   total 262144K, used 43725K [0x00000000e0000000, 0x0000000100000000)
  region size 1024K, 19 young (19456K), 19 survivors (19456K)
 Metaspace       used 47243K, committed 47744K, reserved 393216K
  class space    used 6612K, committed 6848K, reserved 327680K
}
Event: 20.125 GC heap before
{Heap before GC invocations=8 (full 0):
 garbage-first heap   total 262144K, used 181965K [0x00000000e0000000, 0x0000000100000000)
  region size 1024K, 153 young (156672K), 19 survivors (19456K)
 Metaspace       used 53335K, committed 53952K, reserved 393216K
  class space    used 7314K, committed 7616K, reserved 327680K
}
Event: 20.140 GC heap after
{Heap after GC invocations=9 (full 0):
 garbage-first heap   total 262144K, used 56776K [0x00000000e0000000, 0x0000000100000000)
  region size 1024K, 13 young (13312K), 13 survivors (13312K)
 Metaspace       used 53335K, committed 53952K, reserved 393216K
  class space    used 7314K, committed 7616K, reserved 327680K
}
Event: 22.920 GC heap before
{Heap before GC invocations=9 (full 0):
 garbage-first heap   total 262144K, used 197064K [0x00000000e0000000, 0x0000000100000000)
  region size 1024K, 146 young (149504K), 13 survivors (13312K)
 Metaspace       used 56095K, committed 56768K, reserved 393216K
  class space    used 7655K, committed 8000K, reserved 327680K
}
Event: 22.932 GC heap after
{Heap after GC invocations=10 (full 0):
 garbage-first heap   total 262144K, used 70656K [0x00000000e0000000, 0x0000000100000000)
  region size 1024K, 11 young (11264K), 11 survivors (11264K)
 Metaspace       used 56095K, committed 56768K, reserved 393216K
  class space    used 7655K, committed 8000K, reserved 327680K
}
Event: 24.486 GC heap before
{Heap before GC invocations=10 (full 0):
 garbage-first heap   total 262144K, used 202752K [0x00000000e0000000, 0x0000000100000000)
  region size 1024K, 136 young (139264K), 11 survivors (11264K)
 Metaspace       used 58542K, committed 59264K, reserved 393216K
  class space    used 7961K, committed 8320K, reserved 327680K
}
Event: 24.497 GC heap after
{Heap after GC invocations=11 (full 0):
 garbage-first heap   total 262144K, used 83601K [0x00000000e0000000, 0x0000000100000000)
  region size 1024K, 10 young (10240K), 10 survivors (10240K)
 Metaspace       used 58542K, committed 59264K, reserved 393216K
  class space    used 7961K, committed 8320K, reserved 327680K
}
Event: 24.662 GC heap before
{Heap before GC invocations=11 (full 0):
 garbage-first heap   total 262144K, used 90769K [0x00000000e0000000, 0x0000000100000000)
  region size 1024K, 19 young (19456K), 10 survivors (10240K)
 Metaspace       used 59458K, committed 60160K, reserved 393216K
  class space    used 8032K, committed 8384K, reserved 327680K
}
Event: 24.668 GC heap after
{Heap after GC invocations=12 (full 0):
 garbage-first heap   total 262144K, used 84280K [0x00000000e0000000, 0x0000000100000000)
  region size 1024K, 2 young (2048K), 2 survivors (2048K)
 Metaspace       used 59458K, committed 60160K, reserved 393216K
  class space    used 8032K, committed 8384K, reserved 327680K
}
Event: 26.778 GC heap before
{Heap before GC invocations=13 (full 0):
 garbage-first heap   total 262144K, used 209208K [0x00000000e0000000, 0x0000000100000000)
  region size 1024K, 115 young (117760K), 2 survivors (2048K)
 Metaspace       used 68038K, committed 68864K, reserved 393216K
  class space    used 9235K, committed 9664K, reserved 327680K
}
Event: 26.787 GC heap after
{Heap after GC invocations=14 (full 0):
 garbage-first heap   total 262144K, used 95908K [0x00000000e0000000, 0x0000000100000000)
  region size 1024K, 9 young (9216K), 9 survivors (9216K)
 Metaspace       used 68038K, committed 68864K, reserved 393216K
  class space    used 9235K, committed 9664K, reserved 327680K
}
Event: 26.864 GC heap before
{Heap before GC invocations=14 (full 0):
 garbage-first heap   total 262144K, used 97956K [0x00000000e0000000, 0x0000000100000000)
  region size 1024K, 12 young (12288K), 9 survivors (9216K)
 Metaspace       used 68338K, committed 69120K, reserved 393216K
  class space    used 9280K, committed 9664K, reserved 327680K
}
Event: 26.870 GC heap after
{Heap after GC invocations=15 (full 0):
 garbage-first heap   total 262144K, used 96131K [0x00000000e0000000, 0x0000000100000000)
  region size 1024K, 2 young (2048K), 2 survivors (2048K)
 Metaspace       used 68338K, committed 69120K, reserved 393216K
  class space    used 9280K, committed 9664K, reserved 327680K
}
Event: 29.031 GC heap before
{Heap before GC invocations=15 (full 0):
 garbage-first heap   total 262144K, used 206723K [0x00000000e0000000, 0x0000000100000000)
  region size 1024K, 107 young (109568K), 2 survivors (2048K)
 Metaspace       used 75797K, committed 76608K, reserved 458752K
  class space    used 10299K, committed 10688K, reserved 327680K
}
Event: 29.034 GC heap after
{Heap after GC invocations=16 (full 0):
 garbage-first heap   total 262144K, used 101892K [0x00000000e0000000, 0x0000000100000000)
  region size 1024K, 4 young (4096K), 4 survivors (4096K)
 Metaspace       used 75797K, committed 76608K, reserved 458752K
  class space    used 10299K, committed 10688K, reserved 327680K
}
Event: 30.657 GC heap before
{Heap before GC invocations=16 (full 0):
 garbage-first heap   total 262144K, used 208388K [0x00000000e0000000, 0x0000000100000000)
  region size 1024K, 108 young (110592K), 4 survivors (4096K)
 Metaspace       used 78484K, committed 79296K, reserved 458752K
  class space    used 10611K, committed 11008K, reserved 327680K
}
Event: 30.668 GC heap after
{Heap after GC invocations=17 (full 0):
 garbage-first heap   total 262144K, used 110146K [0x00000000e0000000, 0x0000000100000000)
  region size 1024K, 12 young (12288K), 12 survivors (12288K)
 Metaspace       used 78484K, committed 79296K, reserved 458752K
  class space    used 10611K, committed 11008K, reserved 327680K
}
Event: 32.218 GC heap before
{Heap before GC invocations=17 (full 0):
 garbage-first heap   total 262144K, used 208450K [0x00000000e0000000, 0x0000000100000000)
  region size 1024K, 109 young (111616K), 12 survivors (12288K)
 Metaspace       used 79343K, committed 80192K, reserved 458752K
  class space    used 10660K, committed 11072K, reserved 327680K
}
Event: 32.226 GC heap after
{Heap after GC invocations=18 (full 0):
 garbage-first heap   total 262144K, used 113172K [0x00000000e0000000, 0x0000000100000000)
  region size 1024K, 5 young (5120K), 5 survivors (5120K)
 Metaspace       used 79343K, committed 80192K, reserved 458752K
  class space    used 10660K, committed 11072K, reserved 327680K
}

