# JRE version: OpenJDK Runtime Environment Microsoft-11369865 (17.0.15+6) (build 17.0.15+6-LTS)
# Java VM: OpenJDK 64-Bit Server VM Microsoft-11369865 (17.0.15+6-LTS, mixed mode, sharing, tiered, compressed oops, compressed class ptrs, g1 gc, windows-amd64)
GC Precious Log:
 CPUs: 12 total, 12 available
 Memory: 7835M
 Large Page Support: Disabled
 NUMA Support: Disabled
 Compressed Oops: Enabled (Zero based)
 Heap Region Size: 2M
 Heap Min Capacity: 8M
 Heap Initial Capacity: 124M
 Heap Max Capacity: 3G
 Pre-touch: Disabled
 Parallel Workers: 10
 Concurrent Workers: 3
 Concurrent Refinement Workers: 10
 Periodic GC: Disabled
Heap:
 garbage-first heap   total 151552K, used 106831K [0x0000000740000000, 0x0000000800000000)
  region size 2048K, 12 young (24576K), 3 survivors (6144K)
 Metaspace       used 85081K, committed 86080K, reserved 770048K
  class space    used 11967K, committed 12416K, reserved 638976K
GC Heap History (20 events):
Event: 9.530 GC heap before
{Heap before GC invocations=17 (full 0):
 garbage-first heap   total 124928K, used 64642K [0x0000000740000000, 0x0000000800000000)
  region size 2048K, 5 young (10240K), 3 survivors (6144K)
 Metaspace       used 59348K, committed 60096K, reserved 704512K
  class space    used 8299K, committed 8704K, reserved 638976K
}
Event: 9.533 GC heap after
{Heap after GC invocations=18 (full 0):
 garbage-first heap   total 124928K, used 63146K [0x0000000740000000, 0x0000000800000000)
  region size 2048K, 1 young (2048K), 1 survivors (2048K)
 Metaspace       used 59348K, committed 60096K, reserved 704512K
  class space    used 8299K, committed 8704K, reserved 638976K
}
Event: 9.987 GC heap before
{Heap before GC invocations=19 (full 0):
 garbage-first heap   total 124928K, used 95914K [0x0000000740000000, 0x0000000800000000)
  region size 2048K, 18 young (36864K), 1 survivors (2048K)
 Metaspace       used 61443K, committed 62272K, reserved 704512K
  class space    used 8577K, committed 8960K, reserved 638976K
}
Event: 9.989 GC heap after
{Heap after GC invocations=20 (full 0):
 garbage-first heap   total 124928K, used 63647K [0x0000000740000000, 0x0000000800000000)
  region size 2048K, 1 young (2048K), 1 survivors (2048K)
 Metaspace       used 61443K, committed 62272K, reserved 704512K
  class space    used 8577K, committed 8960K, reserved 638976K
}
Event: 10.440 GC heap before
{Heap before GC invocations=20 (full 0):
 garbage-first heap   total 124928K, used 100511K [0x0000000740000000, 0x0000000800000000)
  region size 2048K, 19 young (38912K), 1 survivors (2048K)
 Metaspace       used 64399K, committed 65152K, reserved 704512K
  class space    used 9097K, committed 9472K, reserved 638976K
}
Event: 10.443 GC heap after
{Heap after GC invocations=21 (full 0):
 garbage-first heap   total 124928K, used 64704K [0x0000000740000000, 0x0000000800000000)
  region size 2048K, 2 young (4096K), 2 survivors (4096K)
 Metaspace       used 64399K, committed 65152K, reserved 704512K
  class space    used 9097K, committed 9472K, reserved 638976K
}
Event: 10.816 GC heap before
{Heap before GC invocations=22 (full 0):
 garbage-first heap   total 124928K, used 99520K [0x0000000740000000, 0x0000000800000000)
  region size 2048K, 19 young (38912K), 2 survivors (4096K)
 Metaspace       used 66124K, committed 66880K, reserved 704512K
  class space    used 9353K, committed 9728K, reserved 638976K
}
Event: 10.819 GC heap after
{Heap after GC invocations=23 (full 0):
 garbage-first heap   total 124928K, used 65697K [0x0000000740000000, 0x0000000800000000)
  region size 2048K, 2 young (4096K), 2 survivors (4096K)
 Metaspace       used 66124K, committed 66880K, reserved 704512K
  class space    used 9353K, committed 9728K, reserved 638976K
}
Event: 11.371 GC heap before
{Heap before GC invocations=23 (full 0):
 garbage-first heap   total 124928K, used 102561K [0x0000000740000000, 0x0000000800000000)
  region size 2048K, 20 young (40960K), 2 survivors (4096K)
 Metaspace       used 67372K, committed 68224K, reserved 704512K
  class space    used 9519K, committed 9920K, reserved 638976K
}
Event: 11.377 GC heap after
{Heap after GC invocations=24 (full 0):
 garbage-first heap   total 124928K, used 69438K [0x0000000740000000, 0x0000000800000000)
  region size 2048K, 3 young (6144K), 3 survivors (6144K)
 Metaspace       used 67372K, committed 68224K, reserved 704512K
  class space    used 9519K, committed 9920K, reserved 638976K
}
Event: 11.905 GC heap before
{Heap before GC invocations=25 (full 0):
 garbage-first heap   total 124928K, used 102206K [0x0000000740000000, 0x0000000800000000)
  region size 2048K, 19 young (38912K), 3 survivors (6144K)
 Metaspace       used 68799K, committed 69696K, reserved 704512K
  class space    used 9745K, committed 10176K, reserved 638976K
}
Event: 11.911 GC heap after
{Heap after GC invocations=26 (full 0):
 garbage-first heap   total 151552K, used 72195K [0x0000000740000000, 0x0000000800000000)
  region size 2048K, 2 young (4096K), 2 survivors (4096K)
 Metaspace       used 68799K, committed 69696K, reserved 704512K
  class space    used 9745K, committed 10176K, reserved 638976K
}
Event: 12.831 GC heap before
{Heap before GC invocations=26 (full 0):
 garbage-first heap   total 151552K, used 123395K [0x0000000740000000, 0x0000000800000000)
  region size 2048K, 27 young (55296K), 2 survivors (4096K)
 Metaspace       used 72394K, committed 73280K, reserved 704512K
  class space    used 10318K, committed 10752K, reserved 638976K
}
Event: 12.838 GC heap after
{Heap after GC invocations=27 (full 0):
 garbage-first heap   total 151552K, used 75340K [0x0000000740000000, 0x0000000800000000)
  region size 2048K, 4 young (8192K), 4 survivors (8192K)
 Metaspace       used 72394K, committed 73280K, reserved 704512K
  class space    used 10318K, committed 10752K, reserved 638976K
}
Event: 13.521 GC heap before
{Heap before GC invocations=28 (full 0):
 garbage-first heap   total 151552K, used 122444K [0x0000000740000000, 0x0000000800000000)
  region size 2048K, 27 young (55296K), 4 survivors (8192K)
 Metaspace       used 76221K, committed 77248K, reserved 770048K
  class space    used 10848K, committed 11328K, reserved 638976K
}
Event: 13.529 GC heap after
{Heap after GC invocations=29 (full 0):
 garbage-first heap   total 151552K, used 79313K [0x0000000740000000, 0x0000000800000000)
  region size 2048K, 4 young (8192K), 4 survivors (8192K)
 Metaspace       used 76221K, committed 77248K, reserved 770048K
  class space    used 10848K, committed 11328K, reserved 638976K
}
Event: 13.570 GC heap before
{Heap before GC invocations=29 (full 0):
 garbage-first heap   total 151552K, used 79313K [0x0000000740000000, 0x0000000800000000)
  region size 2048K, 5 young (10240K), 4 survivors (8192K)
 Metaspace       used 76770K, committed 77696K, reserved 770048K
  class space    used 10916K, committed 11328K, reserved 638976K
}
Event: 13.575 GC heap after
{Heap after GC invocations=30 (full 0):
 garbage-first heap   total 151552K, used 79458K [0x0000000740000000, 0x0000000800000000)
  region size 2048K, 1 young (2048K), 1 survivors (2048K)
 Metaspace       used 76770K, committed 77696K, reserved 770048K
  class space    used 10916K, committed 11328K, reserved 638976K
}
Event: 24.596 GC heap before
{Heap before GC invocations=30 (full 0):
 garbage-first heap   total 151552K, used 122466K [0x0000000740000000, 0x0000000800000000)
  region size 2048K, 22 young (45056K), 1 survivors (2048K)
 Metaspace       used 83558K, committed 84544K, reserved 770048K
  class space    used 11794K, committed 12288K, reserved 638976K
}
Event: 24.600 GC heap after
{Heap after GC invocations=31 (full 0):
 garbage-first heap   total 151552K, used 82255K [0x0000000740000000, 0x0000000800000000)
  region size 2048K, 3 young (6144K), 3 survivors (6144K)
 Metaspace       used 83558K, committed 84544K, reserved 770048K
  class space    used 11794K, committed 12288K, reserved 638976K
}

