# JRE version: OpenJDK Runtime Environment Microsoft-11369865 (17.0.15+6) (build 17.0.15+6-LTS)
# Java VM: OpenJDK 64-Bit Server VM Microsoft-11369865 (17.0.15+6-LTS, mixed mode, sharing, tiered, compressed oops, compressed class ptrs, g1 gc, windows-amd64)
GC Precious Log:
 CPUs: 12 total, 12 available
 Memory: 7835M
 Large Page Support: Disabled
 NUMA Support: Disabled
 Compressed Oops: Enabled (32-bit)
 Heap Region Size: 1M
 Heap Min Capacity: 256M
 Heap Initial Capacity: 256M
 Heap Max Capacity: 512M
 Pre-touch: Disabled
 Parallel Workers: 10
 Concurrent Workers: 3
 Concurrent Refinement Workers: 10
 Periodic GC: Disabled
Heap:
 garbage-first heap   total 281600K, used 219456K [0x00000000e0000000, 0x0000000100000000)
  region size 1024K, 56 young (57344K), 4 survivors (4096K)
 Metaspace       used 118163K, committed 119296K, reserved 458752K
  class space    used 16301K, committed 16832K, reserved 327680K
GC Heap History (20 events):
Event: 26.353 GC heap before
{Heap before GC invocations=28 (full 0):
 garbage-first heap   total 266240K, used 160183K [0x00000000e0000000, 0x0000000100000000)
  region size 1024K, 13 young (13312K), 5 survivors (5120K)
 Metaspace       used 98827K, committed 99840K, reserved 458752K
  class space    used 13684K, committed 14144K, reserved 327680K
}
Event: 26.358 GC heap after
{Heap after GC invocations=29 (full 0):
 garbage-first heap   total 266240K, used 149360K [0x00000000e0000000, 0x0000000100000000)
  region size 1024K, 1 young (1024K), 1 survivors (1024K)
 Metaspace       used 98827K, committed 99840K, reserved 458752K
  class space    used 13684K, committed 14144K, reserved 327680K
}
Event: 27.385 GC heap before
{Heap before GC invocations=29 (full 0):
 garbage-first heap   total 266240K, used 223088K [0x00000000e0000000, 0x0000000100000000)
  region size 1024K, 74 young (75776K), 1 survivors (1024K)
 Metaspace       used 104282K, committed 105344K, reserved 458752K
  class space    used 14333K, committed 14848K, reserved 327680K
}
Event: 27.389 GC heap after
{Heap after GC invocations=30 (full 0):
 garbage-first heap   total 266240K, used 150541K [0x00000000e0000000, 0x0000000100000000)
  region size 1024K, 2 young (2048K), 2 survivors (2048K)
 Metaspace       used 104282K, committed 105344K, reserved 458752K
  class space    used 14333K, committed 14848K, reserved 327680K
}
Event: 28.500 GC heap before
{Heap before GC invocations=31 (full 0):
 garbage-first heap   total 266240K, used 226317K [0x00000000e0000000, 0x0000000100000000)
  region size 1024K, 76 young (77824K), 2 survivors (2048K)
 Metaspace       used 109297K, committed 110272K, reserved 458752K
  class space    used 15005K, committed 15488K, reserved 327680K
}
Event: 28.507 GC heap after
{Heap after GC invocations=32 (full 0):
 garbage-first heap   total 266240K, used 155421K [0x00000000e0000000, 0x0000000100000000)
  region size 1024K, 7 young (7168K), 7 survivors (7168K)
 Metaspace       used 109297K, committed 110272K, reserved 458752K
  class space    used 15005K, committed 15488K, reserved 327680K
}
Event: 28.568 GC heap before
{Heap before GC invocations=32 (full 0):
 garbage-first heap   total 266240K, used 161565K [0x00000000e0000000, 0x0000000100000000)
  region size 1024K, 13 young (13312K), 7 survivors (7168K)
 Metaspace       used 109385K, committed 110464K, reserved 458752K
  class space    used 15019K, committed 15552K, reserved 327680K
}
Event: 28.575 GC heap after
{Heap after GC invocations=33 (full 0):
 garbage-first heap   total 266240K, used 152830K [0x00000000e0000000, 0x0000000100000000)
  region size 1024K, 2 young (2048K), 2 survivors (2048K)
 Metaspace       used 109385K, committed 110464K, reserved 458752K
  class space    used 15019K, committed 15552K, reserved 327680K
}
Event: 29.729 GC heap before
{Heap before GC invocations=33 (full 0):
 garbage-first heap   total 266240K, used 225534K [0x00000000e0000000, 0x0000000100000000)
  region size 1024K, 73 young (74752K), 2 survivors (2048K)
 Metaspace       used 114701K, committed 115840K, reserved 458752K
  class space    used 15858K, committed 16384K, reserved 327680K
}
Event: 29.733 GC heap after
{Heap after GC invocations=34 (full 0):
 garbage-first heap   total 266240K, used 155465K [0x00000000e0000000, 0x0000000100000000)
  region size 1024K, 5 young (5120K), 5 survivors (5120K)
 Metaspace       used 114701K, committed 115840K, reserved 458752K
  class space    used 15858K, committed 16384K, reserved 327680K
}
Event: 30.852 GC heap before
{Heap before GC invocations=34 (full 0):
 garbage-first heap   total 266240K, used 225097K [0x00000000e0000000, 0x0000000100000000)
  region size 1024K, 74 young (75776K), 5 survivors (5120K)
 Metaspace       used 117290K, committed 118400K, reserved 458752K
  class space    used 16179K, committed 16704K, reserved 327680K
}
Event: 30.860 GC heap after
{Heap after GC invocations=35 (full 0):
 garbage-first heap   total 266240K, used 160718K [0x00000000e0000000, 0x0000000100000000)
  region size 1024K, 10 young (10240K), 10 survivors (10240K)
 Metaspace       used 117290K, committed 118400K, reserved 458752K
  class space    used 16179K, committed 16704K, reserved 327680K
}
Event: 31.302 GC heap before
{Heap before GC invocations=35 (full 0):
 garbage-first heap   total 266240K, used 225230K [0x00000000e0000000, 0x0000000100000000)
  region size 1024K, 74 young (75776K), 10 survivors (10240K)
 Metaspace       used 117299K, committed 118400K, reserved 458752K
  class space    used 16179K, committed 16704K, reserved 327680K
}
Event: 31.309 GC heap after
{Heap after GC invocations=36 (full 0):
 garbage-first heap   total 266240K, used 162509K [0x00000000e0000000, 0x0000000100000000)
  region size 1024K, 3 young (3072K), 3 survivors (3072K)
 Metaspace       used 117299K, committed 118400K, reserved 458752K
  class space    used 16179K, committed 16704K, reserved 327680K
}
Event: 32.242 GC heap before
{Heap before GC invocations=37 (full 0):
 garbage-first heap   total 281600K, used 225997K [0x00000000e0000000, 0x0000000100000000)
  region size 1024K, 65 young (66560K), 3 survivors (3072K)
 Metaspace       used 117569K, committed 118656K, reserved 458752K
  class space    used 16211K, committed 16704K, reserved 327680K
}
Event: 32.247 GC heap after
{Heap after GC invocations=38 (full 0):
 garbage-first heap   total 281600K, used 166123K [0x00000000e0000000, 0x0000000100000000)
  region size 1024K, 6 young (6144K), 6 survivors (6144K)
 Metaspace       used 117569K, committed 118656K, reserved 458752K
  class space    used 16211K, committed 16704K, reserved 327680K
}
Event: 32.273 GC heap before
{Heap before GC invocations=38 (full 0):
 garbage-first heap   total 281600K, used 172267K [0x00000000e0000000, 0x0000000100000000)
  region size 1024K, 13 young (13312K), 6 survivors (6144K)
 Metaspace       used 117569K, committed 118656K, reserved 458752K
  class space    used 16211K, committed 16704K, reserved 327680K
}
Event: 32.278 GC heap after
{Heap after GC invocations=39 (full 0):
 garbage-first heap   total 281600K, used 164283K [0x00000000e0000000, 0x0000000100000000)
  region size 1024K, 1 young (1024K), 1 survivors (1024K)
 Metaspace       used 117569K, committed 118656K, reserved 458752K
  class space    used 16211K, committed 16704K, reserved 327680K
}
Event: 34.344 GC heap before
{Heap before GC invocations=39 (full 0):
 garbage-first heap   total 281600K, used 238011K [0x00000000e0000000, 0x0000000100000000)
  region size 1024K, 73 young (74752K), 1 survivors (1024K)
 Metaspace       used 118133K, committed 119296K, reserved 458752K
  class space    used 16297K, committed 16832K, reserved 327680K
}
Event: 34.348 GC heap after
{Heap after GC invocations=40 (full 0):
 garbage-first heap   total 281600K, used 167232K [0x00000000e0000000, 0x0000000100000000)
  region size 1024K, 4 young (4096K), 4 survivors (4096K)
 Metaspace       used 118133K, committed 119296K, reserved 458752K
  class space    used 16297K, committed 16832K, reserved 327680K
}

