# JRE version: OpenJDK Runtime Environment Microsoft-11369865 (17.0.15+6) (build 17.0.15+6-LTS)
# Java VM: OpenJDK 64-Bit Server VM Microsoft-11369865 (17.0.15+6-LTS, mixed mode, sharing, tiered, compressed oops, compressed class ptrs, g1 gc, windows-amd64)
GC Precious Log:
 CPUs: 12 total, 12 available
 Memory: 7835M
 Large Page Support: Disabled
 NUMA Support: Disabled
 Compressed Oops: Enabled (32-bit)
 Heap Region Size: 1M
 Heap Min Capacity: 256M
 Heap Initial Capacity: 256M
 Heap Max Capacity: 512M
 Pre-touch: Disabled
 Parallel Workers: 10
 Concurrent Workers: 3
 Concurrent Refinement Workers: 10
 Periodic GC: Disabled
Heap:
 garbage-first heap   total 262144K, used 208055K [0x00000000e0000000, 0x0000000100000000)
  region size 1024K, 50 young (51200K), 6 survivors (6144K)
 Metaspace       used 123271K, committed 125056K, reserved 458752K
  class space    used 15820K, committed 16640K, reserved 327680K
GC Heap History (20 events):
Event: 67.696 GC heap before
{Heap before GC invocations=43 (full 0):
 garbage-first heap   total 262144K, used 130385K [0x00000000e0000000, 0x0000000100000000)
  region size 1024K, 12 young (12288K), 4 survivors (4096K)
 Metaspace       used 97077K, committed 98688K, reserved 458752K
  class space    used 12409K, committed 13184K, reserved 327680K
}
Event: 67.704 GC heap after
{Heap after GC invocations=44 (full 0):
 garbage-first heap   total 262144K, used 121915K [0x00000000e0000000, 0x0000000100000000)
  region size 1024K, 2 young (2048K), 2 survivors (2048K)
 Metaspace       used 97077K, committed 98688K, reserved 458752K
  class space    used 12409K, committed 13184K, reserved 327680K
}
Event: 68.938 GC heap before
{Heap before GC invocations=44 (full 0):
 garbage-first heap   total 262144K, used 220219K [0x00000000e0000000, 0x0000000100000000)
  region size 1024K, 99 young (101376K), 2 survivors (2048K)
 Metaspace       used 100036K, committed 101632K, reserved 458752K
  class space    used 12753K, committed 13504K, reserved 327680K
}
Event: 68.943 GC heap after
{Heap after GC invocations=45 (full 0):
 garbage-first heap   total 262144K, used 124902K [0x00000000e0000000, 0x0000000100000000)
  region size 1024K, 5 young (5120K), 5 survivors (5120K)
 Metaspace       used 100036K, committed 101632K, reserved 458752K
  class space    used 12753K, committed 13504K, reserved 327680K
}
Event: 70.255 GC heap before
{Heap before GC invocations=45 (full 0):
 garbage-first heap   total 262144K, used 220134K [0x00000000e0000000, 0x0000000100000000)
  region size 1024K, 99 young (101376K), 5 survivors (5120K)
 Metaspace       used 102984K, committed 104640K, reserved 458752K
  class space    used 13097K, committed 13888K, reserved 327680K
}
Event: 70.260 GC heap after
{Heap after GC invocations=46 (full 0):
 garbage-first heap   total 262144K, used 125962K [0x00000000e0000000, 0x0000000100000000)
  region size 1024K, 6 young (6144K), 6 survivors (6144K)
 Metaspace       used 102984K, committed 104640K, reserved 458752K
  class space    used 13097K, committed 13888K, reserved 327680K
}
Event: 71.327 GC heap before
{Heap before GC invocations=46 (full 0):
 garbage-first heap   total 262144K, used 221194K [0x00000000e0000000, 0x0000000100000000)
  region size 1024K, 100 young (102400K), 6 survivors (6144K)
 Metaspace       used 102997K, committed 104640K, reserved 458752K
  class space    used 13097K, committed 13888K, reserved 327680K
}
Event: 71.336 GC heap after
{Heap after GC invocations=47 (full 0):
 garbage-first heap   total 262144K, used 128802K [0x00000000e0000000, 0x0000000100000000)
  region size 1024K, 9 young (9216K), 9 survivors (9216K)
 Metaspace       used 102997K, committed 104640K, reserved 458752K
  class space    used 13097K, committed 13888K, reserved 327680K
}
Event: 73.214 GC heap before
{Heap before GC invocations=47 (full 0):
 garbage-first heap   total 262144K, used 219938K [0x00000000e0000000, 0x0000000100000000)
  region size 1024K, 98 young (100352K), 9 survivors (9216K)
 Metaspace       used 103300K, committed 104960K, reserved 458752K
  class space    used 13133K, committed 13888K, reserved 327680K
}
Event: 73.225 GC heap after
{Heap after GC invocations=48 (full 0):
 garbage-first heap   total 262144K, used 132178K [0x00000000e0000000, 0x0000000100000000)
  region size 1024K, 10 young (10240K), 10 survivors (10240K)
 Metaspace       used 103300K, committed 104960K, reserved 458752K
  class space    used 13133K, committed 13888K, reserved 327680K
}
Event: 74.117 GC heap before
{Heap before GC invocations=48 (full 0):
 garbage-first heap   total 262144K, used 221266K [0x00000000e0000000, 0x0000000100000000)
  region size 1024K, 94 young (96256K), 10 survivors (10240K)
 Metaspace       used 103338K, committed 105024K, reserved 458752K
  class space    used 13138K, committed 13888K, reserved 327680K
}
Event: 74.132 GC heap after
{Heap after GC invocations=49 (full 0):
 garbage-first heap   total 262144K, used 139727K [0x00000000e0000000, 0x0000000100000000)
  region size 1024K, 6 young (6144K), 6 survivors (6144K)
 Metaspace       used 103338K, committed 105024K, reserved 458752K
  class space    used 13138K, committed 13888K, reserved 327680K
}
Event: 76.486 GC heap before
{Heap before GC invocations=49 (full 0):
 garbage-first heap   total 262144K, used 222671K [0x00000000e0000000, 0x0000000100000000)
  region size 1024K, 83 young (84992K), 6 survivors (6144K)
 Metaspace       used 110160K, committed 111872K, reserved 458752K
  class space    used 14025K, committed 14848K, reserved 327680K
}
Event: 76.494 GC heap after
{Heap after GC invocations=50 (full 0):
 garbage-first heap   total 262144K, used 148453K [0x00000000e0000000, 0x0000000100000000)
  region size 1024K, 11 young (11264K), 11 survivors (11264K)
 Metaspace       used 110160K, committed 111872K, reserved 458752K
  class space    used 14025K, committed 14848K, reserved 327680K
}
Event: 78.471 GC heap before
{Heap before GC invocations=50 (full 0):
 garbage-first heap   total 262144K, used 227301K [0x00000000e0000000, 0x0000000100000000)
  region size 1024K, 82 young (83968K), 11 survivors (11264K)
 Metaspace       used 115091K, committed 116800K, reserved 458752K
  class space    used 14707K, committed 15488K, reserved 327680K
}
Event: 78.482 GC heap after
{Heap after GC invocations=51 (full 0):
 garbage-first heap   total 262144K, used 156132K [0x00000000e0000000, 0x0000000100000000)
  region size 1024K, 11 young (11264K), 11 survivors (11264K)
 Metaspace       used 115091K, committed 116800K, reserved 458752K
  class space    used 14707K, committed 15488K, reserved 327680K
}
Event: 81.021 GC heap before
{Heap before GC invocations=51 (full 0):
 garbage-first heap   total 262144K, used 221668K [0x00000000e0000000, 0x0000000100000000)
  region size 1024K, 75 young (76800K), 11 survivors (11264K)
 Metaspace       used 120937K, committed 122688K, reserved 458752K
  class space    used 15495K, committed 16320K, reserved 327680K
}
Event: 81.031 GC heap after
{Heap after GC invocations=52 (full 0):
 garbage-first heap   total 262144K, used 158689K [0x00000000e0000000, 0x0000000100000000)
  region size 1024K, 3 young (3072K), 3 survivors (3072K)
 Metaspace       used 120937K, committed 122688K, reserved 458752K
  class space    used 15495K, committed 16320K, reserved 327680K
}
Event: 83.239 GC heap before
{Heap before GC invocations=52 (full 0):
 garbage-first heap   total 262144K, used 226273K [0x00000000e0000000, 0x0000000100000000)
  region size 1024K, 66 young (67584K), 3 survivors (3072K)
 Metaspace       used 122619K, committed 124352K, reserved 458752K
  class space    used 15753K, committed 16576K, reserved 327680K
}
Event: 83.245 GC heap after
{Heap after GC invocations=53 (full 0):
 garbage-first heap   total 262144K, used 165047K [0x00000000e0000000, 0x0000000100000000)
  region size 1024K, 6 young (6144K), 6 survivors (6144K)
 Metaspace       used 122619K, committed 124352K, reserved 458752K
  class space    used 15753K, committed 16576K, reserved 327680K
}

