# JRE version: OpenJDK Runtime Environment Microsoft-11369865 (17.0.15+6) (build 17.0.15+6-LTS)
# Java VM: OpenJDK 64-Bit Server VM Microsoft-11369865 (17.0.15+6-LTS, mixed mode, sharing, tiered, compressed oops, compressed class ptrs, g1 gc, windows-amd64)
GC Precious Log:
 CPUs: 12 total, 12 available
 Memory: 7835M
 Large Page Support: Disabled
 NUMA Support: Disabled
 Compressed Oops: Enabled (32-bit)
 Heap Region Size: 1M
 Heap Min Capacity: 256M
 Heap Initial Capacity: 256M
 Heap Max Capacity: 512M
 Pre-touch: Disabled
 Parallel Workers: 10
 Concurrent Workers: 3
 Concurrent Refinement Workers: 10
 Periodic GC: Disabled
Heap:
 garbage-first heap   total 262144K, used 108139K [0x00000000e0000000, 0x0000000100000000)
  region size 1024K, 21 young (21504K), 12 survivors (12288K)
 Metaspace       used 82102K, committed 82944K, reserved 458752K
  class space    used 11297K, committed 11712K, reserved 327680K
GC Heap History (20 events):
Event: 8.520 GC heap before
{Heap before GC invocations=5 (full 0):
 garbage-first heap   total 262144K, used 129775K [0x00000000e0000000, 0x0000000100000000)
  region size 1024K, 116 young (118784K), 12 survivors (12288K)
 Metaspace       used 35541K, committed 35968K, reserved 393216K
  class space    used 5040K, committed 5248K, reserved 327680K
}
Event: 8.539 GC heap after
{Heap after GC invocations=6 (full 0):
 garbage-first heap   total 262144K, used 33586K [0x00000000e0000000, 0x0000000100000000)
  region size 1024K, 11 young (11264K), 11 survivors (11264K)
 Metaspace       used 35541K, committed 35968K, reserved 393216K
  class space    used 5040K, committed 5248K, reserved 327680K
}
Event: 12.435 GC heap before
{Heap before GC invocations=7 (full 0):
 garbage-first heap   total 262144K, used 185138K [0x00000000e0000000, 0x0000000100000000)
  region size 1024K, 153 young (156672K), 11 survivors (11264K)
 Metaspace       used 47257K, committed 47744K, reserved 393216K
  class space    used 6617K, committed 6848K, reserved 327680K
}
Event: 12.451 GC heap after
{Heap after GC invocations=8 (full 0):
 garbage-first heap   total 262144K, used 43940K [0x00000000e0000000, 0x0000000100000000)
  region size 1024K, 20 young (20480K), 20 survivors (20480K)
 Metaspace       used 47257K, committed 47744K, reserved 393216K
  class space    used 6617K, committed 6848K, reserved 327680K
}
Event: 15.019 GC heap before
{Heap before GC invocations=8 (full 0):
 garbage-first heap   total 262144K, used 181156K [0x00000000e0000000, 0x0000000100000000)
  region size 1024K, 153 young (156672K), 20 survivors (20480K)
 Metaspace       used 53509K, committed 54144K, reserved 393216K
  class space    used 7361K, committed 7680K, reserved 327680K
}
Event: 15.044 GC heap after
{Heap after GC invocations=9 (full 0):
 garbage-first heap   total 262144K, used 57396K [0x00000000e0000000, 0x0000000100000000)
  region size 1024K, 13 young (13312K), 13 survivors (13312K)
 Metaspace       used 53509K, committed 54144K, reserved 393216K
  class space    used 7361K, committed 7680K, reserved 327680K
}
Event: 18.338 GC heap before
{Heap before GC invocations=9 (full 0):
 garbage-first heap   total 262144K, used 191540K [0x00000000e0000000, 0x0000000100000000)
  region size 1024K, 145 young (148480K), 13 survivors (13312K)
 Metaspace       used 57828K, committed 58496K, reserved 393216K
  class space    used 7878K, committed 8192K, reserved 327680K
}
Event: 18.350 GC heap after
{Heap after GC invocations=10 (full 0):
 garbage-first heap   total 262144K, used 64113K [0x00000000e0000000, 0x0000000100000000)
  region size 1024K, 9 young (9216K), 9 survivors (9216K)
 Metaspace       used 57828K, committed 58496K, reserved 393216K
  class space    used 7878K, committed 8192K, reserved 327680K
}
Event: 20.581 GC heap before
{Heap before GC invocations=10 (full 0):
 garbage-first heap   total 262144K, used 198257K [0x00000000e0000000, 0x0000000100000000)
  region size 1024K, 141 young (144384K), 9 survivors (9216K)
 Metaspace       used 58252K, committed 58944K, reserved 393216K
  class space    used 7898K, committed 8256K, reserved 327680K
}
Event: 20.593 GC heap after
{Heap after GC invocations=11 (full 0):
 garbage-first heap   total 262144K, used 69180K [0x00000000e0000000, 0x0000000100000000)
  region size 1024K, 14 young (14336K), 14 survivors (14336K)
 Metaspace       used 58252K, committed 58944K, reserved 393216K
  class space    used 7898K, committed 8256K, reserved 327680K
}
Event: 21.153 GC heap before
{Heap before GC invocations=11 (full 0):
 garbage-first heap   total 262144K, used 95804K [0x00000000e0000000, 0x0000000100000000)
  region size 1024K, 39 young (39936K), 14 survivors (14336K)
 Metaspace       used 59430K, committed 60096K, reserved 393216K
  class space    used 8045K, committed 8384K, reserved 327680K
}
Event: 21.164 GC heap after
{Heap after GC invocations=12 (full 0):
 garbage-first heap   total 262144K, used 77236K [0x00000000e0000000, 0x0000000100000000)
  region size 1024K, 13 young (13312K), 13 survivors (13312K)
 Metaspace       used 59430K, committed 60096K, reserved 393216K
  class space    used 8045K, committed 8384K, reserved 327680K
}
Event: 23.839 GC heap before
{Heap before GC invocations=13 (full 0):
 garbage-first heap   total 262144K, used 207284K [0x00000000e0000000, 0x0000000100000000)
  region size 1024K, 138 young (141312K), 13 survivors (13312K)
 Metaspace       used 69891K, committed 70656K, reserved 393216K
  class space    used 9408K, committed 9792K, reserved 327680K
}
Event: 23.856 GC heap after
{Heap after GC invocations=14 (full 0):
 garbage-first heap   total 262144K, used 88823K [0x00000000e0000000, 0x0000000100000000)
  region size 1024K, 14 young (14336K), 14 survivors (14336K)
 Metaspace       used 69891K, committed 70656K, reserved 393216K
  class space    used 9408K, committed 9792K, reserved 327680K
}
Event: 23.876 GC heap before
{Heap before GC invocations=14 (full 0):
 garbage-first heap   total 262144K, used 89847K [0x00000000e0000000, 0x0000000100000000)
  region size 1024K, 15 young (15360K), 14 survivors (14336K)
 Metaspace       used 69940K, committed 70720K, reserved 393216K
  class space    used 9410K, committed 9792K, reserved 327680K
}
Event: 23.887 GC heap after
{Heap after GC invocations=15 (full 0):
 garbage-first heap   total 262144K, used 89512K [0x00000000e0000000, 0x0000000100000000)
  region size 1024K, 2 young (2048K), 2 survivors (2048K)
 Metaspace       used 69940K, committed 70720K, reserved 393216K
  class space    used 9410K, committed 9792K, reserved 327680K
}
Event: 25.966 GC heap before
{Heap before GC invocations=15 (full 0):
 garbage-first heap   total 262144K, used 207272K [0x00000000e0000000, 0x0000000100000000)
  region size 1024K, 117 young (119808K), 2 survivors (2048K)
 Metaspace       used 76970K, committed 77760K, reserved 458752K
  class space    used 10568K, committed 10944K, reserved 327680K
}
Event: 25.973 GC heap after
{Heap after GC invocations=16 (full 0):
 garbage-first heap   total 262144K, used 94382K [0x00000000e0000000, 0x0000000100000000)
  region size 1024K, 7 young (7168K), 7 survivors (7168K)
 Metaspace       used 76970K, committed 77760K, reserved 458752K
  class space    used 10568K, committed 10944K, reserved 327680K
}
Event: 29.023 GC heap before
{Heap before GC invocations=16 (full 0):
 garbage-first heap   total 262144K, used 209070K [0x00000000e0000000, 0x0000000100000000)
  region size 1024K, 120 young (122880K), 7 survivors (7168K)
 Metaspace       used 81780K, committed 82624K, reserved 458752K
  class space    used 11278K, committed 11648K, reserved 327680K
}
Event: 29.040 GC heap after
{Heap after GC invocations=17 (full 0):
 garbage-first heap   total 262144K, used 99947K [0x00000000e0000000, 0x0000000100000000)
  region size 1024K, 12 young (12288K), 12 survivors (12288K)
 Metaspace       used 81780K, committed 82624K, reserved 458752K
  class space    used 11278K, committed 11648K, reserved 327680K
}

