# JRE version: OpenJDK Runtime Environment Microsoft-11369865 (17.0.15+6) (build 17.0.15+6-LTS)
# Java VM: OpenJDK 64-Bit Server VM Microsoft-11369865 (17.0.15+6-LTS, mixed mode, sharing, tiered, compressed oops, compressed class ptrs, g1 gc, windows-amd64)
GC Precious Log:
 CPUs: 12 total, 12 available
 Memory: 7835M
 Large Page Support: Disabled
 NUMA Support: Disabled
 Compressed Oops: Enabled (Zero based)
 Heap Region Size: 2M
 Heap Min Capacity: 8M
 Heap Initial Capacity: 124M
 Heap Max Capacity: 3G
 Pre-touch: Disabled
 Parallel Workers: 10
 Concurrent Workers: 3
 Concurrent Refinement Workers: 10
 Periodic GC: Disabled
Heap:
 garbage-first heap   total 274432K, used 185045K [0x0000000740000000, 0x0000000800000000)
  region size 2048K, 37 young (75776K), 7 survivors (14336K)
 Metaspace       used 79231K, committed 80512K, reserved 770048K
  class space    used 10956K, committed 11584K, reserved 638976K
GC Heap History (20 events):
Event: 17.445 GC heap before
{Heap before GC invocations=28 (full 0):
 garbage-first heap   total 137216K, used 111062K [0x0000000740000000, 0x0000000800000000)
  region size 2048K, 18 young (36864K), 2 survivors (4096K)
 Metaspace       used 74481K, committed 75456K, reserved 704512K
  class space    used 10581K, committed 11072K, reserved 638976K
}
Event: 17.450 GC heap after
{Heap after GC invocations=29 (full 0):
 garbage-first heap   total 137216K, used 82699K [0x0000000740000000, 0x0000000800000000)
  region size 2048K, 3 young (6144K), 3 survivors (6144K)
 Metaspace       used 74481K, committed 75456K, reserved 704512K
  class space    used 10581K, committed 11072K, reserved 638976K
}
Event: 17.464 GC heap before
{Heap before GC invocations=29 (full 0):
 garbage-first heap   total 137216K, used 84747K [0x0000000740000000, 0x0000000800000000)
  region size 2048K, 4 young (8192K), 3 survivors (6144K)
 Metaspace       used 74486K, committed 75456K, reserved 704512K
  class space    used 10581K, committed 11072K, reserved 638976K
}
Event: 17.468 GC heap after
{Heap after GC invocations=30 (full 0):
 garbage-first heap   total 137216K, used 82588K [0x0000000740000000, 0x0000000800000000)
  region size 2048K, 1 young (2048K), 1 survivors (2048K)
 Metaspace       used 74486K, committed 75456K, reserved 704512K
  class space    used 10581K, committed 11072K, reserved 638976K
}
Event: 18.168 GC heap before
{Heap before GC invocations=30 (full 0):
 garbage-first heap   total 137216K, used 111260K [0x0000000740000000, 0x0000000800000000)
  region size 2048K, 15 young (30720K), 1 survivors (2048K)
 Metaspace       used 75004K, committed 76032K, reserved 704512K
  class space    used 10599K, committed 11072K, reserved 638976K
}
Event: 18.173 GC heap after
{Heap after GC invocations=31 (full 0):
 garbage-first heap   total 274432K, used 85373K [0x0000000740000000, 0x0000000800000000)
  region size 2048K, 2 young (4096K), 2 survivors (4096K)
 Metaspace       used 75004K, committed 76032K, reserved 704512K
  class space    used 10599K, committed 11072K, reserved 638976K
}
Event: 19.533 GC heap before
{Heap before GC invocations=32 (full 0):
 garbage-first heap   total 274432K, used 204157K [0x0000000740000000, 0x0000000800000000)
  region size 2048K, 61 young (124928K), 2 survivors (4096K)
 Metaspace       used 75166K, committed 76160K, reserved 770048K
  class space    used 10600K, committed 11072K, reserved 638976K
}
Event: 19.541 GC heap after
{Heap after GC invocations=33 (full 0):
 garbage-first heap   total 274432K, used 90436K [0x0000000740000000, 0x0000000800000000)
  region size 2048K, 5 young (10240K), 5 survivors (10240K)
 Metaspace       used 75166K, committed 76160K, reserved 770048K
  class space    used 10600K, committed 11072K, reserved 638976K
}
Event: 19.556 GC heap before
{Heap before GC invocations=33 (full 0):
 garbage-first heap   total 274432K, used 90436K [0x0000000740000000, 0x0000000800000000)
  region size 2048K, 6 young (12288K), 5 survivors (10240K)
 Metaspace       used 75166K, committed 76160K, reserved 770048K
  class space    used 10600K, committed 11072K, reserved 638976K
}
Event: 19.562 GC heap after
{Heap after GC invocations=34 (full 0):
 garbage-first heap   total 274432K, used 90716K [0x0000000740000000, 0x0000000800000000)
  region size 2048K, 1 young (2048K), 1 survivors (2048K)
 Metaspace       used 75166K, committed 76160K, reserved 770048K
  class space    used 10600K, committed 11072K, reserved 638976K
}
Event: 29.925 GC heap before
{Heap before GC invocations=34 (full 0):
 garbage-first heap   total 274432K, used 213596K [0x0000000740000000, 0x0000000800000000)
  region size 2048K, 62 young (126976K), 1 survivors (2048K)
 Metaspace       used 76771K, committed 77824K, reserved 770048K
  class space    used 10832K, committed 11328K, reserved 638976K
}
Event: 29.932 GC heap after
{Heap after GC invocations=35 (full 0):
 garbage-first heap   total 274432K, used 103596K [0x0000000740000000, 0x0000000800000000)
  region size 2048K, 7 young (14336K), 7 survivors (14336K)
 Metaspace       used 76771K, committed 77824K, reserved 770048K
  class space    used 10832K, committed 11328K, reserved 638976K
}
Event: 31.476 GC heap before
{Heap before GC invocations=35 (full 0):
 garbage-first heap   total 274432K, used 210092K [0x0000000740000000, 0x0000000800000000)
  region size 2048K, 60 young (122880K), 7 survivors (14336K)
 Metaspace       used 77653K, committed 78784K, reserved 770048K
  class space    used 10854K, committed 11392K, reserved 638976K
}
Event: 31.487 GC heap after
{Heap after GC invocations=36 (full 0):
 garbage-first heap   total 274432K, used 114415K [0x0000000740000000, 0x0000000800000000)
  region size 2048K, 6 young (12288K), 6 survivors (12288K)
 Metaspace       used 77653K, committed 78784K, reserved 770048K
  class space    used 10854K, committed 11392K, reserved 638976K
}
Event: 38.707 GC heap before
{Heap before GC invocations=36 (full 0):
 garbage-first heap   total 274432K, used 214767K [0x0000000740000000, 0x0000000800000000)
  region size 2048K, 55 young (112640K), 6 survivors (12288K)
 Metaspace       used 78231K, committed 79424K, reserved 770048K
  class space    used 10897K, committed 11456K, reserved 638976K
}
Event: 38.720 GC heap after
{Heap after GC invocations=37 (full 0):
 garbage-first heap   total 274432K, used 119845K [0x0000000740000000, 0x0000000800000000)
  region size 2048K, 5 young (10240K), 5 survivors (10240K)
 Metaspace       used 78231K, committed 79424K, reserved 770048K
  class space    used 10897K, committed 11456K, reserved 638976K
}
Event: 54.918 GC heap before
{Heap before GC invocations=37 (full 0):
 garbage-first heap   total 274432K, used 216101K [0x0000000740000000, 0x0000000800000000)
  region size 2048K, 52 young (106496K), 5 survivors (10240K)
 Metaspace       used 78517K, committed 79680K, reserved 770048K
  class space    used 10906K, committed 11456K, reserved 638976K
}
Event: 54.927 GC heap after
{Heap after GC invocations=38 (full 0):
 garbage-first heap   total 274432K, used 115903K [0x0000000740000000, 0x0000000800000000)
  region size 2048K, 2 young (4096K), 2 survivors (4096K)
 Metaspace       used 78517K, committed 79680K, reserved 770048K
  class space    used 10906K, committed 11456K, reserved 638976K
}
Event: 57.172 GC heap before
{Heap before GC invocations=38 (full 0):
 garbage-first heap   total 274432K, used 218303K [0x0000000740000000, 0x0000000800000000)
  region size 2048K, 52 young (106496K), 2 survivors (4096K)
 Metaspace       used 79095K, committed 80448K, reserved 770048K
  class space    used 10949K, committed 11584K, reserved 638976K
}
Event: 57.184 GC heap after
{Heap after GC invocations=39 (full 0):
 garbage-first heap   total 274432K, used 125653K [0x0000000740000000, 0x0000000800000000)
  region size 2048K, 7 young (14336K), 7 survivors (14336K)
 Metaspace       used 79095K, committed 80448K, reserved 770048K
  class space    used 10949K, committed 11584K, reserved 638976K
}

