# JRE version: OpenJDK Runtime Environment Microsoft-11369865 (17.0.15+6) (build 17.0.15+6-LTS)
# Java VM: OpenJDK 64-Bit Server VM Microsoft-11369865 (17.0.15+6-LTS, mixed mode, sharing, tiered, compressed oops, compressed class ptrs, g1 gc, windows-amd64)
GC Precious Log:
 CPUs: 12 total, 12 available
 Memory: 7835M
 Large Page Support: Disabled
 NUMA Support: Disabled
 Compressed Oops: Enabled (32-bit)
 Heap Region Size: 1M
 Heap Min Capacity: 256M
 Heap Initial Capacity: 256M
 Heap Max Capacity: 512M
 Pre-touch: Disabled
 Parallel Workers: 10
 Concurrent Workers: 3
 Concurrent Refinement Workers: 10
 Periodic GC: Disabled
Heap:
 garbage-first heap   total 262144K, used 132001K [0x00000000e0000000, 0x0000000100000000)
  region size 1024K, 28 young (28672K), 11 survivors (11264K)
 Metaspace       used 91324K, committed 92160K, reserved 458752K
  class space    used 12431K, committed 12864K, reserved 327680K
GC Heap History (20 events):
Event: 45.568 GC heap before
{Heap before GC invocations=7 (full 0):
 garbage-first heap   total 262144K, used 183732K [0x00000000e0000000, 0x0000000100000000)
  region size 1024K, 153 young (156672K), 12 survivors (12288K)
 Metaspace       used 47225K, committed 47808K, reserved 393216K
  class space    used 6561K, committed 6848K, reserved 327680K
}
Event: 45.607 GC heap after
{Heap after GC invocations=8 (full 0):
 garbage-first heap   total 262144K, used 43443K [0x00000000e0000000, 0x0000000100000000)
  region size 1024K, 19 young (19456K), 19 survivors (19456K)
 Metaspace       used 47225K, committed 47808K, reserved 393216K
  class space    used 6561K, committed 6848K, reserved 327680K
}
Event: 49.715 GC heap before
{Heap before GC invocations=8 (full 0):
 garbage-first heap   total 262144K, used 179635K [0x00000000e0000000, 0x0000000100000000)
  region size 1024K, 153 young (156672K), 19 survivors (19456K)
 Metaspace       used 49080K, committed 49600K, reserved 393216K
  class space    used 6777K, committed 7040K, reserved 327680K
}
Event: 49.736 GC heap after
{Heap after GC invocations=9 (full 0):
 garbage-first heap   total 262144K, used 49457K [0x00000000e0000000, 0x0000000100000000)
  region size 1024K, 18 young (18432K), 18 survivors (18432K)
 Metaspace       used 49080K, committed 49600K, reserved 393216K
  class space    used 6777K, committed 7040K, reserved 327680K
}
Event: 60.225 GC heap before
{Heap before GC invocations=9 (full 0):
 garbage-first heap   total 262144K, used 192817K [0x00000000e0000000, 0x0000000100000000)
  region size 1024K, 153 young (156672K), 18 survivors (18432K)
 Metaspace       used 57827K, committed 58368K, reserved 393216K
  class space    used 7935K, committed 8192K, reserved 327680K
}
Event: 60.261 GC heap after
{Heap after GC invocations=10 (full 0):
 garbage-first heap   total 262144K, used 62024K [0x00000000e0000000, 0x0000000100000000)
  region size 1024K, 15 young (15360K), 15 survivors (15360K)
 Metaspace       used 57827K, committed 58368K, reserved 393216K
  class space    used 7935K, committed 8192K, reserved 327680K
}
Event: 61.774 GC heap before
{Heap before GC invocations=10 (full 0):
 garbage-first heap   total 262144K, used 89672K [0x00000000e0000000, 0x0000000100000000)
  region size 1024K, 43 young (44032K), 15 survivors (15360K)
 Metaspace       used 59585K, committed 60096K, reserved 393216K
  class space    used 8154K, committed 8384K, reserved 327680K
}
Event: 61.784 GC heap after
{Heap after GC invocations=11 (full 0):
 garbage-first heap   total 262144K, used 65868K [0x00000000e0000000, 0x0000000100000000)
  region size 1024K, 14 young (14336K), 14 survivors (14336K)
 Metaspace       used 59585K, committed 60096K, reserved 393216K
  class space    used 8154K, committed 8384K, reserved 327680K
}
Event: 67.074 GC heap before
{Heap before GC invocations=12 (full 0):
 garbage-first heap   total 262144K, used 201036K [0x00000000e0000000, 0x0000000100000000)
  region size 1024K, 146 young (149504K), 14 survivors (14336K)
 Metaspace       used 66277K, committed 66944K, reserved 393216K
  class space    used 9223K, committed 9536K, reserved 327680K
}
Event: 67.087 GC heap after
{Heap after GC invocations=13 (full 0):
 garbage-first heap   total 262144K, used 74617K [0x00000000e0000000, 0x0000000100000000)
  region size 1024K, 13 young (13312K), 13 survivors (13312K)
 Metaspace       used 66277K, committed 66944K, reserved 393216K
  class space    used 9223K, committed 9536K, reserved 327680K
}
Event: 76.093 GC heap before
{Heap before GC invocations=13 (full 0):
 garbage-first heap   total 262144K, used 202617K [0x00000000e0000000, 0x0000000100000000)
  region size 1024K, 138 young (141312K), 13 survivors (13312K)
 Metaspace       used 74351K, committed 75136K, reserved 393216K
  class space    used 10409K, committed 10816K, reserved 327680K
}
Event: 76.108 GC heap after
{Heap after GC invocations=14 (full 0):
 garbage-first heap   total 262144K, used 81733K [0x00000000e0000000, 0x0000000100000000)
  region size 1024K, 16 young (16384K), 16 survivors (16384K)
 Metaspace       used 74351K, committed 75136K, reserved 393216K
  class space    used 10409K, committed 10816K, reserved 327680K
}
Event: 80.602 GC heap before
{Heap before GC invocations=14 (full 0):
 garbage-first heap   total 262144K, used 206661K [0x00000000e0000000, 0x0000000100000000)
  region size 1024K, 139 young (142336K), 16 survivors (16384K)
 Metaspace       used 74662K, committed 75456K, reserved 393216K
  class space    used 10427K, committed 10816K, reserved 327680K
}
Event: 80.622 GC heap after
{Heap after GC invocations=15 (full 0):
 garbage-first heap   total 262144K, used 88329K [0x00000000e0000000, 0x0000000100000000)
  region size 1024K, 14 young (14336K), 14 survivors (14336K)
 Metaspace       used 74662K, committed 75456K, reserved 393216K
  class space    used 10427K, committed 10816K, reserved 327680K
}
Event: 87.881 GC heap before
{Heap before GC invocations=15 (full 0):
 garbage-first heap   total 262144K, used 210185K [0x00000000e0000000, 0x0000000100000000)
  region size 1024K, 132 young (135168K), 14 survivors (14336K)
 Metaspace       used 79748K, committed 80576K, reserved 458752K
  class space    used 10989K, committed 11392K, reserved 327680K
}
Event: 87.896 GC heap after
{Heap after GC invocations=16 (full 0):
 garbage-first heap   total 262144K, used 99968K [0x00000000e0000000, 0x0000000100000000)
  region size 1024K, 17 young (17408K), 17 survivors (17408K)
 Metaspace       used 79748K, committed 80576K, reserved 458752K
  class space    used 10989K, committed 11392K, reserved 327680K
}
Event: 91.393 GC heap before
{Heap before GC invocations=16 (full 0):
 garbage-first heap   total 262144K, used 212608K [0x00000000e0000000, 0x0000000100000000)
  region size 1024K, 123 young (125952K), 17 survivors (17408K)
 Metaspace       used 83420K, committed 84352K, reserved 458752K
  class space    used 11475K, committed 11904K, reserved 327680K
}
Event: 91.409 GC heap after
{Heap after GC invocations=17 (full 0):
 garbage-first heap   total 262144K, used 105799K [0x00000000e0000000, 0x0000000100000000)
  region size 1024K, 5 young (5120K), 5 survivors (5120K)
 Metaspace       used 83420K, committed 84352K, reserved 458752K
  class space    used 11475K, committed 11904K, reserved 327680K
}
Event: 98.677 GC heap before
{Heap before GC invocations=17 (full 0):
 garbage-first heap   total 262144K, used 215367K [0x00000000e0000000, 0x0000000100000000)
  region size 1024K, 108 young (110592K), 5 survivors (5120K)
 Metaspace       used 91219K, committed 92096K, reserved 458752K
  class space    used 12420K, committed 12864K, reserved 327680K
}
Event: 98.688 GC heap after
{Heap after GC invocations=18 (full 0):
 garbage-first heap   total 262144K, used 115617K [0x00000000e0000000, 0x0000000100000000)
  region size 1024K, 11 young (11264K), 11 survivors (11264K)
 Metaspace       used 91219K, committed 92096K, reserved 458752K
  class space    used 12420K, committed 12864K, reserved 327680K
}

