# JRE version: OpenJDK Runtime Environment Microsoft-11369865 (17.0.15+6) (build 17.0.15+6-LTS)
# Java VM: OpenJDK 64-Bit Server VM Microsoft-11369865 (17.0.15+6-LTS, mixed mode, sharing, tiered, compressed oops, compressed class ptrs, g1 gc, windows-amd64)
GC Precious Log:
 CPUs: 12 total, 12 available
 Memory: 7835M
 Large Page Support: Disabled
 NUMA Support: Disabled
 Compressed Oops: Enabled (Zero based)
 Heap Region Size: 2M
 Heap Min Capacity: 8M
 Heap Initial Capacity: 124M
 Heap Max Capacity: 3G
 Pre-touch: Disabled
 Parallel Workers: 10
 Concurrent Workers: 3
 Concurrent Refinement Workers: 10
 Periodic GC: Disabled
Heap:
 garbage-first heap   total 116736K, used 61755K [0x0000000740000000, 0x0000000800000000)
  region size 2048K, 13 young (26624K), 4 survivors (8192K)
 Metaspace       used 54760K, committed 55360K, reserved 704512K
  class space    used 7706K, committed 8000K, reserved 638976K
GC Heap History (20 events):
Event: 5.049 GC heap before
{Heap before GC invocations=4 (full 0):
 garbage-first heap   total 126976K, used 54055K [0x0000000740000000, 0x0000000800000000)
  region size 2048K, 21 young (43008K), 5 survivors (10240K)
 Metaspace       used 21152K, committed 21504K, reserved 704512K
  class space    used 3090K, committed 3264K, reserved 638976K
}
Event: 5.054 GC heap after
{Heap after GC invocations=5 (full 0):
 garbage-first heap   total 126976K, used 25043K [0x0000000740000000, 0x0000000800000000)
  region size 2048K, 4 young (8192K), 4 survivors (8192K)
 Metaspace       used 21152K, committed 21504K, reserved 704512K
  class space    used 3090K, committed 3264K, reserved 638976K
}
Event: 6.164 GC heap before
{Heap before GC invocations=6 (full 0):
 garbage-first heap   total 96256K, used 74195K [0x0000000740000000, 0x0000000800000000)
  region size 2048K, 28 young (57344K), 4 survivors (8192K)
 Metaspace       used 27117K, committed 27520K, reserved 704512K
  class space    used 3969K, committed 4160K, reserved 638976K
}
Event: 6.171 GC heap after
{Heap after GC invocations=7 (full 0):
 garbage-first heap   total 96256K, used 28445K [0x0000000740000000, 0x0000000800000000)
  region size 2048K, 3 young (6144K), 3 survivors (6144K)
 Metaspace       used 27117K, committed 27520K, reserved 704512K
  class space    used 3969K, committed 4160K, reserved 638976K
}
Event: 7.220 GC heap before
{Heap before GC invocations=7 (full 0):
 garbage-first heap   total 96256K, used 67357K [0x0000000740000000, 0x0000000800000000)
  region size 2048K, 23 young (47104K), 3 survivors (6144K)
 Metaspace       used 33462K, committed 33920K, reserved 704512K
  class space    used 4834K, committed 5056K, reserved 638976K
}
Event: 7.227 GC heap after
{Heap after GC invocations=8 (full 0):
 garbage-first heap   total 96256K, used 31444K [0x0000000740000000, 0x0000000800000000)
  region size 2048K, 2 young (4096K), 2 survivors (4096K)
 Metaspace       used 33462K, committed 33920K, reserved 704512K
  class space    used 4834K, committed 5056K, reserved 638976K
}
Event: 7.456 GC heap before
{Heap before GC invocations=8 (full 0):
 garbage-first heap   total 96256K, used 39636K [0x0000000740000000, 0x0000000800000000)
  region size 2048K, 8 young (16384K), 2 survivors (4096K)
 Metaspace       used 35571K, committed 35968K, reserved 704512K
  class space    used 5050K, committed 5248K, reserved 638976K
}
Event: 7.460 GC heap after
{Heap after GC invocations=9 (full 0):
 garbage-first heap   total 96256K, used 32852K [0x0000000740000000, 0x0000000800000000)
  region size 2048K, 3 young (6144K), 3 survivors (6144K)
 Metaspace       used 35571K, committed 35968K, reserved 704512K
  class space    used 5050K, committed 5248K, reserved 638976K
}
Event: 7.965 GC heap before
{Heap before GC invocations=10 (full 0):
 garbage-first heap   total 96256K, used 71764K [0x0000000740000000, 0x0000000800000000)
  region size 2048K, 21 young (43008K), 3 survivors (6144K)
 Metaspace       used 37795K, committed 38336K, reserved 704512K
  class space    used 5228K, committed 5504K, reserved 638976K
}
Event: 7.970 GC heap after
{Heap after GC invocations=11 (full 0):
 garbage-first heap   total 96256K, used 36705K [0x0000000740000000, 0x0000000800000000)
  region size 2048K, 3 young (6144K), 3 survivors (6144K)
 Metaspace       used 37795K, committed 38336K, reserved 704512K
  class space    used 5228K, committed 5504K, reserved 638976K
}
Event: 8.532 GC heap before
{Heap before GC invocations=11 (full 0):
 garbage-first heap   total 96256K, used 69473K [0x0000000740000000, 0x0000000800000000)
  region size 2048K, 19 young (38912K), 3 survivors (6144K)
 Metaspace       used 39475K, committed 40064K, reserved 704512K
  class space    used 5490K, committed 5760K, reserved 638976K
}
Event: 8.540 GC heap after
{Heap after GC invocations=12 (full 0):
 garbage-first heap   total 96256K, used 38756K [0x0000000740000000, 0x0000000800000000)
  region size 2048K, 2 young (4096K), 2 survivors (4096K)
 Metaspace       used 39475K, committed 40064K, reserved 704512K
  class space    used 5490K, committed 5760K, reserved 638976K
}
Event: 9.026 GC heap before
{Heap before GC invocations=12 (full 0):
 garbage-first heap   total 96256K, used 69476K [0x0000000740000000, 0x0000000800000000)
  region size 2048K, 17 young (34816K), 2 survivors (4096K)
 Metaspace       used 41999K, committed 42560K, reserved 704512K
  class space    used 5879K, committed 6144K, reserved 638976K
}
Event: 9.029 GC heap after
{Heap after GC invocations=13 (full 0):
 garbage-first heap   total 96256K, used 40077K [0x0000000740000000, 0x0000000800000000)
  region size 2048K, 2 young (4096K), 2 survivors (4096K)
 Metaspace       used 41999K, committed 42560K, reserved 704512K
  class space    used 5879K, committed 6144K, reserved 638976K
}
Event: 9.571 GC heap before
{Heap before GC invocations=13 (full 0):
 garbage-first heap   total 96256K, used 72845K [0x0000000740000000, 0x0000000800000000)
  region size 2048K, 18 young (36864K), 2 survivors (4096K)
 Metaspace       used 45077K, committed 45632K, reserved 704512K
  class space    used 6394K, committed 6656K, reserved 638976K
}
Event: 9.577 GC heap after
{Heap after GC invocations=14 (full 0):
 garbage-first heap   total 96256K, used 41350K [0x0000000740000000, 0x0000000800000000)
  region size 2048K, 2 young (4096K), 2 survivors (4096K)
 Metaspace       used 45077K, committed 45632K, reserved 704512K
  class space    used 6394K, committed 6656K, reserved 638976K
}
Event: 10.607 GC heap before
{Heap before GC invocations=14 (full 0):
 garbage-first heap   total 96256K, used 72070K [0x0000000740000000, 0x0000000800000000)
  region size 2048K, 18 young (36864K), 2 survivors (4096K)
 Metaspace       used 48923K, committed 49536K, reserved 704512K
  class space    used 6821K, committed 7104K, reserved 638976K
}
Event: 10.610 GC heap after
{Heap after GC invocations=15 (full 0):
 garbage-first heap   total 116736K, used 42485K [0x0000000740000000, 0x0000000800000000)
  region size 2048K, 2 young (4096K), 2 survivors (4096K)
 Metaspace       used 48923K, committed 49536K, reserved 704512K
  class space    used 6821K, committed 7104K, reserved 638976K
}
Event: 12.634 GC heap before
{Heap before GC invocations=15 (full 0):
 garbage-first heap   total 116736K, used 89589K [0x0000000740000000, 0x0000000800000000)
  region size 2048K, 26 young (53248K), 2 survivors (4096K)
 Metaspace       used 53760K, committed 54400K, reserved 704512K
  class space    used 7535K, committed 7808K, reserved 638976K
}
Event: 12.643 GC heap after
{Heap after GC invocations=16 (full 0):
 garbage-first heap   total 116736K, used 45371K [0x0000000740000000, 0x0000000800000000)
  region size 2048K, 4 young (8192K), 4 survivors (8192K)
 Metaspace       used 53760K, committed 54400K, reserved 704512K
  class space    used 7535K, committed 7808K, reserved 638976K
}

