# JRE version: OpenJDK Runtime Environment Microsoft-11369865 (17.0.15+6) (build 17.0.15+6-LTS)
# Java VM: OpenJDK 64-Bit Server VM Microsoft-11369865 (17.0.15+6-LTS, mixed mode, sharing, tiered, compressed oops, compressed class ptrs, g1 gc, windows-amd64)
GC Precious Log:
 CPUs: 12 total, 12 available
 Memory: 7835M
 Large Page Support: Disabled
 NUMA Support: Disabled
 Compressed Oops: Enabled (32-bit)
 Heap Region Size: 1M
 Heap Min Capacity: 256M
 Heap Initial Capacity: 256M
 Heap Max Capacity: 512M
 Pre-touch: Disabled
 Parallel Workers: 10
 Concurrent Workers: 3
 Concurrent Refinement Workers: 10
 Periodic GC: Disabled
Heap:
 garbage-first heap   total 262144K, used 139274K [0x00000000e0000000, 0x0000000100000000)
  region size 1024K, 56 young (57344K), 11 survivors (11264K)
 Metaspace       used 71268K, committed 72000K, reserved 393216K
  class space    used 9851K, committed 10240K, reserved 327680K
GC Heap History (20 events):
Event: 6.363 GC heap before
{Heap before GC invocations=3 (full 0):
 garbage-first heap   total 262144K, used 67007K [0x00000000e0000000, 0x0000000100000000)
  region size 1024K, 56 young (57344K), 11 survivors (11264K)
 Metaspace       used 21212K, committed 21504K, reserved 393216K
  class space    used 3101K, committed 3264K, reserved 327680K
}
Event: 6.369 GC heap after
{Heap after GC invocations=4 (full 0):
 garbage-first heap   total 262144K, used 24701K [0x00000000e0000000, 0x0000000100000000)
  region size 1024K, 13 young (13312K), 13 survivors (13312K)
 Metaspace       used 21212K, committed 21504K, reserved 393216K
  class space    used 3101K, committed 3264K, reserved 327680K
}
Event: 9.283 GC heap before
{Heap before GC invocations=5 (full 0):
 garbage-first heap   total 262144K, used 128125K [0x00000000e0000000, 0x0000000100000000)
  region size 1024K, 116 young (118784K), 13 survivors (13312K)
 Metaspace       used 35586K, committed 35968K, reserved 393216K
  class space    used 5039K, committed 5248K, reserved 327680K
}
Event: 9.297 GC heap after
{Heap after GC invocations=6 (full 0):
 garbage-first heap   total 262144K, used 32926K [0x00000000e0000000, 0x0000000100000000)
  region size 1024K, 11 young (11264K), 11 survivors (11264K)
 Metaspace       used 35586K, committed 35968K, reserved 393216K
  class space    used 5039K, committed 5248K, reserved 327680K
}
Event: 9.329 GC heap before
{Heap before GC invocations=6 (full 0):
 garbage-first heap   total 262144K, used 33950K [0x00000000e0000000, 0x0000000100000000)
  region size 1024K, 12 young (12288K), 11 survivors (11264K)
 Metaspace       used 35660K, committed 36032K, reserved 393216K
  class space    used 5050K, committed 5248K, reserved 327680K
}
Event: 9.337 GC heap after
{Heap after GC invocations=7 (full 0):
 garbage-first heap   total 262144K, used 33334K [0x00000000e0000000, 0x0000000100000000)
  region size 1024K, 2 young (2048K), 2 survivors (2048K)
 Metaspace       used 35660K, committed 36032K, reserved 393216K
  class space    used 5050K, committed 5248K, reserved 327680K
}
Event: 9.579 GC heap before
{Heap before GC invocations=7 (full 0):
 garbage-first heap   total 262144K, used 51766K [0x00000000e0000000, 0x0000000100000000)
  region size 1024K, 21 young (21504K), 2 survivors (2048K)
 Metaspace       used 35868K, committed 36288K, reserved 393216K
  class space    used 5066K, committed 5248K, reserved 327680K
}
Event: 9.582 GC heap after
{Heap after GC invocations=8 (full 0):
 garbage-first heap   total 262144K, used 34332K [0x00000000e0000000, 0x0000000100000000)
  region size 1024K, 3 young (3072K), 3 survivors (3072K)
 Metaspace       used 35868K, committed 36288K, reserved 393216K
  class space    used 5066K, committed 5248K, reserved 327680K
}
Event: 13.767 GC heap before
{Heap before GC invocations=9 (full 0):
 garbage-first heap   total 262144K, used 194076K [0x00000000e0000000, 0x0000000100000000)
  region size 1024K, 153 young (156672K), 3 survivors (3072K)
 Metaspace       used 48010K, committed 48512K, reserved 393216K
  class space    used 6695K, committed 6976K, reserved 327680K
}
Event: 13.781 GC heap after
{Heap after GC invocations=10 (full 0):
 garbage-first heap   total 262144K, used 46825K [0x00000000e0000000, 0x0000000100000000)
  region size 1024K, 15 young (15360K), 15 survivors (15360K)
 Metaspace       used 48010K, committed 48512K, reserved 393216K
  class space    used 6695K, committed 6976K, reserved 327680K
}
Event: 16.416 GC heap before
{Heap before GC invocations=10 (full 0):
 garbage-first heap   total 262144K, used 187113K [0x00000000e0000000, 0x0000000100000000)
  region size 1024K, 153 young (156672K), 15 survivors (15360K)
 Metaspace       used 49099K, committed 49664K, reserved 393216K
  class space    used 6787K, committed 7104K, reserved 327680K
}
Event: 16.430 GC heap after
{Heap after GC invocations=11 (full 0):
 garbage-first heap   total 262144K, used 52487K [0x00000000e0000000, 0x0000000100000000)
  region size 1024K, 7 young (7168K), 7 survivors (7168K)
 Metaspace       used 49099K, committed 49664K, reserved 393216K
  class space    used 6787K, committed 7104K, reserved 327680K
}
Event: 20.159 GC heap before
{Heap before GC invocations=11 (full 0):
 garbage-first heap   total 262144K, used 197895K [0x00000000e0000000, 0x0000000100000000)
  region size 1024K, 149 young (152576K), 7 survivors (7168K)
 Metaspace       used 51434K, committed 52096K, reserved 393216K
  class space    used 7093K, committed 7424K, reserved 327680K
}
Event: 20.171 GC heap after
{Heap after GC invocations=12 (full 0):
 garbage-first heap   total 262144K, used 58941K [0x00000000e0000000, 0x0000000100000000)
  region size 1024K, 13 young (13312K), 13 survivors (13312K)
 Metaspace       used 51434K, committed 52096K, reserved 393216K
  class space    used 7093K, committed 7424K, reserved 327680K
}
Event: 23.288 GC heap before
{Heap before GC invocations=12 (full 0):
 garbage-first heap   total 262144K, used 210493K [0x00000000e0000000, 0x0000000100000000)
  region size 1024K, 153 young (156672K), 13 survivors (13312K)
 Metaspace       used 58644K, committed 59392K, reserved 393216K
  class space    used 8000K, committed 8384K, reserved 327680K
}
Event: 23.303 GC heap after
{Heap after GC invocations=13 (full 0):
 garbage-first heap   total 262144K, used 78899K [0x00000000e0000000, 0x0000000100000000)
  region size 1024K, 20 young (20480K), 20 survivors (20480K)
 Metaspace       used 58644K, committed 59392K, reserved 393216K
  class space    used 8000K, committed 8384K, reserved 327680K
}
Event: 23.779 GC heap before
{Heap before GC invocations=13 (full 0):
 garbage-first heap   total 262144K, used 92211K [0x00000000e0000000, 0x0000000100000000)
  region size 1024K, 34 young (34816K), 20 survivors (20480K)
 Metaspace       used 59922K, committed 60608K, reserved 393216K
  class space    used 8213K, committed 8576K, reserved 327680K
}
Event: 23.796 GC heap after
{Heap after GC invocations=14 (full 0):
 garbage-first heap   total 262144K, used 80619K [0x00000000e0000000, 0x0000000100000000)
  region size 1024K, 3 young (3072K), 3 survivors (3072K)
 Metaspace       used 59922K, committed 60608K, reserved 393216K
  class space    used 8213K, committed 8576K, reserved 327680K
}
Event: 26.639 GC heap before
{Heap before GC invocations=15 (full 0):
 garbage-first heap   total 262144K, used 213739K [0x00000000e0000000, 0x0000000100000000)
  region size 1024K, 128 young (131072K), 3 survivors (3072K)
 Metaspace       used 67948K, committed 68736K, reserved 393216K
  class space    used 9282K, committed 9664K, reserved 327680K
}
Event: 26.647 GC heap after
{Heap after GC invocations=16 (full 0):
 garbage-first heap   total 262144K, used 94218K [0x00000000e0000000, 0x0000000100000000)
  region size 1024K, 11 young (11264K), 11 survivors (11264K)
 Metaspace       used 67948K, committed 68736K, reserved 393216K
  class space    used 9282K, committed 9664K, reserved 327680K
}

