# JRE version: OpenJDK Runtime Environment Microsoft-11369865 (17.0.15+6) (build 17.0.15+6-LTS)
# Java VM: OpenJDK 64-Bit Server VM Microsoft-11369865 (17.0.15+6-LTS, mixed mode, sharing, tiered, compressed oops, compressed class ptrs, g1 gc, windows-amd64)
GC Precious Log:
 CPUs: 12 total, 12 available
 Memory: 7835M
 Large Page Support: Disabled
 NUMA Support: Disabled
 Compressed Oops: Enabled (Zero based)
 Heap Region Size: 2M
 Heap Min Capacity: 8M
 Heap Initial Capacity: 124M
 Heap Max Capacity: 3G
 Pre-touch: Disabled
 Parallel Workers: 10
 Concurrent Workers: 3
 Concurrent Refinement Workers: 10
 Periodic GC: Disabled
Heap:
 garbage-first heap   total 141312K, used 110054K [0x0000000740000000, 0x0000000800000000)
  region size 2048K, 20 young (40960K), 2 survivors (4096K)
 Metaspace       used 76214K, committed 77120K, reserved 770048K
  class space    used 10823K, committed 11264K, reserved 638976K
GC Heap History (20 events):
Event: 7.181 GC heap before
{Heap before GC invocations=11 (full 0):
 garbage-first heap   total 116736K, used 86709K [0x0000000740000000, 0x0000000800000000)
  region size 2048K, 25 young (51200K), 2 survivors (4096K)
 Metaspace       used 47057K, committed 47744K, reserved 704512K
  class space    used 6576K, committed 6912K, reserved 638976K
}
Event: 7.187 GC heap after
{Heap after GC invocations=12 (full 0):
 garbage-first heap   total 116736K, used 43414K [0x0000000740000000, 0x0000000800000000)
  region size 2048K, 2 young (4096K), 2 survivors (4096K)
 Metaspace       used 47057K, committed 47744K, reserved 704512K
  class space    used 6576K, committed 6912K, reserved 638976K
}
Event: 8.186 GC heap before
{Heap before GC invocations=12 (full 0):
 garbage-first heap   total 116736K, used 90518K [0x0000000740000000, 0x0000000800000000)
  region size 2048K, 25 young (51200K), 2 survivors (4096K)
 Metaspace       used 52344K, committed 53056K, reserved 704512K
  class space    used 7340K, committed 7680K, reserved 638976K
}
Event: 8.194 GC heap after
{Heap after GC invocations=13 (full 0):
 garbage-first heap   total 116736K, used 45596K [0x0000000740000000, 0x0000000800000000)
  region size 2048K, 3 young (6144K), 3 survivors (6144K)
 Metaspace       used 52344K, committed 53056K, reserved 704512K
  class space    used 7340K, committed 7680K, reserved 638976K
}
Event: 9.336 GC heap before
{Heap before GC invocations=13 (full 0):
 garbage-first heap   total 116736K, used 92700K [0x0000000740000000, 0x0000000800000000)
  region size 2048K, 26 young (53248K), 3 survivors (6144K)
 Metaspace       used 55256K, committed 55936K, reserved 704512K
  class space    used 7785K, committed 8128K, reserved 638976K
}
Event: 9.343 GC heap after
{Heap after GC invocations=14 (full 0):
 garbage-first heap   total 116736K, used 49590K [0x0000000740000000, 0x0000000800000000)
  region size 2048K, 4 young (8192K), 4 survivors (8192K)
 Metaspace       used 55256K, committed 55936K, reserved 704512K
  class space    used 7785K, committed 8128K, reserved 638976K
}
Event: 10.081 GC heap before
{Heap before GC invocations=14 (full 0):
 garbage-first heap   total 116736K, used 96694K [0x0000000740000000, 0x0000000800000000)
  region size 2048K, 24 young (49152K), 4 survivors (8192K)
 Metaspace       used 56894K, committed 57600K, reserved 704512K
  class space    used 7983K, committed 8320K, reserved 638976K
}
Event: 10.090 GC heap after
{Heap after GC invocations=15 (full 0):
 garbage-first heap   total 116736K, used 62649K [0x0000000740000000, 0x0000000800000000)
  region size 2048K, 3 young (6144K), 3 survivors (6144K)
 Metaspace       used 56894K, committed 57600K, reserved 704512K
  class space    used 7983K, committed 8320K, reserved 638976K
}
Event: 10.559 GC heap before
{Heap before GC invocations=15 (full 0):
 garbage-first heap   total 116736K, used 83129K [0x0000000740000000, 0x0000000800000000)
  region size 2048K, 14 young (28672K), 3 survivors (6144K)
 Metaspace       used 59378K, committed 60096K, reserved 704512K
  class space    used 8298K, committed 8640K, reserved 638976K
}
Event: 10.564 GC heap after
{Heap after GC invocations=16 (full 0):
 garbage-first heap   total 141312K, used 63838K [0x0000000740000000, 0x0000000800000000)
  region size 2048K, 1 young (2048K), 1 survivors (2048K)
 Metaspace       used 59378K, committed 60096K, reserved 704512K
  class space    used 8298K, committed 8640K, reserved 638976K
}
Event: 11.771 GC heap before
{Heap before GC invocations=17 (full 0):
 garbage-first heap   total 141312K, used 112990K [0x0000000740000000, 0x0000000800000000)
  region size 2048K, 25 young (51200K), 1 survivors (2048K)
 Metaspace       used 62848K, committed 63616K, reserved 704512K
  class space    used 8812K, committed 9216K, reserved 638976K
}
Event: 11.775 GC heap after
{Heap after GC invocations=18 (full 0):
 garbage-first heap   total 141312K, used 65055K [0x0000000740000000, 0x0000000800000000)
  region size 2048K, 2 young (4096K), 2 survivors (4096K)
 Metaspace       used 62848K, committed 63616K, reserved 704512K
  class space    used 8812K, committed 9216K, reserved 638976K
}
Event: 12.593 GC heap before
{Heap before GC invocations=18 (full 0):
 garbage-first heap   total 141312K, used 114207K [0x0000000740000000, 0x0000000800000000)
  region size 2048K, 26 young (53248K), 2 survivors (4096K)
 Metaspace       used 65793K, committed 66496K, reserved 704512K
  class space    used 9294K, committed 9664K, reserved 638976K
}
Event: 12.601 GC heap after
{Heap after GC invocations=19 (full 0):
 garbage-first heap   total 141312K, used 66573K [0x0000000740000000, 0x0000000800000000)
  region size 2048K, 3 young (6144K), 3 survivors (6144K)
 Metaspace       used 65793K, committed 66496K, reserved 704512K
  class space    used 9294K, committed 9664K, reserved 638976K
}
Event: 13.693 GC heap before
{Heap before GC invocations=19 (full 0):
 garbage-first heap   total 141312K, used 115725K [0x0000000740000000, 0x0000000800000000)
  region size 2048K, 27 young (55296K), 3 survivors (6144K)
 Metaspace       used 67520K, committed 68288K, reserved 704512K
  class space    used 9527K, committed 9920K, reserved 638976K
}
Event: 13.700 GC heap after
{Heap after GC invocations=20 (full 0):
 garbage-first heap   total 141312K, used 70576K [0x0000000740000000, 0x0000000800000000)
  region size 2048K, 4 young (8192K), 4 survivors (8192K)
 Metaspace       used 67520K, committed 68288K, reserved 704512K
  class space    used 9527K, committed 9920K, reserved 638976K
}
Event: 14.815 GC heap before
{Heap before GC invocations=20 (full 0):
 garbage-first heap   total 141312K, used 113584K [0x0000000740000000, 0x0000000800000000)
  region size 2048K, 26 young (53248K), 4 survivors (8192K)
 Metaspace       used 70089K, committed 70912K, reserved 704512K
  class space    used 9909K, committed 10304K, reserved 638976K
}
Event: 14.821 GC heap after
{Heap after GC invocations=21 (full 0):
 garbage-first heap   total 141312K, used 73803K [0x0000000740000000, 0x0000000800000000)
  region size 2048K, 4 young (8192K), 4 survivors (8192K)
 Metaspace       used 70089K, committed 70912K, reserved 704512K
  class space    used 9909K, committed 10304K, reserved 638976K
}
Event: 15.943 GC heap before
{Heap before GC invocations=21 (full 0):
 garbage-first heap   total 141312K, used 114763K [0x0000000740000000, 0x0000000800000000)
  region size 2048K, 24 young (49152K), 4 survivors (8192K)
 Metaspace       used 73202K, committed 74112K, reserved 704512K
  class space    used 10445K, committed 10880K, reserved 638976K
}
Event: 15.950 GC heap after
{Heap after GC invocations=22 (full 0):
 garbage-first heap   total 141312K, used 77286K [0x0000000740000000, 0x0000000800000000)
  region size 2048K, 2 young (4096K), 2 survivors (4096K)
 Metaspace       used 73202K, committed 74112K, reserved 704512K
  class space    used 10445K, committed 10880K, reserved 638976K
}

