# JRE version: OpenJDK Runtime Environment Microsoft-11369865 (17.0.15+6) (build 17.0.15+6-LTS)
# Java VM: OpenJDK 64-Bit Server VM Microsoft-11369865 (17.0.15+6-LTS, mixed mode, sharing, tiered, compressed oops, compressed class ptrs, g1 gc, windows-amd64)
GC Precious Log:
 CPUs: 12 total, 12 available
 Memory: 7835M
 Large Page Support: Disabled
 NUMA Support: Disabled
 Compressed Oops: Enabled (32-bit)
 Heap Region Size: 1M
 Heap Min Capacity: 256M
 Heap Initial Capacity: 256M
 Heap Max Capacity: 512M
 Pre-touch: Disabled
 Parallel Workers: 10
 Concurrent Workers: 3
 Concurrent Refinement Workers: 10
 Periodic GC: Disabled
Heap:
 garbage-first heap   total 262144K, used 209933K [0x00000000e0000000, 0x0000000100000000)
  region size 1024K, 43 young (44032K), 3 survivors (3072K)
 Metaspace       used 135093K, committed 136704K, reserved 458752K
  class space    used 18356K, committed 19136K, reserved 327680K
GC Heap History (20 events):
Event: 36.028 GC heap before
{Heap before GC invocations=33 (full 0):
 garbage-first heap   total 262144K, used 219057K [0x00000000e0000000, 0x0000000100000000)
  region size 1024K, 77 young (78848K), 2 survivors (2048K)
 Metaspace       used 105013K, committed 106432K, reserved 458752K
  class space    used 14499K, committed 15168K, reserved 327680K
}
Event: 36.032 GC heap after
{Heap after GC invocations=34 (full 0):
 garbage-first heap   total 262144K, used 144024K [0x00000000e0000000, 0x0000000100000000)
  region size 1024K, 4 young (4096K), 4 survivors (4096K)
 Metaspace       used 105013K, committed 106432K, reserved 458752K
  class space    used 14499K, committed 15168K, reserved 327680K
}
Event: 36.751 GC heap before
{Heap before GC invocations=35 (full 0):
 garbage-first heap   total 262144K, used 218776K [0x00000000e0000000, 0x0000000100000000)
  region size 1024K, 78 young (79872K), 4 survivors (4096K)
 Metaspace       used 105239K, committed 106688K, reserved 458752K
  class space    used 14527K, committed 15232K, reserved 327680K
}
Event: 36.755 GC heap after
{Heap after GC invocations=36 (full 0):
 garbage-first heap   total 262144K, used 147568K [0x00000000e0000000, 0x0000000100000000)
  region size 1024K, 7 young (7168K), 7 survivors (7168K)
 Metaspace       used 105239K, committed 106688K, reserved 458752K
  class space    used 14527K, committed 15232K, reserved 327680K
}
Event: 36.842 GC heap before
{Heap before GC invocations=36 (full 0):
 garbage-first heap   total 262144K, used 151664K [0x00000000e0000000, 0x0000000100000000)
  region size 1024K, 12 young (12288K), 7 survivors (7168K)
 Metaspace       used 105313K, committed 106752K, reserved 458752K
  class space    used 14536K, committed 15232K, reserved 327680K
}
Event: 36.849 GC heap after
{Heap after GC invocations=37 (full 0):
 garbage-first heap   total 262144K, used 147104K [0x00000000e0000000, 0x0000000100000000)
  region size 1024K, 2 young (2048K), 2 survivors (2048K)
 Metaspace       used 105313K, committed 106752K, reserved 458752K
  class space    used 14536K, committed 15232K, reserved 327680K
}
Event: 37.511 GC heap before
{Heap before GC invocations=37 (full 0):
 garbage-first heap   total 262144K, used 220832K [0x00000000e0000000, 0x0000000100000000)
  region size 1024K, 74 young (75776K), 2 survivors (2048K)
 Metaspace       used 108301K, committed 109760K, reserved 458752K
  class space    used 14889K, committed 15616K, reserved 327680K
}
Event: 37.513 GC heap after
{Heap after GC invocations=38 (full 0):
 garbage-first heap   total 262144K, used 146911K [0x00000000e0000000, 0x0000000100000000)
  region size 1024K, 2 young (2048K), 2 survivors (2048K)
 Metaspace       used 108301K, committed 109760K, reserved 458752K
  class space    used 14889K, committed 15616K, reserved 327680K
}
Event: 38.985 GC heap before
{Heap before GC invocations=38 (full 0):
 garbage-first heap   total 262144K, used 221663K [0x00000000e0000000, 0x0000000100000000)
  region size 1024K, 76 young (77824K), 2 survivors (2048K)
 Metaspace       used 113731K, committed 115264K, reserved 458752K
  class space    used 15667K, committed 16384K, reserved 327680K
}
Event: 38.990 GC heap after
{Heap after GC invocations=39 (full 0):
 garbage-first heap   total 262144K, used 150047K [0x00000000e0000000, 0x0000000100000000)
  region size 1024K, 5 young (5120K), 5 survivors (5120K)
 Metaspace       used 113731K, committed 115264K, reserved 458752K
  class space    used 15667K, committed 16384K, reserved 327680K
}
Event: 40.745 GC heap before
{Heap before GC invocations=39 (full 0):
 garbage-first heap   total 262144K, used 223775K [0x00000000e0000000, 0x0000000100000000)
  region size 1024K, 77 young (78848K), 5 survivors (5120K)
 Metaspace       used 122192K, committed 123712K, reserved 458752K
  class space    used 16724K, committed 17472K, reserved 327680K
}
Event: 40.751 GC heap after
{Heap after GC invocations=40 (full 0):
 garbage-first heap   total 262144K, used 153388K [0x00000000e0000000, 0x0000000100000000)
  region size 1024K, 8 young (8192K), 8 survivors (8192K)
 Metaspace       used 122192K, committed 123712K, reserved 458752K
  class space    used 16724K, committed 17472K, reserved 327680K
}
Event: 41.399 GC heap before
{Heap before GC invocations=40 (full 0):
 garbage-first heap   total 262144K, used 221996K [0x00000000e0000000, 0x0000000100000000)
  region size 1024K, 76 young (77824K), 8 survivors (8192K)
 Metaspace       used 125030K, committed 126592K, reserved 458752K
  class space    used 17182K, committed 17920K, reserved 327680K
}
Event: 41.408 GC heap after
{Heap after GC invocations=41 (full 0):
 garbage-first heap   total 262144K, used 155674K [0x00000000e0000000, 0x0000000100000000)
  region size 1024K, 7 young (7168K), 7 survivors (7168K)
 Metaspace       used 125030K, committed 126592K, reserved 458752K
  class space    used 17182K, committed 17920K, reserved 327680K
}
Event: 43.389 GC heap before
{Heap before GC invocations=41 (full 0):
 garbage-first heap   total 262144K, used 223258K [0x00000000e0000000, 0x0000000100000000)
  region size 1024K, 73 young (74752K), 7 survivors (7168K)
 Metaspace       used 133837K, committed 135424K, reserved 458752K
  class space    used 18269K, committed 19072K, reserved 327680K
}
Event: 43.402 GC heap after
{Heap after GC invocations=42 (full 0):
 garbage-first heap   total 262144K, used 161192K [0x00000000e0000000, 0x0000000100000000)
  region size 1024K, 9 young (9216K), 9 survivors (9216K)
 Metaspace       used 133837K, committed 135424K, reserved 458752K
  class space    used 18269K, committed 19072K, reserved 327680K
}
Event: 58.947 GC heap before
{Heap before GC invocations=42 (full 0):
 garbage-first heap   total 262144K, used 222632K [0x00000000e0000000, 0x0000000100000000)
  region size 1024K, 69 young (70656K), 9 survivors (9216K)
 Metaspace       used 134973K, committed 136512K, reserved 458752K
  class space    used 18350K, committed 19136K, reserved 327680K
}
Event: 58.961 GC heap after
{Heap after GC invocations=43 (full 0):
 garbage-first heap   total 262144K, used 166559K [0x00000000e0000000, 0x0000000100000000)
  region size 1024K, 5 young (5120K), 5 survivors (5120K)
 Metaspace       used 134973K, committed 136512K, reserved 458752K
  class space    used 18350K, committed 19136K, reserved 327680K
}
Event: 59.058 GC heap before
{Heap before GC invocations=43 (full 0):
 garbage-first heap   total 262144K, used 222879K [0x00000000e0000000, 0x0000000100000000)
  region size 1024K, 60 young (61440K), 5 survivors (5120K)
 Metaspace       used 135101K, committed 136640K, reserved 458752K
  class space    used 18362K, committed 19136K, reserved 327680K
}
Event: 59.064 GC heap after
{Heap after GC invocations=44 (full 0):
 garbage-first heap   total 262144K, used 169997K [0x00000000e0000000, 0x0000000100000000)
  region size 1024K, 3 young (3072K), 3 survivors (3072K)
 Metaspace       used 135101K, committed 136640K, reserved 458752K
  class space    used 18362K, committed 19136K, reserved 327680K
}

