# JRE version: OpenJDK Runtime Environment Microsoft-11369865 (17.0.15+6) (build 17.0.15+6-LTS)
# Java VM: OpenJDK 64-Bit Server VM Microsoft-11369865 (17.0.15+6-LTS, mixed mode, sharing, tiered, compressed oops, compressed class ptrs, g1 gc, windows-amd64)
GC Precious Log:
 CPUs: 12 total, 12 available
 Memory: 7835M
 Large Page Support: Disabled
 NUMA Support: Disabled
 Compressed Oops: Enabled (32-bit)
 Heap Region Size: 1M
 Heap Min Capacity: 256M
 Heap Initial Capacity: 256M
 Heap Max Capacity: 512M
 Pre-touch: Disabled
 Parallel Workers: 10
 Concurrent Workers: 3
 Concurrent Refinement Workers: 10
 Periodic GC: Disabled
Heap:
 garbage-first heap   total 262144K, used 96683K [0x00000000e0000000, 0x0000000100000000)
  region size 1024K, 45 young (46080K), 19 survivors (19456K)
 Metaspace       used 59362K, committed 60032K, reserved 393216K
  class space    used 8169K, committed 8512K, reserved 327680K
GC Heap History (16 events):
Event: 0.677 GC heap before
{Heap before GC invocations=0 (full 0):
 garbage-first heap   total 262144K, used 26624K [0x00000000e0000000, 0x0000000100000000)
  region size 1024K, 23 young (23552K), 0 survivors (0K)
 Metaspace       used 1097K, committed 1216K, reserved 393216K
  class space    used 72K, committed 128K, reserved 327680K
}
Event: 0.680 GC heap after
{Heap after GC invocations=1 (full 0):
 garbage-first heap   total 262144K, used 10347K [0x00000000e0000000, 0x0000000100000000)
  region size 1024K, 3 young (3072K), 3 survivors (3072K)
 Metaspace       used 1097K, committed 1216K, reserved 393216K
  class space    used 72K, committed 128K, reserved 327680K
}
Event: 1.426 GC heap before
{Heap before GC invocations=1 (full 0):
 garbage-first heap   total 262144K, used 40043K [0x00000000e0000000, 0x0000000100000000)
  region size 1024K, 32 young (32768K), 3 survivors (3072K)
 Metaspace       used 4273K, committed 4480K, reserved 393216K
  class space    used 535K, committed 640K, reserved 327680K
}
Event: 1.431 GC heap after
{Heap after GC invocations=2 (full 0):
 garbage-first heap   total 262144K, used 11793K [0x00000000e0000000, 0x0000000100000000)
  region size 1024K, 2 young (2048K), 2 survivors (2048K)
 Metaspace       used 4273K, committed 4480K, reserved 393216K
  class space    used 535K, committed 640K, reserved 327680K
}
Event: 3.610 GC heap before
{Heap before GC invocations=2 (full 0):
 garbage-first heap   total 262144K, used 116241K [0x00000000e0000000, 0x0000000100000000)
  region size 1024K, 102 young (104448K), 2 survivors (2048K)
 Metaspace       used 16354K, committed 16640K, reserved 393216K
  class space    used 2299K, committed 2432K, reserved 327680K
}
Event: 3.618 GC heap after
{Heap after GC invocations=3 (full 0):
 garbage-first heap   total 262144K, used 21669K [0x00000000e0000000, 0x0000000100000000)
  region size 1024K, 11 young (11264K), 11 survivors (11264K)
 Metaspace       used 16354K, committed 16640K, reserved 393216K
  class space    used 2299K, committed 2432K, reserved 327680K
}
Event: 4.570 GC heap before
{Heap before GC invocations=3 (full 0):
 garbage-first heap   total 262144K, used 64677K [0x00000000e0000000, 0x0000000100000000)
  region size 1024K, 54 young (55296K), 11 survivors (11264K)
 Metaspace       used 21216K, committed 21504K, reserved 393216K
  class space    used 3103K, committed 3264K, reserved 327680K
}
Event: 4.577 GC heap after
{Heap after GC invocations=4 (full 0):
 garbage-first heap   total 262144K, used 24883K [0x00000000e0000000, 0x0000000100000000)
  region size 1024K, 12 young (12288K), 12 survivors (12288K)
 Metaspace       used 21216K, committed 21504K, reserved 393216K
  class space    used 3103K, committed 3264K, reserved 327680K
}
Event: 7.063 GC heap before
{Heap before GC invocations=5 (full 0):
 garbage-first heap   total 262144K, used 128307K [0x00000000e0000000, 0x0000000100000000)
  region size 1024K, 115 young (117760K), 12 survivors (12288K)
 Metaspace       used 35581K, committed 35968K, reserved 393216K
  class space    used 5043K, committed 5248K, reserved 327680K
}
Event: 7.076 GC heap after
{Heap after GC invocations=6 (full 0):
 garbage-first heap   total 262144K, used 32413K [0x00000000e0000000, 0x0000000100000000)
  region size 1024K, 11 young (11264K), 11 survivors (11264K)
 Metaspace       used 35581K, committed 35968K, reserved 393216K
  class space    used 5043K, committed 5248K, reserved 327680K
}
Event: 9.937 GC heap before
{Heap before GC invocations=7 (full 0):
 garbage-first heap   total 262144K, used 183965K [0x00000000e0000000, 0x0000000100000000)
  region size 1024K, 153 young (156672K), 11 survivors (11264K)
 Metaspace       used 46187K, committed 46848K, reserved 393216K
  class space    used 6445K, committed 6784K, reserved 327680K
}
Event: 9.950 GC heap after
{Heap after GC invocations=8 (full 0):
 garbage-first heap   total 262144K, used 42318K [0x00000000e0000000, 0x0000000100000000)
  region size 1024K, 20 young (20480K), 20 survivors (20480K)
 Metaspace       used 46187K, committed 46848K, reserved 393216K
  class space    used 6445K, committed 6784K, reserved 327680K
}
Event: 13.559 GC heap before
{Heap before GC invocations=8 (full 0):
 garbage-first heap   total 262144K, used 183630K [0x00000000e0000000, 0x0000000100000000)
  region size 1024K, 153 young (156672K), 20 survivors (20480K)
 Metaspace       used 51145K, committed 51776K, reserved 393216K
  class space    used 7109K, committed 7424K, reserved 327680K
}
Event: 13.576 GC heap after
{Heap after GC invocations=9 (full 0):
 garbage-first heap   total 262144K, used 56468K [0x00000000e0000000, 0x0000000100000000)
  region size 1024K, 10 young (10240K), 10 survivors (10240K)
 Metaspace       used 51145K, committed 51776K, reserved 393216K
  class space    used 7109K, committed 7424K, reserved 327680K
}
Event: 15.941 GC heap before
{Heap before GC invocations=9 (full 0):
 garbage-first heap   total 262144K, used 198804K [0x00000000e0000000, 0x0000000100000000)
  region size 1024K, 145 young (148480K), 10 survivors (10240K)
 Metaspace       used 56893K, committed 57600K, reserved 393216K
  class space    used 7795K, committed 8128K, reserved 327680K
}
Event: 15.951 GC heap after
{Heap after GC invocations=10 (full 0):
 garbage-first heap   total 262144K, used 71083K [0x00000000e0000000, 0x0000000100000000)
  region size 1024K, 19 young (19456K), 19 survivors (19456K)
 Metaspace       used 56893K, committed 57600K, reserved 393216K
  class space    used 7795K, committed 8128K, reserved 327680K
}

