# JRE version: OpenJDK Runtime Environment Microsoft-11369865 (17.0.15+6) (build 17.0.15+6-LTS)
# Java VM: OpenJDK 64-Bit Server VM Microsoft-11369865 (17.0.15+6-LTS, mixed mode, sharing, tiered, compressed oops, compressed class ptrs, g1 gc, windows-amd64)
GC Precious Log:
 CPUs: 12 total, 12 available
 Memory: 7835M
 Large Page Support: Disabled
 NUMA Support: Disabled
 Compressed Oops: Enabled (32-bit)
 Heap Region Size: 1M
 Heap Min Capacity: 8M
 Heap Initial Capacity: 124M
 Heap Max Capacity: 1960M
 Pre-touch: Disabled
 Parallel Workers: 10
 Concurrent Workers: 3
 Concurrent Refinement Workers: 10
 Periodic GC: Disabled
Heap:
 garbage-first heap   total 90112K, used 50306K [0x0000000085800000, 0x0000000100000000)
  region size 1024K, 7 young (7168K), 3 survivors (3072K)
 Metaspace       used 55949K, committed 56192K, reserved 1114112K
  class space    used 6514K, committed 6656K, reserved 1048576K
GC Heap History (20 events):
Event: 19.603 GC heap before
{Heap before GC invocations=6 (full 0):
 garbage-first heap   total 61440K, used 43801K [0x0000000085800000, 0x0000000100000000)
  region size 1024K, 25 young (25600K), 1 survivors (1024K)
 Metaspace       used 32748K, committed 32960K, reserved 1114112K
  class space    used 3994K, committed 4096K, reserved 1048576K
}
Event: 19.614 GC heap after
{Heap after GC invocations=7 (full 0):
 garbage-first heap   total 74752K, used 21121K [0x0000000085800000, 0x0000000100000000)
  region size 1024K, 2 young (2048K), 2 survivors (2048K)
 Metaspace       used 32748K, committed 32960K, reserved 1114112K
  class space    used 3994K, committed 4096K, reserved 1048576K
}
Event: 20.675 GC heap before
{Heap before GC invocations=7 (full 0):
 garbage-first heap   total 74752K, used 54913K [0x0000000085800000, 0x0000000100000000)
  region size 1024K, 34 young (34816K), 2 survivors (2048K)
 Metaspace       used 34005K, committed 34304K, reserved 1114112K
  class space    used 4095K, committed 4224K, reserved 1048576K
}
Event: 20.700 GC heap after
{Heap after GC invocations=8 (full 0):
 garbage-first heap   total 74752K, used 32267K [0x0000000085800000, 0x0000000100000000)
  region size 1024K, 5 young (5120K), 5 survivors (5120K)
 Metaspace       used 34005K, committed 34304K, reserved 1114112K
  class space    used 4095K, committed 4224K, reserved 1048576K
}
Event: 21.640 GC heap before
{Heap before GC invocations=8 (full 0):
 garbage-first heap   total 74752K, used 39435K [0x0000000085800000, 0x0000000100000000)
  region size 1024K, 14 young (14336K), 5 survivors (5120K)
 Metaspace       used 35707K, committed 35968K, reserved 1114112K
  class space    used 4263K, committed 4416K, reserved 1048576K
}
Event: 21.656 GC heap after
{Heap after GC invocations=9 (full 0):
 garbage-first heap   total 74752K, used 34108K [0x0000000085800000, 0x0000000100000000)
  region size 1024K, 2 young (2048K), 2 survivors (2048K)
 Metaspace       used 35707K, committed 35968K, reserved 1114112K
  class space    used 4263K, committed 4416K, reserved 1048576K
}
Event: 25.355 GC heap before
{Heap before GC invocations=10 (full 0):
 garbage-first heap   total 74752K, used 53564K [0x0000000085800000, 0x0000000100000000)
  region size 1024K, 21 young (21504K), 2 survivors (2048K)
 Metaspace       used 41462K, committed 41728K, reserved 1114112K
  class space    used 5033K, committed 5184K, reserved 1048576K
}
Event: 25.367 GC heap after
{Heap after GC invocations=11 (full 0):
 garbage-first heap   total 74752K, used 34909K [0x0000000085800000, 0x0000000100000000)
  region size 1024K, 3 young (3072K), 3 survivors (3072K)
 Metaspace       used 41462K, committed 41728K, reserved 1114112K
  class space    used 5033K, committed 5184K, reserved 1048576K
}
Event: 25.550 GC heap before
{Heap before GC invocations=11 (full 0):
 garbage-first heap   total 74752K, used 35933K [0x0000000085800000, 0x0000000100000000)
  region size 1024K, 4 young (4096K), 3 survivors (3072K)
 Metaspace       used 41547K, committed 41856K, reserved 1114112K
  class space    used 5035K, committed 5184K, reserved 1048576K
}
Event: 25.559 GC heap after
{Heap after GC invocations=12 (full 0):
 garbage-first heap   total 74752K, used 35010K [0x0000000085800000, 0x0000000100000000)
  region size 1024K, 1 young (1024K), 1 survivors (1024K)
 Metaspace       used 41547K, committed 41856K, reserved 1114112K
  class space    used 5035K, committed 5184K, reserved 1048576K
}
Event: 28.770 GC heap before
{Heap before GC invocations=12 (full 0):
 garbage-first heap   total 74752K, used 55490K [0x0000000085800000, 0x0000000100000000)
  region size 1024K, 21 young (21504K), 1 survivors (1024K)
 Metaspace       used 46057K, committed 46272K, reserved 1114112K
  class space    used 5593K, committed 5696K, reserved 1048576K
}
Event: 28.782 GC heap after
{Heap after GC invocations=13 (full 0):
 garbage-first heap   total 74752K, used 36401K [0x0000000085800000, 0x0000000100000000)
  region size 1024K, 2 young (2048K), 2 survivors (2048K)
 Metaspace       used 46057K, committed 46272K, reserved 1114112K
  class space    used 5593K, committed 5696K, reserved 1048576K
}
Event: 31.583 GC heap before
{Heap before GC invocations=14 (full 0):
 garbage-first heap   total 74752K, used 56881K [0x0000000085800000, 0x0000000100000000)
  region size 1024K, 22 young (22528K), 2 survivors (2048K)
 Metaspace       used 48485K, committed 48704K, reserved 1114112K
  class space    used 5903K, committed 6016K, reserved 1048576K
}
Event: 31.611 GC heap after
{Heap after GC invocations=15 (full 0):
 garbage-first heap   total 90112K, used 40960K [0x0000000085800000, 0x0000000100000000)
  region size 1024K, 3 young (3072K), 3 survivors (3072K)
 Metaspace       used 48485K, committed 48704K, reserved 1114112K
  class space    used 5903K, committed 6016K, reserved 1048576K
}
Event: 31.769 GC heap before
{Heap before GC invocations=15 (full 0):
 garbage-first heap   total 90112K, used 41984K [0x0000000085800000, 0x0000000100000000)
  region size 1024K, 4 young (4096K), 3 survivors (3072K)
 Metaspace       used 48519K, committed 48832K, reserved 1114112K
  class space    used 5904K, committed 6016K, reserved 1048576K
}
Event: 31.785 GC heap after
{Heap after GC invocations=16 (full 0):
 garbage-first heap   total 90112K, used 41252K [0x0000000085800000, 0x0000000100000000)
  region size 1024K, 1 young (1024K), 1 survivors (1024K)
 Metaspace       used 48519K, committed 48832K, reserved 1114112K
  class space    used 5904K, committed 6016K, reserved 1048576K
}
Event: 37.057 GC heap before
{Heap before GC invocations=16 (full 0):
 garbage-first heap   total 90112K, used 66852K [0x0000000085800000, 0x0000000100000000)
  region size 1024K, 26 young (26624K), 1 survivors (1024K)
 Metaspace       used 50880K, committed 51136K, reserved 1114112K
  class space    used 6034K, committed 6144K, reserved 1048576K
}
Event: 37.081 GC heap after
{Heap after GC invocations=17 (full 0):
 garbage-first heap   total 90112K, used 44811K [0x0000000085800000, 0x0000000100000000)
  region size 1024K, 4 young (4096K), 4 survivors (4096K)
 Metaspace       used 50880K, committed 51136K, reserved 1114112K
  class space    used 6034K, committed 6144K, reserved 1048576K
}
Event: 45.705 GC heap before
{Heap before GC invocations=18 (full 0):
 garbage-first heap   total 90112K, used 67339K [0x0000000085800000, 0x0000000100000000)
  region size 1024K, 27 young (27648K), 4 survivors (4096K)
 Metaspace       used 55440K, committed 55680K, reserved 1114112K
  class space    used 6459K, committed 6592K, reserved 1048576K
}
Event: 45.766 GC heap after
{Heap after GC invocations=19 (full 0):
 garbage-first heap   total 90112K, used 47234K [0x0000000085800000, 0x0000000100000000)
  region size 1024K, 3 young (3072K), 3 survivors (3072K)
 Metaspace       used 55440K, committed 55680K, reserved 1114112K
  class space    used 6459K, committed 6592K, reserved 1048576K
}

